[0.016s] Invoking command in '/home/jordi/Documents/GitHub/IR2117/ros2_ws/build/examples_topics': CMAKE_PREFIX_PATH=/opt/ros/foxy /usr/bin/cmake --build /home/jordi/Documents/GitHub/IR2117/ros2_ws/build/examples_topics -- -j1 -l1
[0.169s] [ 50%] Built target subscriber
[0.242s] [100%] Built target publisher
[0.274s] Invoked command in '/home/jordi/Documents/GitHub/IR2117/ros2_ws/build/examples_topics' returned '0': CMAKE_PREFIX_PATH=/opt/ros/foxy /usr/bin/cmake --build /home/jordi/Documents/GitHub/IR2117/ros2_ws/build/examples_topics -- -j1 -l1
[0.303s] Invoking command in '/home/jordi/Documents/GitHub/IR2117/ros2_ws/build/examples_topics': CMAKE_PREFIX_PATH=/opt/ros/foxy /usr/bin/cmake --install /home/jordi/Documents/GitHub/IR2117/ros2_ws/build/examples_topics
[0.317s] -- Install configuration: ""
[0.319s] -- Up-to-date: /home/jordi/Documents/GitHub/IR2117/ros2_ws/install/examples_topics/lib/examples_topics/publisher
[0.321s] -- Up-to-date: /home/jordi/Documents/GitHub/IR2117/ros2_ws/install/examples_topics/lib/examples_topics/subscriber
[0.322s] -- Up-to-date: /home/jordi/Documents/GitHub/IR2117/ros2_ws/install/examples_topics/share/ament_index/resource_index/package_run_dependencies/examples_topics
[0.323s] -- Up-to-date: /home/jordi/Documents/GitHub/IR2117/ros2_ws/install/examples_topics/share/ament_index/resource_index/parent_prefix_path/examples_topics
[0.323s] -- Up-to-date: /home/jordi/Documents/GitHub/IR2117/ros2_ws/install/examples_topics/share/examples_topics/environment/ament_prefix_path.sh
[0.324s] -- Up-to-date: /home/jordi/Documents/GitHub/IR2117/ros2_ws/install/examples_topics/share/examples_topics/environment/ament_prefix_path.dsv
[0.325s] -- Up-to-date: /home/jordi/Documents/GitHub/IR2117/ros2_ws/install/examples_topics/share/examples_topics/environment/path.sh
[0.326s] -- Up-to-date: /home/jordi/Documents/GitHub/IR2117/ros2_ws/install/examples_topics/share/examples_topics/environment/path.dsv
[0.326s] -- Up-to-date: /home/jordi/Documents/GitHub/IR2117/ros2_ws/install/examples_topics/share/examples_topics/local_setup.bash
[0.327s] -- Up-to-date: /home/jordi/Documents/GitHub/IR2117/ros2_ws/install/examples_topics/share/examples_topics/local_setup.sh
[0.327s] -- Up-to-date: /home/jordi/Documents/GitHub/IR2117/ros2_ws/install/examples_topics/share/examples_topics/local_setup.zsh
[0.328s] -- Up-to-date: /home/jordi/Documents/GitHub/IR2117/ros2_ws/install/examples_topics/share/examples_topics/local_setup.dsv
[0.329s] -- Installing: /home/jordi/Documents/GitHub/IR2117/ros2_ws/install/examples_topics/share/examples_topics/package.dsv
[0.330s] -- Up-to-date: /home/jordi/Documents/GitHub/IR2117/ros2_ws/install/examples_topics/share/ament_index/resource_index/packages/examples_topics
[0.332s] -- Up-to-date: /home/jordi/Documents/GitHub/IR2117/ros2_ws/install/examples_topics/share/examples_topics/cmake/examples_topicsConfig.cmake
[0.332s] -- Up-to-date: /home/jordi/Documents/GitHub/IR2117/ros2_ws/install/examples_topics/share/examples_topics/cmake/examples_topicsConfig-version.cmake
[0.333s] -- Up-to-date: /home/jordi/Documents/GitHub/IR2117/ros2_ws/install/examples_topics/share/examples_topics/package.xml
[0.342s] Invoked command in '/home/jordi/Documents/GitHub/IR2117/ros2_ws/build/examples_topics' returned '0': CMAKE_PREFIX_PATH=/opt/ros/foxy /usr/bin/cmake --install /home/jordi/Documents/GitHub/IR2117/ros2_ws/build/examples_topics
