[0.051s] Invoking command in '/home/jab/Documentos/GitHub/IR2117/tb3_ws/build/obstacles': /usr/bin/cmake /home/jab/Documentos/GitHub/IR2117/tb3_ws/src/obstacles -DCMAKE_INSTALL_PREFIX=/home/jab/Documentos/GitHub/IR2117/tb3_ws/install/obstacles
[0.135s] -- The C compiler identification is GNU 9.4.0
[0.228s] -- The CXX compiler identification is GNU 9.4.0
[0.234s] -- Check for working C compiler: /usr/bin/cc
[0.342s] -- Check for working C compiler: /usr/bin/cc -- works
[0.344s] -- Detecting C compiler ABI info
[0.461s] -- Detecting C compiler ABI info - done
[0.485s] -- Detecting C compile features
[0.486s] -- Detecting C compile features - done
[0.491s] -- Check for working CXX compiler: /usr/bin/c++
[0.603s] -- Check for working CXX compiler: /usr/bin/c++ -- works
[0.606s] -- Detecting CXX compiler ABI info
[0.743s] -- Detecting CXX compiler ABI info - done
[0.771s] -- Detecting CXX compile features
[0.772s] -- Detecting CXX compile features - done
[0.797s] CMake Error at CMakeLists.txt:19 (find_package):
[0.797s]   By not providing "Findament_cmake.cmake" in CMAKE_MODULE_PATH this project
[0.797s]   has asked CMake to find a package configuration file provided by
[0.798s]   "ament_cmake", but CMake did not find one.
[0.798s] 
[0.798s]   Could not find a package configuration file provided by "ament_cmake" with
[0.798s]   any of the following names:
[0.798s] 
[0.798s]     ament_cmakeConfig.cmake
[0.798s]     ament_cmake-config.cmake
[0.798s] 
[0.798s]   Add the installation prefix of "ament_cmake" to CMAKE_PREFIX_PATH or set
[0.798s]   "ament_cmake_DIR" to a directory containing one of the above files.  If
[0.799s]   "ament_cmake" provides a separate development package or SDK, be sure it
[0.799s]   has been installed.
[0.799s] 
[0.799s] 
[0.799s] -- Configuring incomplete, errors occurred!
[0.799s] See also "/home/jab/Documentos/GitHub/IR2117/tb3_ws/build/obstacles/CMakeFiles/CMakeOutput.log".
