[0.083s] Invoking command in '/home/jab/Documentos/GitHub/IR2117/tb3_ws/build/obstacles': CMAKE_PREFIX_PATH=${CMAKE_PREFIX_PATH}:/opt/ros/foxy /usr/bin/cmake --build /home/jab/Documentos/GitHub/IR2117/tb3_ws/build/obstacles -- -j4 -l4
[0.153s] [35m[1mScanning dependencies of target detector[0m
[0.198s] [ 25%] [32mBuilding CXX object CMakeFiles/detector.dir/src/detector.cpp.o[0m
[0.202s] [ 75%] Built target avoidance
[6.681s] [100%] [32m[1mLinking CXX executable detector[0m
[7.009s] [100%] Built target detector
[7.023s] Invoked command in '/home/jab/Documentos/GitHub/IR2117/tb3_ws/build/obstacles' returned '0': CMAKE_PREFIX_PATH=${CMAKE_PREFIX_PATH}:/opt/ros/foxy /usr/bin/cmake --build /home/jab/Documentos/GitHub/IR2117/tb3_ws/build/obstacles -- -j4 -l4
[7.056s] Invoking command in '/home/jab/Documentos/GitHub/IR2117/tb3_ws/build/obstacles': CMAKE_PREFIX_PATH=${CMAKE_PREFIX_PATH}:/opt/ros/foxy /usr/bin/cmake --install /home/jab/Documentos/GitHub/IR2117/tb3_ws/build/obstacles
[7.066s] -- Install configuration: ""
[7.066s] -- Installing: /home/jab/Documentos/GitHub/IR2117/tb3_ws/install/obstacles/lib/obstacles/detector
[7.069s] -- Set runtime path of "/home/jab/Documentos/GitHub/IR2117/tb3_ws/install/obstacles/lib/obstacles/detector" to ""
[7.070s] -- Up-to-date: /home/jab/Documentos/GitHub/IR2117/tb3_ws/install/obstacles/lib/obstacles/avoidance
[7.070s] -- Up-to-date: /home/jab/Documentos/GitHub/IR2117/tb3_ws/install/obstacles/share/obstacles/launch
[7.070s] -- Up-to-date: /home/jab/Documentos/GitHub/IR2117/tb3_ws/install/obstacles/share/obstacles/launch/triple_detector.launch.py
[7.070s] -- Up-to-date: /home/jab/Documentos/GitHub/IR2117/tb3_ws/install/obstacles/share/obstacles/launch/detector_test.launch.py
[7.071s] -- Up-to-date: /home/jab/Documentos/GitHub/IR2117/tb3_ws/install/obstacles/share/ament_index/resource_index/package_run_dependencies/obstacles
[7.071s] -- Up-to-date: /home/jab/Documentos/GitHub/IR2117/tb3_ws/install/obstacles/share/ament_index/resource_index/parent_prefix_path/obstacles
[7.071s] -- Up-to-date: /home/jab/Documentos/GitHub/IR2117/tb3_ws/install/obstacles/share/obstacles/environment/ament_prefix_path.sh
[7.071s] -- Up-to-date: /home/jab/Documentos/GitHub/IR2117/tb3_ws/install/obstacles/share/obstacles/environment/ament_prefix_path.dsv
[7.072s] -- Up-to-date: /home/jab/Documentos/GitHub/IR2117/tb3_ws/install/obstacles/share/obstacles/environment/path.sh
[7.072s] -- Up-to-date: /home/jab/Documentos/GitHub/IR2117/tb3_ws/install/obstacles/share/obstacles/environment/path.dsv
[7.072s] -- Up-to-date: /home/jab/Documentos/GitHub/IR2117/tb3_ws/install/obstacles/share/obstacles/local_setup.bash
[7.072s] -- Up-to-date: /home/jab/Documentos/GitHub/IR2117/tb3_ws/install/obstacles/share/obstacles/local_setup.sh
[7.072s] -- Up-to-date: /home/jab/Documentos/GitHub/IR2117/tb3_ws/install/obstacles/share/obstacles/local_setup.zsh
[7.072s] -- Up-to-date: /home/jab/Documentos/GitHub/IR2117/tb3_ws/install/obstacles/share/obstacles/local_setup.dsv
[7.073s] -- Installing: /home/jab/Documentos/GitHub/IR2117/tb3_ws/install/obstacles/share/obstacles/package.dsv
[7.073s] -- Up-to-date: /home/jab/Documentos/GitHub/IR2117/tb3_ws/install/obstacles/share/ament_index/resource_index/packages/obstacles
[7.073s] -- Up-to-date: /home/jab/Documentos/GitHub/IR2117/tb3_ws/install/obstacles/share/obstacles/cmake/obstaclesConfig.cmake
[7.073s] -- Up-to-date: /home/jab/Documentos/GitHub/IR2117/tb3_ws/install/obstacles/share/obstacles/cmake/obstaclesConfig-version.cmake
[7.073s] -- Up-to-date: /home/jab/Documentos/GitHub/IR2117/tb3_ws/install/obstacles/share/obstacles/package.xml
[7.079s] Invoked command in '/home/jab/Documentos/GitHub/IR2117/tb3_ws/build/obstacles' returned '0': CMAKE_PREFIX_PATH=${CMAKE_PREFIX_PATH}:/opt/ros/foxy /usr/bin/cmake --install /home/jab/Documentos/GitHub/IR2117/tb3_ws/build/obstacles
