[0.076s] Invoking command in '/home/jab/Documentos/GitHub/IR2117/tb3_ws/build/obstacles': CMAKE_PREFIX_PATH=${CMAKE_PREFIX_PATH}:/opt/ros/foxy /usr/bin/cmake --build /home/jab/Documentos/GitHub/IR2117/tb3_ws/build/obstacles -- -j4 -l4
[0.163s] [35m[1mScanning dependencies of target avoidance[0m
[0.165s] [35m[1mScanning dependencies of target detector[0m
[0.229s] [ 25%] [32mBuilding CXX object CMakeFiles/avoidance.dir/src/avoidance.cpp.o[0m
[0.275s] [ 50%] [32mBuilding CXX object CMakeFiles/detector.dir/src/detector.cpp.o[0m
[9.693s] [ 75%] [32m[1mLinking CXX executable avoidance[0m
[10.182s] [ 75%] Built target avoidance
[11.068s] [100%] [32m[1mLinking CXX executable detector[0m
[11.514s] [100%] Built target detector
[11.530s] Invoked command in '/home/jab/Documentos/GitHub/IR2117/tb3_ws/build/obstacles' returned '0': CMAKE_PREFIX_PATH=${CMAKE_PREFIX_PATH}:/opt/ros/foxy /usr/bin/cmake --build /home/jab/Documentos/GitHub/IR2117/tb3_ws/build/obstacles -- -j4 -l4
[11.566s] Invoking command in '/home/jab/Documentos/GitHub/IR2117/tb3_ws/build/obstacles': CMAKE_PREFIX_PATH=${CMAKE_PREFIX_PATH}:/opt/ros/foxy /usr/bin/cmake --install /home/jab/Documentos/GitHub/IR2117/tb3_ws/build/obstacles
[11.580s] -- Install configuration: ""
[11.581s] -- Installing: /home/jab/Documentos/GitHub/IR2117/tb3_ws/install/obstacles/lib/obstacles/detector
[11.583s] -- Set runtime path of "/home/jab/Documentos/GitHub/IR2117/tb3_ws/install/obstacles/lib/obstacles/detector" to ""
[11.583s] -- Installing: /home/jab/Documentos/GitHub/IR2117/tb3_ws/install/obstacles/lib/obstacles/avoidance
[11.590s] -- Set runtime path of "/home/jab/Documentos/GitHub/IR2117/tb3_ws/install/obstacles/lib/obstacles/avoidance" to ""
[11.590s] -- Up-to-date: /home/jab/Documentos/GitHub/IR2117/tb3_ws/install/obstacles/share/obstacles/launch
[11.590s] -- Installing: /home/jab/Documentos/GitHub/IR2117/tb3_ws/install/obstacles/share/obstacles/launch/triple_detector.launch.py
[11.590s] -- Up-to-date: /home/jab/Documentos/GitHub/IR2117/tb3_ws/install/obstacles/share/obstacles/launch/detector_test.launch.py
[11.590s] -- Up-to-date: /home/jab/Documentos/GitHub/IR2117/tb3_ws/install/obstacles/share/ament_index/resource_index/package_run_dependencies/obstacles
[11.591s] -- Up-to-date: /home/jab/Documentos/GitHub/IR2117/tb3_ws/install/obstacles/share/ament_index/resource_index/parent_prefix_path/obstacles
[11.591s] -- Up-to-date: /home/jab/Documentos/GitHub/IR2117/tb3_ws/install/obstacles/share/obstacles/environment/ament_prefix_path.sh
[11.591s] -- Up-to-date: /home/jab/Documentos/GitHub/IR2117/tb3_ws/install/obstacles/share/obstacles/environment/ament_prefix_path.dsv
[11.591s] -- Up-to-date: /home/jab/Documentos/GitHub/IR2117/tb3_ws/install/obstacles/share/obstacles/environment/path.sh
[11.591s] -- Up-to-date: /home/jab/Documentos/GitHub/IR2117/tb3_ws/install/obstacles/share/obstacles/environment/path.dsv
[11.591s] -- Up-to-date: /home/jab/Documentos/GitHub/IR2117/tb3_ws/install/obstacles/share/obstacles/local_setup.bash
[11.591s] -- Up-to-date: /home/jab/Documentos/GitHub/IR2117/tb3_ws/install/obstacles/share/obstacles/local_setup.sh
[11.591s] -- Up-to-date: /home/jab/Documentos/GitHub/IR2117/tb3_ws/install/obstacles/share/obstacles/local_setup.zsh
[11.591s] -- Up-to-date: /home/jab/Documentos/GitHub/IR2117/tb3_ws/install/obstacles/share/obstacles/local_setup.dsv
[11.591s] -- Installing: /home/jab/Documentos/GitHub/IR2117/tb3_ws/install/obstacles/share/obstacles/package.dsv
[11.591s] -- Up-to-date: /home/jab/Documentos/GitHub/IR2117/tb3_ws/install/obstacles/share/ament_index/resource_index/packages/obstacles
[11.592s] -- Up-to-date: /home/jab/Documentos/GitHub/IR2117/tb3_ws/install/obstacles/share/obstacles/cmake/obstaclesConfig.cmake
[11.592s] -- Up-to-date: /home/jab/Documentos/GitHub/IR2117/tb3_ws/install/obstacles/share/obstacles/cmake/obstaclesConfig-version.cmake
[11.592s] -- Up-to-date: /home/jab/Documentos/GitHub/IR2117/tb3_ws/install/obstacles/share/obstacles/package.xml
[11.598s] Invoked command in '/home/jab/Documentos/GitHub/IR2117/tb3_ws/build/obstacles' returned '0': CMAKE_PREFIX_PATH=${CMAKE_PREFIX_PATH}:/opt/ros/foxy /usr/bin/cmake --install /home/jab/Documentos/GitHub/IR2117/tb3_ws/build/obstacles
