[0.542s] DEBUG:colcon:Command line arguments: ['/usr/bin/colcon', 'build']
[0.542s] DEBUG:colcon:Parsed command line arguments: Namespace(allow_overriding=[], ament_cmake_args=None, base_paths=['.'], build_base='build', catkin_cmake_args=None, catkin_skip_building_tests=False, cmake_args=None, cmake_clean_cache=False, cmake_clean_first=False, cmake_force_configure=False, cmake_target=None, cmake_target_skip_unavailable=False, continue_on_error=False, event_handlers=None, executor='parallel', ignore_user_meta=False, install_base='install', log_base=None, log_level=None, main=<bound method BuildVerb.main of <colcon_core.verb.build.BuildVerb object at 0x7ff7ea288d60>>, merge_install=False, metas=['./colcon.meta'], packages_above=None, packages_above_and_dependencies=None, packages_above_depth=None, packages_end=None, packages_ignore=None, packages_ignore_regex=None, packages_select=None, packages_select_build_failed=False, packages_select_by_dep=None, packages_select_regex=None, packages_select_test_failures=False, packages_skip=None, packages_skip_build_finished=False, packages_skip_by_dep=None, packages_skip_regex=None, packages_skip_test_passed=False, packages_skip_up_to=None, packages_start=None, packages_up_to=None, packages_up_to_regex=None, parallel_workers=1, paths=None, symlink_install=False, test_result_base=None, verb_extension=<colcon_core.verb.build.BuildVerb object at 0x7ff7ea288d60>, verb_name='build', verb_parser=<colcon_defaults.argument_parser.defaults.DefaultArgumentsDecorator object at 0x7ff7ea293310>)
[0.596s] Level 1:colcon.colcon_core.package_discovery:discover_packages(colcon_meta) check parameters
[0.597s] Level 1:colcon.colcon_core.package_discovery:discover_packages(recursive) check parameters
[0.597s] Level 1:colcon.colcon_core.package_discovery:discover_packages(ignore) check parameters
[0.597s] Level 1:colcon.colcon_core.package_discovery:discover_packages(path) check parameters
[0.597s] Level 1:colcon.colcon_core.package_discovery:discover_packages(colcon_meta) discover
[0.597s] Level 1:colcon.colcon_core.package_discovery:discover_packages(recursive) discover
[0.597s] INFO:colcon.colcon_core.package_discovery:Crawling recursively for packages in '/home/jordi/Documents/GitHub/IR2117/tb3_ws'
[0.597s] Level 1:colcon.colcon_core.package_identification:_identify(.) by extensions ['ignore', 'ignore_ament_install']
[0.597s] Level 1:colcon.colcon_core.package_identification:_identify(.) by extension 'ignore'
[0.597s] Level 1:colcon.colcon_core.package_identification:_identify(.) by extension 'ignore_ament_install'
[0.597s] Level 1:colcon.colcon_core.package_identification:_identify(.) by extensions ['colcon_pkg']
[0.597s] Level 1:colcon.colcon_core.package_identification:_identify(.) by extension 'colcon_pkg'
[0.597s] Level 1:colcon.colcon_core.package_identification:_identify(.) by extensions ['colcon_meta']
[0.597s] Level 1:colcon.colcon_core.package_identification:_identify(.) by extension 'colcon_meta'
[0.597s] Level 1:colcon.colcon_core.package_identification:_identify(.) by extensions ['ros']
[0.597s] Level 1:colcon.colcon_core.package_identification:_identify(.) by extension 'ros'
[0.634s] Level 1:colcon.colcon_core.package_identification:_identify(.) by extensions ['cmake', 'python']
[0.634s] Level 1:colcon.colcon_core.package_identification:_identify(.) by extension 'cmake'
[0.634s] Level 1:colcon.colcon_core.package_identification:_identify(.) by extension 'python'
[0.634s] Level 1:colcon.colcon_core.package_identification:_identify(.) by extensions ['python_setup_py']
[0.634s] Level 1:colcon.colcon_core.package_identification:_identify(.) by extension 'python_setup_py'
[0.634s] Level 1:colcon.colcon_core.package_identification:_identify(build) by extensions ['ignore', 'ignore_ament_install']
[0.634s] Level 1:colcon.colcon_core.package_identification:_identify(build) by extension 'ignore'
[0.634s] Level 1:colcon.colcon_core.package_identification:_identify(build) ignored
[0.634s] Level 1:colcon.colcon_core.package_identification:_identify(install) by extensions ['ignore', 'ignore_ament_install']
[0.635s] Level 1:colcon.colcon_core.package_identification:_identify(install) by extension 'ignore'
[0.635s] Level 1:colcon.colcon_core.package_identification:_identify(install) ignored
[0.635s] Level 1:colcon.colcon_core.package_identification:_identify(log) by extensions ['ignore', 'ignore_ament_install']
[0.635s] Level 1:colcon.colcon_core.package_identification:_identify(log) by extension 'ignore'
[0.635s] Level 1:colcon.colcon_core.package_identification:_identify(log) ignored
[0.655s] Level 1:colcon.colcon_core.package_identification:_identify(src) by extensions ['ignore', 'ignore_ament_install']
[0.655s] Level 1:colcon.colcon_core.package_identification:_identify(src) by extension 'ignore'
[0.656s] Level 1:colcon.colcon_core.package_identification:_identify(src) by extension 'ignore_ament_install'
[0.656s] Level 1:colcon.colcon_core.package_identification:_identify(src) by extensions ['colcon_pkg']
[0.656s] Level 1:colcon.colcon_core.package_identification:_identify(src) by extension 'colcon_pkg'
[0.656s] Level 1:colcon.colcon_core.package_identification:_identify(src) by extensions ['colcon_meta']
[0.656s] Level 1:colcon.colcon_core.package_identification:_identify(src) by extension 'colcon_meta'
[0.656s] Level 1:colcon.colcon_core.package_identification:_identify(src) by extensions ['ros']
[0.656s] Level 1:colcon.colcon_core.package_identification:_identify(src) by extension 'ros'
[0.656s] Level 1:colcon.colcon_core.package_identification:_identify(src) by extensions ['cmake', 'python']
[0.656s] Level 1:colcon.colcon_core.package_identification:_identify(src) by extension 'cmake'
[0.656s] Level 1:colcon.colcon_core.package_identification:_identify(src) by extension 'python'
[0.656s] Level 1:colcon.colcon_core.package_identification:_identify(src) by extensions ['python_setup_py']
[0.656s] Level 1:colcon.colcon_core.package_identification:_identify(src) by extension 'python_setup_py'
[0.656s] Level 1:colcon.colcon_core.package_identification:_identify(src/build) by extensions ['ignore', 'ignore_ament_install']
[0.656s] Level 1:colcon.colcon_core.package_identification:_identify(src/build) by extension 'ignore'
[0.656s] Level 1:colcon.colcon_core.package_identification:_identify(src/build) ignored
[0.656s] Level 1:colcon.colcon_core.package_identification:_identify(src/install) by extensions ['ignore', 'ignore_ament_install']
[0.656s] Level 1:colcon.colcon_core.package_identification:_identify(src/install) by extension 'ignore'
[0.657s] Level 1:colcon.colcon_core.package_identification:_identify(src/install) ignored
[0.657s] Level 1:colcon.colcon_core.package_identification:_identify(src/log) by extensions ['ignore', 'ignore_ament_install']
[0.657s] Level 1:colcon.colcon_core.package_identification:_identify(src/log) by extension 'ignore'
[0.657s] Level 1:colcon.colcon_core.package_identification:_identify(src/log) ignored
[0.657s] Level 1:colcon.colcon_core.package_identification:_identify(src/robot_trajectory) by extensions ['ignore', 'ignore_ament_install']
[0.657s] Level 1:colcon.colcon_core.package_identification:_identify(src/robot_trajectory) by extension 'ignore'
[0.657s] Level 1:colcon.colcon_core.package_identification:_identify(src/robot_trajectory) by extension 'ignore_ament_install'
[0.657s] Level 1:colcon.colcon_core.package_identification:_identify(src/robot_trajectory) by extensions ['colcon_pkg']
[0.657s] Level 1:colcon.colcon_core.package_identification:_identify(src/robot_trajectory) by extension 'colcon_pkg'
[0.657s] Level 1:colcon.colcon_core.package_identification:_identify(src/robot_trajectory) by extensions ['colcon_meta']
[0.657s] Level 1:colcon.colcon_core.package_identification:_identify(src/robot_trajectory) by extension 'colcon_meta'
[0.657s] Level 1:colcon.colcon_core.package_identification:_identify(src/robot_trajectory) by extensions ['ros']
[0.657s] Level 1:colcon.colcon_core.package_identification:_identify(src/robot_trajectory) by extension 'ros'
[0.660s] DEBUG:colcon.colcon_core.package_identification:Package 'src/robot_trajectory' with type 'ros.ament_cmake' and name 'robot_trajectory'
[0.660s] Level 1:colcon.colcon_core.package_discovery:discover_packages(recursive) using defaults
[0.660s] Level 1:colcon.colcon_core.package_discovery:discover_packages(ignore) discover
[0.660s] Level 1:colcon.colcon_core.package_discovery:discover_packages(ignore) using defaults
[0.660s] Level 1:colcon.colcon_core.package_discovery:discover_packages(path) discover
[0.660s] Level 1:colcon.colcon_core.package_discovery:discover_packages(path) using defaults
[0.687s] Level 1:colcon.colcon_core.package_discovery:discover_packages(prefix_path) check parameters
[0.687s] Level 1:colcon.colcon_core.package_discovery:discover_packages(prefix_path) discover
[0.707s] DEBUG:colcon.colcon_installed_package_information.package_discovery:Found 1 installed packages in /home/jordi/Documents/GitHub/IR2117/tb3_ws/install
[0.709s] DEBUG:colcon.colcon_installed_package_information.package_discovery:Found 266 installed packages in /opt/ros/foxy
[0.711s] Level 1:colcon.colcon_core.package_discovery:discover_packages(prefix_path) using defaults
[0.836s] Level 5:colcon.colcon_core.verb:set package 'robot_trajectory' build argument 'cmake_args' from command line to 'None'
[0.836s] Level 5:colcon.colcon_core.verb:set package 'robot_trajectory' build argument 'cmake_target' from command line to 'None'
[0.836s] Level 5:colcon.colcon_core.verb:set package 'robot_trajectory' build argument 'cmake_target_skip_unavailable' from command line to 'False'
[0.836s] Level 5:colcon.colcon_core.verb:set package 'robot_trajectory' build argument 'cmake_clean_cache' from command line to 'False'
[0.836s] Level 5:colcon.colcon_core.verb:set package 'robot_trajectory' build argument 'cmake_clean_first' from command line to 'False'
[0.836s] Level 5:colcon.colcon_core.verb:set package 'robot_trajectory' build argument 'cmake_force_configure' from command line to 'False'
[0.836s] Level 5:colcon.colcon_core.verb:set package 'robot_trajectory' build argument 'ament_cmake_args' from command line to 'None'
[0.836s] Level 5:colcon.colcon_core.verb:set package 'robot_trajectory' build argument 'catkin_cmake_args' from command line to 'None'
[0.836s] Level 5:colcon.colcon_core.verb:set package 'robot_trajectory' build argument 'catkin_skip_building_tests' from command line to 'False'
[0.836s] DEBUG:colcon.colcon_core.verb:Building package 'robot_trajectory' with the following arguments: {'ament_cmake_args': None, 'build_base': '/home/jordi/Documents/GitHub/IR2117/tb3_ws/build/robot_trajectory', 'catkin_cmake_args': None, 'catkin_skip_building_tests': False, 'cmake_args': None, 'cmake_clean_cache': False, 'cmake_clean_first': False, 'cmake_force_configure': False, 'cmake_target': None, 'cmake_target_skip_unavailable': False, 'install_base': '/home/jordi/Documents/GitHub/IR2117/tb3_ws/install/robot_trajectory', 'merge_install': False, 'path': '/home/jordi/Documents/GitHub/IR2117/tb3_ws/src/robot_trajectory', 'symlink_install': False, 'test_result_base': None}
[0.837s] INFO:colcon.colcon_core.executor:Executing jobs using 'parallel' executor
[0.840s] DEBUG:colcon.colcon_parallel_executor.executor.parallel:run_until_complete
[0.840s] INFO:colcon.colcon_ros.task.ament_cmake.build:Building ROS package in '/home/jordi/Documents/GitHub/IR2117/tb3_ws/src/robot_trajectory' with build type 'ament_cmake'
[0.840s] INFO:colcon.colcon_cmake.task.cmake.build:Building CMake package in '/home/jordi/Documents/GitHub/IR2117/tb3_ws/src/robot_trajectory'
[0.848s] INFO:colcon.colcon_core.plugin_system:Skipping extension 'colcon_core.shell.bat': Not used on non-Windows systems
[0.849s] INFO:colcon.colcon_core.shell:Skip shell extension 'powershell' for command environment: Not usable outside of PowerShell
[0.849s] DEBUG:colcon.colcon_core.shell:Skip shell extension 'dsv' for command environment
[0.882s] DEBUG:colcon.colcon_core.event_handler.log_command:Invoking command in '/home/jordi/Documents/GitHub/IR2117/tb3_ws/build/robot_trajectory': CMAKE_PREFIX_PATH=${CMAKE_PREFIX_PATH}:/opt/ros/foxy /usr/bin/cmake --build /home/jordi/Documents/GitHub/IR2117/tb3_ws/build/robot_trajectory -- -j1 -l1
[13.352s] DEBUG:colcon.colcon_core.event_handler.log_command:Invoked command in '/home/jordi/Documents/GitHub/IR2117/tb3_ws/build/robot_trajectory' returned '0': CMAKE_PREFIX_PATH=${CMAKE_PREFIX_PATH}:/opt/ros/foxy /usr/bin/cmake --build /home/jordi/Documents/GitHub/IR2117/tb3_ws/build/robot_trajectory -- -j1 -l1
[13.477s] DEBUG:colcon.colcon_core.event_handler.log_command:Invoking command in '/home/jordi/Documents/GitHub/IR2117/tb3_ws/build/robot_trajectory': CMAKE_PREFIX_PATH=${CMAKE_PREFIX_PATH}:/opt/ros/foxy /usr/bin/cmake --install /home/jordi/Documents/GitHub/IR2117/tb3_ws/build/robot_trajectory
[13.517s] Level 1:colcon.colcon_core.environment:create_environment_scripts_only(robot_trajectory)
[13.532s] Level 1:colcon.colcon_core.environment:checking '/home/jordi/Documents/GitHub/IR2117/tb3_ws/install/robot_trajectory' for CMake module files
[13.532s] DEBUG:colcon.colcon_core.event_handler.log_command:Invoked command in '/home/jordi/Documents/GitHub/IR2117/tb3_ws/build/robot_trajectory' returned '0': CMAKE_PREFIX_PATH=${CMAKE_PREFIX_PATH}:/opt/ros/foxy /usr/bin/cmake --install /home/jordi/Documents/GitHub/IR2117/tb3_ws/build/robot_trajectory
[13.534s] Level 1:colcon.colcon_core.environment:checking '/home/jordi/Documents/GitHub/IR2117/tb3_ws/install/robot_trajectory' for CMake config files
[13.534s] Level 1:colcon.colcon_core.shell:create_environment_hook('robot_trajectory', 'cmake_prefix_path')
[13.535s] INFO:colcon.colcon_core.shell:Creating environment hook '/home/jordi/Documents/GitHub/IR2117/tb3_ws/install/robot_trajectory/share/robot_trajectory/hook/cmake_prefix_path.ps1'
[13.536s] INFO:colcon.colcon_core.shell:Creating environment descriptor '/home/jordi/Documents/GitHub/IR2117/tb3_ws/install/robot_trajectory/share/robot_trajectory/hook/cmake_prefix_path.dsv'
[13.540s] INFO:colcon.colcon_core.shell:Creating environment hook '/home/jordi/Documents/GitHub/IR2117/tb3_ws/install/robot_trajectory/share/robot_trajectory/hook/cmake_prefix_path.sh'
[13.544s] Level 1:colcon.colcon_core.environment:checking '/home/jordi/Documents/GitHub/IR2117/tb3_ws/install/robot_trajectory/lib'
[13.544s] Level 1:colcon.colcon_core.environment:checking '/home/jordi/Documents/GitHub/IR2117/tb3_ws/install/robot_trajectory/bin'
[13.544s] Level 1:colcon.colcon_core.environment:checking '/home/jordi/Documents/GitHub/IR2117/tb3_ws/install/robot_trajectory/lib/pkgconfig/robot_trajectory.pc'
[13.544s] Level 1:colcon.colcon_core.environment:checking '/home/jordi/Documents/GitHub/IR2117/tb3_ws/install/robot_trajectory/lib/python3.8/site-packages'
[13.544s] Level 1:colcon.colcon_core.environment:checking '/home/jordi/Documents/GitHub/IR2117/tb3_ws/install/robot_trajectory/bin'
[13.546s] INFO:colcon.colcon_core.shell:Creating package script '/home/jordi/Documents/GitHub/IR2117/tb3_ws/install/robot_trajectory/share/robot_trajectory/package.ps1'
[13.546s] INFO:colcon.colcon_core.shell:Creating package descriptor '/home/jordi/Documents/GitHub/IR2117/tb3_ws/install/robot_trajectory/share/robot_trajectory/package.dsv'
[13.556s] INFO:colcon.colcon_core.shell:Creating package script '/home/jordi/Documents/GitHub/IR2117/tb3_ws/install/robot_trajectory/share/robot_trajectory/package.sh'
[13.557s] INFO:colcon.colcon_core.shell:Creating package script '/home/jordi/Documents/GitHub/IR2117/tb3_ws/install/robot_trajectory/share/robot_trajectory/package.bash'
[13.558s] INFO:colcon.colcon_core.shell:Creating package script '/home/jordi/Documents/GitHub/IR2117/tb3_ws/install/robot_trajectory/share/robot_trajectory/package.zsh'
[13.559s] Level 1:colcon.colcon_core.environment:create_file_with_runtime_dependencies(/home/jordi/Documents/GitHub/IR2117/tb3_ws/install/robot_trajectory/share/colcon-core/packages/robot_trajectory)
[13.647s] Level 1:colcon.colcon_core.environment:create_environment_scripts_only(robot_trajectory)
[13.648s] Level 1:colcon.colcon_core.environment:checking '/home/jordi/Documents/GitHub/IR2117/tb3_ws/install/robot_trajectory' for CMake module files
[13.649s] Level 1:colcon.colcon_core.environment:checking '/home/jordi/Documents/GitHub/IR2117/tb3_ws/install/robot_trajectory' for CMake config files
[13.649s] Level 1:colcon.colcon_core.shell:create_environment_hook('robot_trajectory', 'cmake_prefix_path')
[13.650s] INFO:colcon.colcon_core.shell:Creating environment hook '/home/jordi/Documents/GitHub/IR2117/tb3_ws/install/robot_trajectory/share/robot_trajectory/hook/cmake_prefix_path.ps1'
[13.659s] INFO:colcon.colcon_core.shell:Creating environment descriptor '/home/jordi/Documents/GitHub/IR2117/tb3_ws/install/robot_trajectory/share/robot_trajectory/hook/cmake_prefix_path.dsv'
[13.660s] INFO:colcon.colcon_core.shell:Creating environment hook '/home/jordi/Documents/GitHub/IR2117/tb3_ws/install/robot_trajectory/share/robot_trajectory/hook/cmake_prefix_path.sh'
[13.660s] Level 1:colcon.colcon_core.environment:checking '/home/jordi/Documents/GitHub/IR2117/tb3_ws/install/robot_trajectory/lib'
[13.661s] Level 1:colcon.colcon_core.environment:checking '/home/jordi/Documents/GitHub/IR2117/tb3_ws/install/robot_trajectory/bin'
[13.661s] Level 1:colcon.colcon_core.environment:checking '/home/jordi/Documents/GitHub/IR2117/tb3_ws/install/robot_trajectory/lib/pkgconfig/robot_trajectory.pc'
[13.661s] Level 1:colcon.colcon_core.environment:checking '/home/jordi/Documents/GitHub/IR2117/tb3_ws/install/robot_trajectory/lib/python3.8/site-packages'
[13.661s] Level 1:colcon.colcon_core.environment:checking '/home/jordi/Documents/GitHub/IR2117/tb3_ws/install/robot_trajectory/bin'
[13.662s] INFO:colcon.colcon_core.shell:Creating package script '/home/jordi/Documents/GitHub/IR2117/tb3_ws/install/robot_trajectory/share/robot_trajectory/package.ps1'
[13.677s] INFO:colcon.colcon_core.shell:Creating package descriptor '/home/jordi/Documents/GitHub/IR2117/tb3_ws/install/robot_trajectory/share/robot_trajectory/package.dsv'
[13.678s] INFO:colcon.colcon_core.shell:Creating package script '/home/jordi/Documents/GitHub/IR2117/tb3_ws/install/robot_trajectory/share/robot_trajectory/package.sh'
[13.678s] INFO:colcon.colcon_core.shell:Creating package script '/home/jordi/Documents/GitHub/IR2117/tb3_ws/install/robot_trajectory/share/robot_trajectory/package.bash'
[13.679s] INFO:colcon.colcon_core.shell:Creating package script '/home/jordi/Documents/GitHub/IR2117/tb3_ws/install/robot_trajectory/share/robot_trajectory/package.zsh'
[13.679s] Level 1:colcon.colcon_core.environment:create_file_with_runtime_dependencies(/home/jordi/Documents/GitHub/IR2117/tb3_ws/install/robot_trajectory/share/colcon-core/packages/robot_trajectory)
[13.680s] DEBUG:colcon.colcon_parallel_executor.executor.parallel:closing loop
[13.680s] DEBUG:colcon.colcon_parallel_executor.executor.parallel:loop closed
[13.680s] DEBUG:colcon.colcon_parallel_executor.executor.parallel:run_until_complete finished with '0'
[13.680s] DEBUG:colcon.colcon_core.event_reactor:joining thread
[13.698s] INFO:colcon.colcon_core.plugin_system:Skipping extension 'colcon_notification.desktop_notification.terminal_notifier': Not used on non-Darwin systems
[13.698s] INFO:colcon.colcon_core.plugin_system:Skipping extension 'colcon_notification.desktop_notification.win32': Not used on non-Windows systems
[13.698s] INFO:colcon.colcon_notification.desktop_notification:Sending desktop notification using 'notify2'
[13.729s] DEBUG:colcon.colcon_core.event_reactor:joined thread
[13.730s] INFO:colcon.colcon_core.shell:Creating prefix script '/home/jordi/Documents/GitHub/IR2117/tb3_ws/install/local_setup.ps1'
[13.731s] INFO:colcon.colcon_core.shell:Creating prefix util module '/home/jordi/Documents/GitHub/IR2117/tb3_ws/install/_local_setup_util_ps1.py'
[13.735s] INFO:colcon.colcon_core.shell:Creating prefix chain script '/home/jordi/Documents/GitHub/IR2117/tb3_ws/install/setup.ps1'
[13.742s] INFO:colcon.colcon_core.shell:Creating prefix script '/home/jordi/Documents/GitHub/IR2117/tb3_ws/install/local_setup.sh'
[13.743s] INFO:colcon.colcon_core.shell:Creating prefix util module '/home/jordi/Documents/GitHub/IR2117/tb3_ws/install/_local_setup_util_sh.py'
[13.744s] INFO:colcon.colcon_core.shell:Creating prefix chain script '/home/jordi/Documents/GitHub/IR2117/tb3_ws/install/setup.sh'
[13.748s] INFO:colcon.colcon_core.shell:Creating prefix script '/home/jordi/Documents/GitHub/IR2117/tb3_ws/install/local_setup.bash'
[13.748s] INFO:colcon.colcon_core.shell:Creating prefix chain script '/home/jordi/Documents/GitHub/IR2117/tb3_ws/install/setup.bash'
[13.775s] INFO:colcon.colcon_core.shell:Creating prefix script '/home/jordi/Documents/GitHub/IR2117/tb3_ws/install/local_setup.zsh'
[13.775s] INFO:colcon.colcon_core.shell:Creating prefix chain script '/home/jordi/Documents/GitHub/IR2117/tb3_ws/install/setup.zsh'
