[0.056s] Invoking command in '/home/usuario/Documentos/GitHub/IR2117/ros2_ws/build/action_tutorials_cpp': CMAKE_PREFIX_PATH=${CMAKE_PREFIX_PATH}:/opt/ros/foxy /usr/bin/cmake /home/usuario/Documentos/GitHub/IR2117/ros2_ws/src/action_tutorials_cpp -DCMAKE_INSTALL_PREFIX=/home/usuario/Documentos/GitHub/IR2117/ros2_ws/install/action_tutorials_cpp
[0.140s] -- The C compiler identification is GNU 9.4.0
[0.233s] -- The CXX compiler identification is GNU 9.4.0
[0.241s] -- Check for working C compiler: /usr/bin/cc
[0.385s] -- Check for working C compiler: /usr/bin/cc -- works
[0.391s] -- Detecting C compiler ABI info
[0.555s] -- Detecting C compiler ABI info - done
[0.593s] -- Detecting C compile features
[0.594s] -- Detecting C compile features - done
[0.607s] -- Check for working CXX compiler: /usr/bin/c++
[0.761s] -- Check for working CXX compiler: /usr/bin/c++ -- works
[0.772s] -- Detecting CXX compiler ABI info
[0.930s] -- Detecting CXX compiler ABI info - done
[0.962s] -- Detecting CXX compile features
[0.962s] -- Detecting CXX compile features - done
[0.970s] -- Found ament_cmake: 0.9.11 (/opt/ros/foxy/share/ament_cmake/cmake)
[1.003s] -- Found PythonInterp: /usr/bin/python3 (found suitable version "3.8.10", minimum required is "3") 
[1.003s] -- Using PYTHON_EXECUTABLE: /usr/bin/python3
[1.219s] -- Found action_tutorials_interfaces: 0.0.0 (/home/usuario/Documentos/GitHub/IR2117/ros2_ws/install/action_tutorials_interfaces/share/action_tutorials_interfaces/cmake)
[1.257s] -- Using all available rosidl_typesupport_c: rosidl_typesupport_fastrtps_c;rosidl_typesupport_introspection_c
[1.263s] -- Found rosidl_adapter: 1.3.0 (/opt/ros/foxy/share/rosidl_adapter/cmake)
[1.331s] -- Found OpenSSL: /usr/lib/x86_64-linux-gnu/libcrypto.so (found version "1.1.1f")  
[1.358s] -- Found FastRTPS: /opt/ros/foxy/include  
[1.420s] -- Using all available rosidl_typesupport_cpp: rosidl_typesupport_fastrtps_cpp;rosidl_typesupport_introspection_cpp
[1.581s] -- Found rclcpp: 2.4.2 (/opt/ros/foxy/share/rclcpp/cmake)
[1.628s] -- Found rmw_implementation_cmake: 1.0.3 (/opt/ros/foxy/share/rmw_implementation_cmake/cmake)
[1.630s] -- Using RMW implementation 'rmw_fastrtps_cpp' as default
[1.644s] -- Looking for pthread.h
[1.883s] -- Looking for pthread.h - found
[1.890s] -- Performing Test CMAKE_HAVE_LIBC_PTHREAD
[2.210s] -- Performing Test CMAKE_HAVE_LIBC_PTHREAD - Failed
[2.210s] -- Looking for pthread_create in pthreads
[2.333s] -- Looking for pthread_create in pthreads - not found
[2.339s] -- Looking for pthread_create in pthread
[2.640s] -- Looking for pthread_create in pthread - found
[2.651s] -- Found Threads: TRUE  
[2.786s] -- Found rclcpp_action: 2.4.2 (/opt/ros/foxy/share/rclcpp_action/cmake)
[2.813s] -- Found rclcpp_components: 2.4.2 (/opt/ros/foxy/share/rclcpp_components/cmake)
[2.864s] -- Found ament_lint_auto: 0.9.7 (/opt/ros/foxy/share/ament_lint_auto/cmake)
[2.994s] -- Added test 'copyright' to check source files copyright and LICENSE
[2.995s] -- Added test 'cppcheck' to perform static code analysis on C / C++ code
[2.995s] -- Configured cppcheck include dirs: 
[2.995s] -- Configured cppcheck exclude dirs and/or files: 
[2.996s] -- Added test 'cpplint' to check C / C++ code against the Google style
[2.996s] -- Configured cpplint exclude dirs and/or files: 
[2.997s] -- Added test 'lint_cmake' to check CMake code style
[2.997s] -- Added test 'uncrustify' to check C / C++ code style
[2.998s] -- Configured uncrustify additional arguments: 
[2.998s] -- Added test 'xmllint' to check XML markup files
[3.009s] -- Configuring done
[3.017s] -- Generating done
[3.035s] -- Build files have been written to: /home/usuario/Documentos/GitHub/IR2117/ros2_ws/build/action_tutorials_cpp
[3.042s] Invoked command in '/home/usuario/Documentos/GitHub/IR2117/ros2_ws/build/action_tutorials_cpp' returned '0': CMAKE_PREFIX_PATH=${CMAKE_PREFIX_PATH}:/opt/ros/foxy /usr/bin/cmake /home/usuario/Documentos/GitHub/IR2117/ros2_ws/src/action_tutorials_cpp -DCMAKE_INSTALL_PREFIX=/home/usuario/Documentos/GitHub/IR2117/ros2_ws/install/action_tutorials_cpp
[3.050s] Invoking command in '/home/usuario/Documentos/GitHub/IR2117/ros2_ws/build/action_tutorials_cpp': CMAKE_PREFIX_PATH=${CMAKE_PREFIX_PATH}:/opt/ros/foxy /usr/bin/cmake --build /home/usuario/Documentos/GitHub/IR2117/ros2_ws/build/action_tutorials_cpp -- -j6 -l6
[3.163s] [35m[1mScanning dependencies of target action_server[0m
[3.294s] [ 50%] [32mBuilding CXX object CMakeFiles/action_server.dir/src/action_server.cpp.o[0m
[50.885s] [100%] [32m[1mLinking CXX executable action_server[0m
[88.233s] [100%] Built target action_server
[88.244s] Invoked command in '/home/usuario/Documentos/GitHub/IR2117/ros2_ws/build/action_tutorials_cpp' returned '0': CMAKE_PREFIX_PATH=${CMAKE_PREFIX_PATH}:/opt/ros/foxy /usr/bin/cmake --build /home/usuario/Documentos/GitHub/IR2117/ros2_ws/build/action_tutorials_cpp -- -j6 -l6
[88.292s] Invoking command in '/home/usuario/Documentos/GitHub/IR2117/ros2_ws/build/action_tutorials_cpp': CMAKE_PREFIX_PATH=${CMAKE_PREFIX_PATH}:/opt/ros/foxy /usr/bin/cmake --install /home/usuario/Documentos/GitHub/IR2117/ros2_ws/build/action_tutorials_cpp
[88.310s] -- Install configuration: ""
[88.310s] -- Installing: /home/usuario/Documentos/GitHub/IR2117/ros2_ws/install/action_tutorials_cpp/lib/action_tutorials_cpp/action_server
[88.581s] -- Set runtime path of "/home/usuario/Documentos/GitHub/IR2117/ros2_ws/install/action_tutorials_cpp/lib/action_tutorials_cpp/action_server" to ""
[88.581s] -- Installing: /home/usuario/Documentos/GitHub/IR2117/ros2_ws/install/action_tutorials_cpp/share/ament_index/resource_index/package_run_dependencies/action_tutorials_cpp
[88.588s] -- Installing: /home/usuario/Documentos/GitHub/IR2117/ros2_ws/install/action_tutorials_cpp/share/ament_index/resource_index/parent_prefix_path/action_tutorials_cpp
[88.588s] -- Installing: /home/usuario/Documentos/GitHub/IR2117/ros2_ws/install/action_tutorials_cpp/share/action_tutorials_cpp/environment/ament_prefix_path.sh
[88.588s] -- Installing: /home/usuario/Documentos/GitHub/IR2117/ros2_ws/install/action_tutorials_cpp/share/action_tutorials_cpp/environment/ament_prefix_path.dsv
[88.590s] -- Installing: /home/usuario/Documentos/GitHub/IR2117/ros2_ws/install/action_tutorials_cpp/share/action_tutorials_cpp/environment/path.sh
[88.591s] -- Installing: /home/usuario/Documentos/GitHub/IR2117/ros2_ws/install/action_tutorials_cpp/share/action_tutorials_cpp/environment/path.dsv
[88.593s] -- Installing: /home/usuario/Documentos/GitHub/IR2117/ros2_ws/install/action_tutorials_cpp/share/action_tutorials_cpp/local_setup.bash
[88.595s] -- Installing: /home/usuario/Documentos/GitHub/IR2117/ros2_ws/install/action_tutorials_cpp/share/action_tutorials_cpp/local_setup.sh
[88.598s] -- Installing: /home/usuario/Documentos/GitHub/IR2117/ros2_ws/install/action_tutorials_cpp/share/action_tutorials_cpp/local_setup.zsh
[88.600s] -- Installing: /home/usuario/Documentos/GitHub/IR2117/ros2_ws/install/action_tutorials_cpp/share/action_tutorials_cpp/local_setup.dsv
[88.605s] -- Installing: /home/usuario/Documentos/GitHub/IR2117/ros2_ws/install/action_tutorials_cpp/share/action_tutorials_cpp/package.dsv
[88.612s] -- Installing: /home/usuario/Documentos/GitHub/IR2117/ros2_ws/install/action_tutorials_cpp/share/ament_index/resource_index/packages/action_tutorials_cpp
[88.613s] -- Installing: /home/usuario/Documentos/GitHub/IR2117/ros2_ws/install/action_tutorials_cpp/share/action_tutorials_cpp/cmake/action_tutorials_cppConfig.cmake
[88.615s] -- Installing: /home/usuario/Documentos/GitHub/IR2117/ros2_ws/install/action_tutorials_cpp/share/action_tutorials_cpp/cmake/action_tutorials_cppConfig-version.cmake
[88.616s] -- Installing: /home/usuario/Documentos/GitHub/IR2117/ros2_ws/install/action_tutorials_cpp/share/action_tutorials_cpp/package.xml
[88.620s] Invoked command in '/home/usuario/Documentos/GitHub/IR2117/ros2_ws/build/action_tutorials_cpp' returned '0': CMAKE_PREFIX_PATH=${CMAKE_PREFIX_PATH}:/opt/ros/foxy /usr/bin/cmake --install /home/usuario/Documentos/GitHub/IR2117/ros2_ws/build/action_tutorials_cpp
