[0.586s] DEBUG:colcon:Command line arguments: ['/usr/bin/colcon', 'build']
[0.586s] DEBUG:colcon:Parsed command line arguments: Namespace(allow_overriding=[], ament_cmake_args=None, base_paths=['.'], build_base='build', catkin_cmake_args=None, catkin_skip_building_tests=False, cmake_args=None, cmake_clean_cache=False, cmake_clean_first=False, cmake_force_configure=False, cmake_target=None, cmake_target_skip_unavailable=False, continue_on_error=False, event_handlers=None, executor='parallel', ignore_user_meta=False, install_base='install', log_base=None, log_level=None, main=<bound method BuildVerb.main of <colcon_core.verb.build.BuildVerb object at 0x7fa017d43d60>>, merge_install=False, metas=['./colcon.meta'], packages_above=None, packages_above_and_dependencies=None, packages_above_depth=None, packages_end=None, packages_ignore=None, packages_ignore_regex=None, packages_select=None, packages_select_build_failed=False, packages_select_by_dep=None, packages_select_regex=None, packages_select_test_failures=False, packages_skip=None, packages_skip_build_finished=False, packages_skip_by_dep=None, packages_skip_regex=None, packages_skip_test_passed=False, packages_skip_up_to=None, packages_start=None, packages_up_to=None, packages_up_to_regex=None, parallel_workers=1, paths=None, symlink_install=False, test_result_base=None, verb_extension=<colcon_core.verb.build.BuildVerb object at 0x7fa017d43d60>, verb_name='build', verb_parser=<colcon_defaults.argument_parser.defaults.DefaultArgumentsDecorator object at 0x7fa017d4e310>)
[0.632s] Level 1:colcon.colcon_core.package_discovery:discover_packages(colcon_meta) check parameters
[0.632s] Level 1:colcon.colcon_core.package_discovery:discover_packages(recursive) check parameters
[0.632s] Level 1:colcon.colcon_core.package_discovery:discover_packages(ignore) check parameters
[0.632s] Level 1:colcon.colcon_core.package_discovery:discover_packages(path) check parameters
[0.632s] Level 1:colcon.colcon_core.package_discovery:discover_packages(colcon_meta) discover
[0.632s] Level 1:colcon.colcon_core.package_discovery:discover_packages(recursive) discover
[0.632s] INFO:colcon.colcon_core.package_discovery:Crawling recursively for packages in '/home/jordi/Documents/GitHub/IR2117/tb3_ws'
[0.632s] Level 1:colcon.colcon_core.package_identification:_identify(.) by extensions ['ignore', 'ignore_ament_install']
[0.633s] Level 1:colcon.colcon_core.package_identification:_identify(.) by extension 'ignore'
[0.633s] Level 1:colcon.colcon_core.package_identification:_identify(.) by extension 'ignore_ament_install'
[0.633s] Level 1:colcon.colcon_core.package_identification:_identify(.) by extensions ['colcon_pkg']
[0.633s] Level 1:colcon.colcon_core.package_identification:_identify(.) by extension 'colcon_pkg'
[0.633s] Level 1:colcon.colcon_core.package_identification:_identify(.) by extensions ['colcon_meta']
[0.633s] Level 1:colcon.colcon_core.package_identification:_identify(.) by extension 'colcon_meta'
[0.633s] Level 1:colcon.colcon_core.package_identification:_identify(.) by extensions ['ros']
[0.633s] Level 1:colcon.colcon_core.package_identification:_identify(.) by extension 'ros'
[0.682s] Level 1:colcon.colcon_core.package_identification:_identify(.) by extensions ['cmake', 'python']
[0.682s] Level 1:colcon.colcon_core.package_identification:_identify(.) by extension 'cmake'
[0.682s] Level 1:colcon.colcon_core.package_identification:_identify(.) by extension 'python'
[0.682s] Level 1:colcon.colcon_core.package_identification:_identify(.) by extensions ['python_setup_py']
[0.682s] Level 1:colcon.colcon_core.package_identification:_identify(.) by extension 'python_setup_py'
[0.682s] Level 1:colcon.colcon_core.package_identification:_identify(build) by extensions ['ignore', 'ignore_ament_install']
[0.682s] Level 1:colcon.colcon_core.package_identification:_identify(build) by extension 'ignore'
[0.682s] Level 1:colcon.colcon_core.package_identification:_identify(build) ignored
[0.682s] Level 1:colcon.colcon_core.package_identification:_identify(install) by extensions ['ignore', 'ignore_ament_install']
[0.683s] Level 1:colcon.colcon_core.package_identification:_identify(install) by extension 'ignore'
[0.683s] Level 1:colcon.colcon_core.package_identification:_identify(install) ignored
[0.683s] Level 1:colcon.colcon_core.package_identification:_identify(log) by extensions ['ignore', 'ignore_ament_install']
[0.683s] Level 1:colcon.colcon_core.package_identification:_identify(log) by extension 'ignore'
[0.683s] Level 1:colcon.colcon_core.package_identification:_identify(log) ignored
[0.683s] Level 1:colcon.colcon_core.package_identification:_identify(src) by extensions ['ignore', 'ignore_ament_install']
[0.683s] Level 1:colcon.colcon_core.package_identification:_identify(src) by extension 'ignore'
[0.683s] Level 1:colcon.colcon_core.package_identification:_identify(src) by extension 'ignore_ament_install'
[0.683s] Level 1:colcon.colcon_core.package_identification:_identify(src) by extensions ['colcon_pkg']
[0.683s] Level 1:colcon.colcon_core.package_identification:_identify(src) by extension 'colcon_pkg'
[0.683s] Level 1:colcon.colcon_core.package_identification:_identify(src) by extensions ['colcon_meta']
[0.683s] Level 1:colcon.colcon_core.package_identification:_identify(src) by extension 'colcon_meta'
[0.683s] Level 1:colcon.colcon_core.package_identification:_identify(src) by extensions ['ros']
[0.683s] Level 1:colcon.colcon_core.package_identification:_identify(src) by extension 'ros'
[0.683s] Level 1:colcon.colcon_core.package_identification:_identify(src) by extensions ['cmake', 'python']
[0.683s] Level 1:colcon.colcon_core.package_identification:_identify(src) by extension 'cmake'
[0.683s] Level 1:colcon.colcon_core.package_identification:_identify(src) by extension 'python'
[0.683s] Level 1:colcon.colcon_core.package_identification:_identify(src) by extensions ['python_setup_py']
[0.683s] Level 1:colcon.colcon_core.package_identification:_identify(src) by extension 'python_setup_py'
[0.684s] Level 1:colcon.colcon_core.package_identification:_identify(src/build) by extensions ['ignore', 'ignore_ament_install']
[0.684s] Level 1:colcon.colcon_core.package_identification:_identify(src/build) by extension 'ignore'
[0.684s] Level 1:colcon.colcon_core.package_identification:_identify(src/build) ignored
[0.684s] Level 1:colcon.colcon_core.package_identification:_identify(src/install) by extensions ['ignore', 'ignore_ament_install']
[0.684s] Level 1:colcon.colcon_core.package_identification:_identify(src/install) by extension 'ignore'
[0.684s] Level 1:colcon.colcon_core.package_identification:_identify(src/install) ignored
[0.684s] Level 1:colcon.colcon_core.package_identification:_identify(src/log) by extensions ['ignore', 'ignore_ament_install']
[0.684s] Level 1:colcon.colcon_core.package_identification:_identify(src/log) by extension 'ignore'
[0.684s] Level 1:colcon.colcon_core.package_identification:_identify(src/log) ignored
[0.684s] Level 1:colcon.colcon_core.package_identification:_identify(src/robot_trajectory) by extensions ['ignore', 'ignore_ament_install']
[0.684s] Level 1:colcon.colcon_core.package_identification:_identify(src/robot_trajectory) by extension 'ignore'
[0.684s] Level 1:colcon.colcon_core.package_identification:_identify(src/robot_trajectory) by extension 'ignore_ament_install'
[0.684s] Level 1:colcon.colcon_core.package_identification:_identify(src/robot_trajectory) by extensions ['colcon_pkg']
[0.684s] Level 1:colcon.colcon_core.package_identification:_identify(src/robot_trajectory) by extension 'colcon_pkg'
[0.684s] Level 1:colcon.colcon_core.package_identification:_identify(src/robot_trajectory) by extensions ['colcon_meta']
[0.684s] Level 1:colcon.colcon_core.package_identification:_identify(src/robot_trajectory) by extension 'colcon_meta'
[0.684s] Level 1:colcon.colcon_core.package_identification:_identify(src/robot_trajectory) by extensions ['ros']
[0.684s] Level 1:colcon.colcon_core.package_identification:_identify(src/robot_trajectory) by extension 'ros'
[0.687s] DEBUG:colcon.colcon_core.package_identification:Package 'src/robot_trajectory' with type 'ros.ament_cmake' and name 'robot_trajectory'
[0.687s] Level 1:colcon.colcon_core.package_discovery:discover_packages(recursive) using defaults
[0.687s] Level 1:colcon.colcon_core.package_discovery:discover_packages(ignore) discover
[0.687s] Level 1:colcon.colcon_core.package_discovery:discover_packages(ignore) using defaults
[0.687s] Level 1:colcon.colcon_core.package_discovery:discover_packages(path) discover
[0.687s] Level 1:colcon.colcon_core.package_discovery:discover_packages(path) using defaults
[0.721s] Level 1:colcon.colcon_core.package_discovery:discover_packages(prefix_path) check parameters
[0.722s] Level 1:colcon.colcon_core.package_discovery:discover_packages(prefix_path) discover
[0.724s] DEBUG:colcon.colcon_installed_package_information.package_discovery:Found 1 installed packages in /home/jordi/Documents/GitHub/IR2117/tb3_ws/install
[0.725s] DEBUG:colcon.colcon_installed_package_information.package_discovery:Found 266 installed packages in /opt/ros/foxy
[0.727s] Level 1:colcon.colcon_core.package_discovery:discover_packages(prefix_path) using defaults
[0.880s] Level 5:colcon.colcon_core.verb:set package 'robot_trajectory' build argument 'cmake_args' from command line to 'None'
[0.880s] Level 5:colcon.colcon_core.verb:set package 'robot_trajectory' build argument 'cmake_target' from command line to 'None'
[0.880s] Level 5:colcon.colcon_core.verb:set package 'robot_trajectory' build argument 'cmake_target_skip_unavailable' from command line to 'False'
[0.880s] Level 5:colcon.colcon_core.verb:set package 'robot_trajectory' build argument 'cmake_clean_cache' from command line to 'False'
[0.880s] Level 5:colcon.colcon_core.verb:set package 'robot_trajectory' build argument 'cmake_clean_first' from command line to 'False'
[0.880s] Level 5:colcon.colcon_core.verb:set package 'robot_trajectory' build argument 'cmake_force_configure' from command line to 'False'
[0.880s] Level 5:colcon.colcon_core.verb:set package 'robot_trajectory' build argument 'ament_cmake_args' from command line to 'None'
[0.880s] Level 5:colcon.colcon_core.verb:set package 'robot_trajectory' build argument 'catkin_cmake_args' from command line to 'None'
[0.880s] Level 5:colcon.colcon_core.verb:set package 'robot_trajectory' build argument 'catkin_skip_building_tests' from command line to 'False'
[0.880s] DEBUG:colcon.colcon_core.verb:Building package 'robot_trajectory' with the following arguments: {'ament_cmake_args': None, 'build_base': '/home/jordi/Documents/GitHub/IR2117/tb3_ws/build/robot_trajectory', 'catkin_cmake_args': None, 'catkin_skip_building_tests': False, 'cmake_args': None, 'cmake_clean_cache': False, 'cmake_clean_first': False, 'cmake_force_configure': False, 'cmake_target': None, 'cmake_target_skip_unavailable': False, 'install_base': '/home/jordi/Documents/GitHub/IR2117/tb3_ws/install/robot_trajectory', 'merge_install': False, 'path': '/home/jordi/Documents/GitHub/IR2117/tb3_ws/src/robot_trajectory', 'symlink_install': False, 'test_result_base': None}
[0.881s] INFO:colcon.colcon_core.executor:Executing jobs using 'parallel' executor
[0.884s] DEBUG:colcon.colcon_parallel_executor.executor.parallel:run_until_complete
[0.885s] INFO:colcon.colcon_ros.task.ament_cmake.build:Building ROS package in '/home/jordi/Documents/GitHub/IR2117/tb3_ws/src/robot_trajectory' with build type 'ament_cmake'
[0.885s] INFO:colcon.colcon_cmake.task.cmake.build:Building CMake package in '/home/jordi/Documents/GitHub/IR2117/tb3_ws/src/robot_trajectory'
[0.888s] INFO:colcon.colcon_core.plugin_system:Skipping extension 'colcon_core.shell.bat': Not used on non-Windows systems
[0.888s] INFO:colcon.colcon_core.shell:Skip shell extension 'powershell' for command environment: Not usable outside of PowerShell
[0.888s] DEBUG:colcon.colcon_core.shell:Skip shell extension 'dsv' for command environment
[0.925s] DEBUG:colcon.colcon_core.event_handler.log_command:Invoking command in '/home/jordi/Documents/GitHub/IR2117/tb3_ws/build/robot_trajectory': CMAKE_PREFIX_PATH=${CMAKE_PREFIX_PATH}:/opt/ros/foxy /usr/bin/cmake --build /home/jordi/Documents/GitHub/IR2117/tb3_ws/build/robot_trajectory -- -j1 -l1
[14.995s] DEBUG:colcon.colcon_core.event_handler.log_command:Invoked command in '/home/jordi/Documents/GitHub/IR2117/tb3_ws/build/robot_trajectory' returned '0': CMAKE_PREFIX_PATH=${CMAKE_PREFIX_PATH}:/opt/ros/foxy /usr/bin/cmake --build /home/jordi/Documents/GitHub/IR2117/tb3_ws/build/robot_trajectory -- -j1 -l1
[15.105s] DEBUG:colcon.colcon_core.event_handler.log_command:Invoking command in '/home/jordi/Documents/GitHub/IR2117/tb3_ws/build/robot_trajectory': CMAKE_PREFIX_PATH=${CMAKE_PREFIX_PATH}:/opt/ros/foxy /usr/bin/cmake --install /home/jordi/Documents/GitHub/IR2117/tb3_ws/build/robot_trajectory
[15.162s] Level 1:colcon.colcon_core.environment:create_environment_scripts_only(robot_trajectory)
[15.167s] Level 1:colcon.colcon_core.environment:checking '/home/jordi/Documents/GitHub/IR2117/tb3_ws/install/robot_trajectory' for CMake module files
[15.168s] Level 1:colcon.colcon_core.environment:checking '/home/jordi/Documents/GitHub/IR2117/tb3_ws/install/robot_trajectory' for CMake config files
[15.168s] Level 1:colcon.colcon_core.shell:create_environment_hook('robot_trajectory', 'cmake_prefix_path')
[15.169s] INFO:colcon.colcon_core.shell:Creating environment hook '/home/jordi/Documents/GitHub/IR2117/tb3_ws/install/robot_trajectory/share/robot_trajectory/hook/cmake_prefix_path.ps1'
[15.170s] INFO:colcon.colcon_core.shell:Creating environment descriptor '/home/jordi/Documents/GitHub/IR2117/tb3_ws/install/robot_trajectory/share/robot_trajectory/hook/cmake_prefix_path.dsv'
[15.190s] DEBUG:colcon.colcon_core.event_handler.log_command:Invoked command in '/home/jordi/Documents/GitHub/IR2117/tb3_ws/build/robot_trajectory' returned '0': CMAKE_PREFIX_PATH=${CMAKE_PREFIX_PATH}:/opt/ros/foxy /usr/bin/cmake --install /home/jordi/Documents/GitHub/IR2117/tb3_ws/build/robot_trajectory
[15.190s] INFO:colcon.colcon_core.shell:Creating environment hook '/home/jordi/Documents/GitHub/IR2117/tb3_ws/install/robot_trajectory/share/robot_trajectory/hook/cmake_prefix_path.sh'
[15.192s] Level 1:colcon.colcon_core.environment:checking '/home/jordi/Documents/GitHub/IR2117/tb3_ws/install/robot_trajectory/lib'
[15.192s] Level 1:colcon.colcon_core.environment:checking '/home/jordi/Documents/GitHub/IR2117/tb3_ws/install/robot_trajectory/bin'
[15.192s] Level 1:colcon.colcon_core.environment:checking '/home/jordi/Documents/GitHub/IR2117/tb3_ws/install/robot_trajectory/lib/pkgconfig/robot_trajectory.pc'
[15.192s] Level 1:colcon.colcon_core.environment:checking '/home/jordi/Documents/GitHub/IR2117/tb3_ws/install/robot_trajectory/lib/python3.8/site-packages'
[15.192s] Level 1:colcon.colcon_core.environment:checking '/home/jordi/Documents/GitHub/IR2117/tb3_ws/install/robot_trajectory/bin'
[15.194s] INFO:colcon.colcon_core.shell:Creating package script '/home/jordi/Documents/GitHub/IR2117/tb3_ws/install/robot_trajectory/share/robot_trajectory/package.ps1'
[15.195s] INFO:colcon.colcon_core.shell:Creating package descriptor '/home/jordi/Documents/GitHub/IR2117/tb3_ws/install/robot_trajectory/share/robot_trajectory/package.dsv'
[15.195s] INFO:colcon.colcon_core.shell:Creating package script '/home/jordi/Documents/GitHub/IR2117/tb3_ws/install/robot_trajectory/share/robot_trajectory/package.sh'
[15.196s] INFO:colcon.colcon_core.shell:Creating package script '/home/jordi/Documents/GitHub/IR2117/tb3_ws/install/robot_trajectory/share/robot_trajectory/package.bash'
[15.197s] INFO:colcon.colcon_core.shell:Creating package script '/home/jordi/Documents/GitHub/IR2117/tb3_ws/install/robot_trajectory/share/robot_trajectory/package.zsh'
[15.198s] Level 1:colcon.colcon_core.environment:create_file_with_runtime_dependencies(/home/jordi/Documents/GitHub/IR2117/tb3_ws/install/robot_trajectory/share/colcon-core/packages/robot_trajectory)
[15.270s] Level 1:colcon.colcon_core.environment:create_environment_scripts_only(robot_trajectory)
[15.272s] Level 1:colcon.colcon_core.environment:checking '/home/jordi/Documents/GitHub/IR2117/tb3_ws/install/robot_trajectory' for CMake module files
[15.272s] Level 1:colcon.colcon_core.environment:checking '/home/jordi/Documents/GitHub/IR2117/tb3_ws/install/robot_trajectory' for CMake config files
[15.272s] Level 1:colcon.colcon_core.shell:create_environment_hook('robot_trajectory', 'cmake_prefix_path')
[15.273s] INFO:colcon.colcon_core.shell:Creating environment hook '/home/jordi/Documents/GitHub/IR2117/tb3_ws/install/robot_trajectory/share/robot_trajectory/hook/cmake_prefix_path.ps1'
[15.274s] INFO:colcon.colcon_core.shell:Creating environment descriptor '/home/jordi/Documents/GitHub/IR2117/tb3_ws/install/robot_trajectory/share/robot_trajectory/hook/cmake_prefix_path.dsv'
[15.286s] INFO:colcon.colcon_core.shell:Creating environment hook '/home/jordi/Documents/GitHub/IR2117/tb3_ws/install/robot_trajectory/share/robot_trajectory/hook/cmake_prefix_path.sh'
[15.287s] Level 1:colcon.colcon_core.environment:checking '/home/jordi/Documents/GitHub/IR2117/tb3_ws/install/robot_trajectory/lib'
[15.287s] Level 1:colcon.colcon_core.environment:checking '/home/jordi/Documents/GitHub/IR2117/tb3_ws/install/robot_trajectory/bin'
[15.287s] Level 1:colcon.colcon_core.environment:checking '/home/jordi/Documents/GitHub/IR2117/tb3_ws/install/robot_trajectory/lib/pkgconfig/robot_trajectory.pc'
[15.287s] Level 1:colcon.colcon_core.environment:checking '/home/jordi/Documents/GitHub/IR2117/tb3_ws/install/robot_trajectory/lib/python3.8/site-packages'
[15.287s] Level 1:colcon.colcon_core.environment:checking '/home/jordi/Documents/GitHub/IR2117/tb3_ws/install/robot_trajectory/bin'
[15.289s] INFO:colcon.colcon_core.shell:Creating package script '/home/jordi/Documents/GitHub/IR2117/tb3_ws/install/robot_trajectory/share/robot_trajectory/package.ps1'
[15.289s] INFO:colcon.colcon_core.shell:Creating package descriptor '/home/jordi/Documents/GitHub/IR2117/tb3_ws/install/robot_trajectory/share/robot_trajectory/package.dsv'
[15.292s] INFO:colcon.colcon_core.shell:Creating package script '/home/jordi/Documents/GitHub/IR2117/tb3_ws/install/robot_trajectory/share/robot_trajectory/package.sh'
[15.299s] INFO:colcon.colcon_core.shell:Creating package script '/home/jordi/Documents/GitHub/IR2117/tb3_ws/install/robot_trajectory/share/robot_trajectory/package.bash'
[15.300s] INFO:colcon.colcon_core.shell:Creating package script '/home/jordi/Documents/GitHub/IR2117/tb3_ws/install/robot_trajectory/share/robot_trajectory/package.zsh'
[15.301s] Level 1:colcon.colcon_core.environment:create_file_with_runtime_dependencies(/home/jordi/Documents/GitHub/IR2117/tb3_ws/install/robot_trajectory/share/colcon-core/packages/robot_trajectory)
[15.302s] DEBUG:colcon.colcon_parallel_executor.executor.parallel:closing loop
[15.302s] DEBUG:colcon.colcon_parallel_executor.executor.parallel:loop closed
[15.302s] DEBUG:colcon.colcon_parallel_executor.executor.parallel:run_until_complete finished with '0'
[15.302s] DEBUG:colcon.colcon_core.event_reactor:joining thread
[15.319s] INFO:colcon.colcon_core.plugin_system:Skipping extension 'colcon_notification.desktop_notification.terminal_notifier': Not used on non-Darwin systems
[15.319s] INFO:colcon.colcon_core.plugin_system:Skipping extension 'colcon_notification.desktop_notification.win32': Not used on non-Windows systems
[15.319s] INFO:colcon.colcon_notification.desktop_notification:Sending desktop notification using 'notify2'
[15.358s] DEBUG:colcon.colcon_core.event_reactor:joined thread
[15.359s] INFO:colcon.colcon_core.shell:Creating prefix script '/home/jordi/Documents/GitHub/IR2117/tb3_ws/install/local_setup.ps1'
[15.360s] INFO:colcon.colcon_core.shell:Creating prefix util module '/home/jordi/Documents/GitHub/IR2117/tb3_ws/install/_local_setup_util_ps1.py'
[15.361s] INFO:colcon.colcon_core.shell:Creating prefix chain script '/home/jordi/Documents/GitHub/IR2117/tb3_ws/install/setup.ps1'
[15.375s] INFO:colcon.colcon_core.shell:Creating prefix script '/home/jordi/Documents/GitHub/IR2117/tb3_ws/install/local_setup.sh'
[15.391s] INFO:colcon.colcon_core.shell:Creating prefix util module '/home/jordi/Documents/GitHub/IR2117/tb3_ws/install/_local_setup_util_sh.py'
[15.391s] INFO:colcon.colcon_core.shell:Creating prefix chain script '/home/jordi/Documents/GitHub/IR2117/tb3_ws/install/setup.sh'
[15.393s] INFO:colcon.colcon_core.shell:Creating prefix script '/home/jordi/Documents/GitHub/IR2117/tb3_ws/install/local_setup.bash'
[15.394s] INFO:colcon.colcon_core.shell:Creating prefix chain script '/home/jordi/Documents/GitHub/IR2117/tb3_ws/install/setup.bash'
[15.395s] INFO:colcon.colcon_core.shell:Creating prefix script '/home/jordi/Documents/GitHub/IR2117/tb3_ws/install/local_setup.zsh'
[15.396s] INFO:colcon.colcon_core.shell:Creating prefix chain script '/home/jordi/Documents/GitHub/IR2117/tb3_ws/install/setup.zsh'
