[0.036s] Invoking command in '/home/usuario/Documentos/GitHub/IR2117/ros2_ws/build/action_tutorials_interfaces': CMAKE_PREFIX_PATH=${CMAKE_PREFIX_PATH}:/opt/ros/foxy /usr/bin/cmake /home/usuario/Documentos/GitHub/IR2117/ros2_ws/src/action_tutorials_interfaces -DCMAKE_INSTALL_PREFIX=/home/usuario/Documentos/GitHub/IR2117/ros2_ws/install/action_tutorials_interfaces
[0.123s] -- The C compiler identification is GNU 9.4.0
[0.214s] -- The CXX compiler identification is GNU 9.4.0
[0.224s] -- Check for working C compiler: /usr/bin/cc
[0.365s] -- Check for working C compiler: /usr/bin/cc -- works
[0.369s] -- Detecting C compiler ABI info
[0.500s] -- Detecting C compiler ABI info - done
[0.531s] -- Detecting C compile features
[0.532s] -- Detecting C compile features - done
[0.539s] -- Check for working CXX compiler: /usr/bin/c++
[0.705s] -- Check for working CXX compiler: /usr/bin/c++ -- works
[0.713s] -- Detecting CXX compiler ABI info
[0.860s] -- Detecting CXX compiler ABI info - done
[0.894s] -- Detecting CXX compile features
[0.895s] -- Detecting CXX compile features - done
[0.904s] -- Found ament_cmake: 0.9.11 (/opt/ros/foxy/share/ament_cmake/cmake)
[0.941s] -- Found PythonInterp: /usr/bin/python3 (found suitable version "3.8.10", minimum required is "3") 
[0.941s] -- Using PYTHON_EXECUTABLE: /usr/bin/python3
[1.143s] -- Found ament_lint_auto: 0.9.7 (/opt/ros/foxy/share/ament_lint_auto/cmake)
[1.239s] -- Found rosidl_default_generators: 1.0.1 (/opt/ros/foxy/share/rosidl_default_generators/cmake)
[1.242s] -- Using all available rosidl_typesupport_c: rosidl_typesupport_fastrtps_c;rosidl_typesupport_introspection_c
[1.247s] -- Found rosidl_adapter: 1.3.0 (/opt/ros/foxy/share/rosidl_adapter/cmake)
[1.324s] -- Found OpenSSL: /usr/lib/x86_64-linux-gnu/libcrypto.so (found version "1.1.1f")  
[1.351s] -- Found FastRTPS: /opt/ros/foxy/include  
[1.413s] -- Using all available rosidl_typesupport_cpp: rosidl_typesupport_fastrtps_cpp;rosidl_typesupport_introspection_cpp
[1.487s] -- Found PythonInterp: /usr/bin/python3 (found version "3.8.10") 
[1.813s] -- Found ament_cmake_ros: 0.9.2 (/opt/ros/foxy/share/ament_cmake_ros/cmake)
[2.550s] -- Using all available rosidl_typesupport_c: rosidl_typesupport_fastrtps_c;rosidl_typesupport_introspection_c
[3.065s] -- Using all available rosidl_typesupport_cpp: rosidl_typesupport_fastrtps_cpp;rosidl_typesupport_introspection_cpp
[3.101s] -- Found PythonInterp: /usr/bin/python3 (found suitable version "3.8.10", minimum required is "3.5") 
[3.104s] -- Found python_cmake_module: 0.8.1 (/opt/ros/foxy/share/python_cmake_module/cmake)
[3.149s] -- Found PythonLibs: /usr/lib/x86_64-linux-gnu/libpython3.8.so (found suitable version "3.8.10", minimum required is "3.5") 
[3.149s] -- Using PYTHON_EXECUTABLE: /usr/bin/python3
[3.149s] -- Using PYTHON_INCLUDE_DIRS: /usr/include/python3.8
[3.149s] -- Using PYTHON_LIBRARIES: /usr/lib/x86_64-linux-gnu/libpython3.8.so
[3.176s] -- Found PythonExtra: .so  
[3.452s] -- Added test 'copyright' to check source files copyright and LICENSE
[3.455s] -- Added test 'lint_cmake' to check CMake code style
[3.456s] -- Added test 'xmllint' to check XML markup files
[3.525s] -- Configuring done
[3.575s] -- Generating done
[3.597s] -- Build files have been written to: /home/usuario/Documentos/GitHub/IR2117/ros2_ws/build/action_tutorials_interfaces
[3.607s] Invoked command in '/home/usuario/Documentos/GitHub/IR2117/ros2_ws/build/action_tutorials_interfaces' returned '0': CMAKE_PREFIX_PATH=${CMAKE_PREFIX_PATH}:/opt/ros/foxy /usr/bin/cmake /home/usuario/Documentos/GitHub/IR2117/ros2_ws/src/action_tutorials_interfaces -DCMAKE_INSTALL_PREFIX=/home/usuario/Documentos/GitHub/IR2117/ros2_ws/install/action_tutorials_interfaces
[3.615s] Invoking command in '/home/usuario/Documentos/GitHub/IR2117/ros2_ws/build/action_tutorials_interfaces': CMAKE_PREFIX_PATH=${CMAKE_PREFIX_PATH}:/opt/ros/foxy /usr/bin/cmake --build /home/usuario/Documentos/GitHub/IR2117/ros2_ws/build/action_tutorials_interfaces -- -j6 -l6
[3.750s] [35m[1mScanning dependencies of target action_tutorials_interfaces__cpp[0m
[3.756s] [  3%] [34m[1mGenerating C code for ROS interfaces[0m
[3.768s] [  6%] [34m[1mGenerating C++ code for ROS interfaces[0m
[4.045s] [  6%] Built target action_tutorials_interfaces__cpp
[4.096s] [35m[1mScanning dependencies of target action_tutorials_interfaces__rosidl_generator_c[0m
[4.133s] [ 12%] [34m[1mGenerating C++ introspection for ROS interfaces[0m
[4.133s] [ 12%] [34m[1mGenerating C++ type support dispatch for ROS interfaces[0m
[4.147s] [ 16%] [34m[1mGenerating C++ type support for eProsima Fast-RTPS[0m
[4.195s] [ 19%] [32mBuilding C object CMakeFiles/action_tutorials_interfaces__rosidl_generator_c.dir/rosidl_generator_c/action_tutorials_interfaces/action/detail/fibonacci__functions.c.o[0m
[4.358s] [35m[1mScanning dependencies of target action_tutorials_interfaces__rosidl_typesupport_cpp[0m
[4.360s] [ 22%] [32m[1mLinking C shared library libaction_tutorials_interfaces__rosidl_generator_c.so[0m
[4.395s] [35m[1mScanning dependencies of target action_tutorials_interfaces__rosidl_typesupport_introspection_cpp[0m
[4.433s] [35m[1mScanning dependencies of target action_tutorials_interfaces__rosidl_typesupport_fastrtps_cpp[0m
[4.477s] [ 25%] [32mBuilding CXX object CMakeFiles/action_tutorials_interfaces__rosidl_typesupport_cpp.dir/rosidl_typesupport_cpp/action_tutorials_interfaces/action/fibonacci__type_support.cpp.o[0m
[4.719s] [ 29%] [32mBuilding CXX object CMakeFiles/action_tutorials_interfaces__rosidl_typesupport_introspection_cpp.dir/rosidl_typesupport_introspection_cpp/action_tutorials_interfaces/action/detail/fibonacci__type_support.cpp.o[0m
[4.819s] [ 29%] Built target action_tutorials_interfaces__rosidl_generator_c
[4.888s] [ 32%] [32mBuilding CXX object CMakeFiles/action_tutorials_interfaces__rosidl_typesupport_fastrtps_cpp.dir/rosidl_typesupport_fastrtps_cpp/action_tutorials_interfaces/action/detail/dds_fastrtps/fibonacci__type_support.cpp.o[0m
[4.904s] [ 41%] [32m[1mLinking CXX shared library libaction_tutorials_interfaces__rosidl_typesupport_cpp.so[0m
[4.904s] [ 41%] [34m[1mGenerating C type support dispatch for ROS interfaces[0m
[4.904s] [ 41%] [34m[1mGenerating C introspection for ROS interfaces[0m
[5.244s] [35m[1mScanning dependencies of target action_tutorials_interfaces__rosidl_typesupport_c[0m
[5.294s] [35m[1mScanning dependencies of target action_tutorials_interfaces__rosidl_typesupport_introspection_c[0m
[5.721s] [ 41%] Built target action_tutorials_interfaces__rosidl_typesupport_cpp
[5.876s] [ 45%] [32m[1mLinking CXX shared library libaction_tutorials_interfaces__rosidl_typesupport_introspection_cpp.so[0m
[5.969s] [ 48%] [32m[1mLinking CXX shared library libaction_tutorials_interfaces__rosidl_typesupport_fastrtps_cpp.so[0m
[6.040s] [ 51%] [32mBuilding CXX object CMakeFiles/action_tutorials_interfaces__rosidl_typesupport_c.dir/rosidl_typesupport_c/action_tutorials_interfaces/action/fibonacci__type_support.cpp.o[0m
[6.049s] [ 54%] [32mBuilding C object CMakeFiles/action_tutorials_interfaces__rosidl_typesupport_introspection_c.dir/rosidl_typesupport_introspection_c/action_tutorials_interfaces/action/detail/fibonacci__type_support.c.o[0m
[6.214s] [ 58%] [32m[1mLinking CXX shared library libaction_tutorials_interfaces__rosidl_typesupport_c.so[0m
[6.282s] [ 61%] [32m[1mLinking C shared library libaction_tutorials_interfaces__rosidl_typesupport_introspection_c.so[0m
[8.439s] [ 61%] Built target action_tutorials_interfaces__rosidl_typesupport_c
[9.237s] [ 61%] Built target action_tutorials_interfaces__rosidl_typesupport_introspection_c
[9.242s] [ 61%] Built target action_tutorials_interfaces__rosidl_typesupport_fastrtps_cpp
[9.243s] [ 61%] Built target action_tutorials_interfaces__rosidl_typesupport_introspection_cpp
[9.278s] [ 64%] [34m[1mGenerating C type support for eProsima Fast-RTPS[0m
[9.575s] [35m[1mScanning dependencies of target action_tutorials_interfaces__rosidl_typesupport_fastrtps_c[0m
[9.650s] [ 67%] [32mBuilding CXX object CMakeFiles/action_tutorials_interfaces__rosidl_typesupport_fastrtps_c.dir/rosidl_typesupport_fastrtps_c/action_tutorials_interfaces/action/detail/fibonacci__type_support_c.cpp.o[0m
[10.070s] [ 70%] [32m[1mLinking CXX shared library libaction_tutorials_interfaces__rosidl_typesupport_fastrtps_c.so[0m
[10.832s] [ 70%] Built target action_tutorials_interfaces__rosidl_typesupport_fastrtps_c
[10.857s] [35m[1mScanning dependencies of target action_tutorials_interfaces[0m
[10.877s] [ 70%] Built target action_tutorials_interfaces
[10.910s] [35m[1mScanning dependencies of target action_tutorials_interfaces__py[0m
[10.943s] [ 74%] [34m[1mGenerating Python code for ROS interfaces[0m
[11.551s] [ 74%] Built target action_tutorials_interfaces__py
[11.583s] [35m[1mScanning dependencies of target action_tutorials_interfaces__python[0m
[11.688s] [ 77%] [32mBuilding C object CMakeFiles/action_tutorials_interfaces__python.dir/rosidl_generator_py/action_tutorials_interfaces/action/_fibonacci_s.c.o[0m
[11.879s] [ 80%] [32m[1mLinking C shared library rosidl_generator_py/action_tutorials_interfaces/libaction_tutorials_interfaces__python.so[0m
[12.360s] [ 80%] Built target action_tutorials_interfaces__python
[12.463s] [35m[1mScanning dependencies of target action_tutorials_interfaces__rosidl_typesupport_c__pyext[0m
[12.464s] [35m[1mScanning dependencies of target action_tutorials_interfaces__rosidl_typesupport_introspection_c__pyext[0m
[12.464s] [35m[1mScanning dependencies of target action_tutorials_interfaces__rosidl_typesupport_fastrtps_c__pyext[0m
[12.625s] [ 83%] [32mBuilding C object CMakeFiles/action_tutorials_interfaces__rosidl_typesupport_c__pyext.dir/rosidl_generator_py/action_tutorials_interfaces/_action_tutorials_interfaces_s.ep.rosidl_typesupport_c.c.o[0m
[12.626s] [ 87%] [32mBuilding C object CMakeFiles/action_tutorials_interfaces__rosidl_typesupport_introspection_c__pyext.dir/rosidl_generator_py/action_tutorials_interfaces/_action_tutorials_interfaces_s.ep.rosidl_typesupport_introspection_c.c.o[0m
[12.630s] [ 90%] [32mBuilding C object CMakeFiles/action_tutorials_interfaces__rosidl_typesupport_fastrtps_c__pyext.dir/rosidl_generator_py/action_tutorials_interfaces/_action_tutorials_interfaces_s.ep.rosidl_typesupport_fastrtps_c.c.o[0m
[12.801s] [ 93%] [32m[1mLinking C shared library rosidl_generator_py/action_tutorials_interfaces/action_tutorials_interfaces_s__rosidl_typesupport_c.cpython-38-x86_64-linux-gnu.so[0m
[12.801s] [ 96%] [32m[1mLinking C shared library rosidl_generator_py/action_tutorials_interfaces/action_tutorials_interfaces_s__rosidl_typesupport_introspection_c.cpython-38-x86_64-linux-gnu.so[0m
[12.818s] [100%] [32m[1mLinking CXX shared library rosidl_generator_py/action_tutorials_interfaces/action_tutorials_interfaces_s__rosidl_typesupport_fastrtps_c.cpython-38-x86_64-linux-gnu.so[0m
[13.508s] [100%] Built target action_tutorials_interfaces__rosidl_typesupport_c__pyext
[13.521s] [100%] Built target action_tutorials_interfaces__rosidl_typesupport_introspection_c__pyext
[13.767s] [100%] Built target action_tutorials_interfaces__rosidl_typesupport_fastrtps_c__pyext
[13.777s] Invoked command in '/home/usuario/Documentos/GitHub/IR2117/ros2_ws/build/action_tutorials_interfaces' returned '0': CMAKE_PREFIX_PATH=${CMAKE_PREFIX_PATH}:/opt/ros/foxy /usr/bin/cmake --build /home/usuario/Documentos/GitHub/IR2117/ros2_ws/build/action_tutorials_interfaces -- -j6 -l6
[13.845s] Invoking command in '/home/usuario/Documentos/GitHub/IR2117/ros2_ws/build/action_tutorials_interfaces': CMAKE_PREFIX_PATH=${CMAKE_PREFIX_PATH}:/opt/ros/foxy /usr/bin/cmake --install /home/usuario/Documentos/GitHub/IR2117/ros2_ws/build/action_tutorials_interfaces
[13.869s] -- Install configuration: ""
[13.869s] -- Installing: /home/usuario/Documentos/GitHub/IR2117/ros2_ws/install/action_tutorials_interfaces/share/ament_index/resource_index/rosidl_interfaces/action_tutorials_interfaces
[13.879s] -- Installing: /home/usuario/Documentos/GitHub/IR2117/ros2_ws/install/action_tutorials_interfaces/include/action_tutorials_interfaces
[13.879s] -- Installing: /home/usuario/Documentos/GitHub/IR2117/ros2_ws/install/action_tutorials_interfaces/include/action_tutorials_interfaces/msg
[13.879s] -- Installing: /home/usuario/Documentos/GitHub/IR2117/ros2_ws/install/action_tutorials_interfaces/include/action_tutorials_interfaces/msg/rosidl_generator_c__visibility_control.h
[13.881s] -- Installing: /home/usuario/Documentos/GitHub/IR2117/ros2_ws/install/action_tutorials_interfaces/include/action_tutorials_interfaces/action
[13.881s] -- Installing: /home/usuario/Documentos/GitHub/IR2117/ros2_ws/install/action_tutorials_interfaces/include/action_tutorials_interfaces/action/fibonacci.h
[13.883s] -- Installing: /home/usuario/Documentos/GitHub/IR2117/ros2_ws/install/action_tutorials_interfaces/include/action_tutorials_interfaces/action/detail
[13.883s] -- Installing: /home/usuario/Documentos/GitHub/IR2117/ros2_ws/install/action_tutorials_interfaces/include/action_tutorials_interfaces/action/detail/fibonacci__type_support.h
[13.884s] -- Installing: /home/usuario/Documentos/GitHub/IR2117/ros2_ws/install/action_tutorials_interfaces/include/action_tutorials_interfaces/action/detail/fibonacci__functions.c
[13.890s] -- Installing: /home/usuario/Documentos/GitHub/IR2117/ros2_ws/install/action_tutorials_interfaces/include/action_tutorials_interfaces/action/detail/fibonacci__struct.h
[13.892s] -- Installing: /home/usuario/Documentos/GitHub/IR2117/ros2_ws/install/action_tutorials_interfaces/include/action_tutorials_interfaces/action/detail/fibonacci__functions.h
[13.898s] -- Installing: /home/usuario/Documentos/GitHub/IR2117/ros2_ws/install/action_tutorials_interfaces/share/action_tutorials_interfaces/environment/library_path.sh
[13.898s] -- Installing: /home/usuario/Documentos/GitHub/IR2117/ros2_ws/install/action_tutorials_interfaces/share/action_tutorials_interfaces/environment/library_path.dsv
[13.905s] -- Installing: /home/usuario/Documentos/GitHub/IR2117/ros2_ws/install/action_tutorials_interfaces/lib/libaction_tutorials_interfaces__rosidl_generator_c.so
[13.966s] -- Set runtime path of "/home/usuario/Documentos/GitHub/IR2117/ros2_ws/install/action_tutorials_interfaces/lib/libaction_tutorials_interfaces__rosidl_generator_c.so" to ""
[13.966s] -- Up-to-date: /home/usuario/Documentos/GitHub/IR2117/ros2_ws/install/action_tutorials_interfaces/include/action_tutorials_interfaces
[13.966s] -- Up-to-date: /home/usuario/Documentos/GitHub/IR2117/ros2_ws/install/action_tutorials_interfaces/include/action_tutorials_interfaces/msg
[13.966s] -- Installing: /home/usuario/Documentos/GitHub/IR2117/ros2_ws/install/action_tutorials_interfaces/include/action_tutorials_interfaces/msg/rosidl_typesupport_fastrtps_c__visibility_control.h
[13.968s] -- Up-to-date: /home/usuario/Documentos/GitHub/IR2117/ros2_ws/install/action_tutorials_interfaces/include/action_tutorials_interfaces/action
[13.969s] -- Up-to-date: /home/usuario/Documentos/GitHub/IR2117/ros2_ws/install/action_tutorials_interfaces/include/action_tutorials_interfaces/action/detail
[13.969s] -- Installing: /home/usuario/Documentos/GitHub/IR2117/ros2_ws/install/action_tutorials_interfaces/include/action_tutorials_interfaces/action/detail/fibonacci__rosidl_typesupport_fastrtps_c.h
[13.972s] -- Installing: /home/usuario/Documentos/GitHub/IR2117/ros2_ws/install/action_tutorials_interfaces/lib/libaction_tutorials_interfaces__rosidl_typesupport_fastrtps_c.so
[14.012s] -- Set runtime path of "/home/usuario/Documentos/GitHub/IR2117/ros2_ws/install/action_tutorials_interfaces/lib/libaction_tutorials_interfaces__rosidl_typesupport_fastrtps_c.so" to ""
[14.012s] -- Up-to-date: /home/usuario/Documentos/GitHub/IR2117/ros2_ws/install/action_tutorials_interfaces/include/action_tutorials_interfaces
[14.012s] -- Up-to-date: /home/usuario/Documentos/GitHub/IR2117/ros2_ws/install/action_tutorials_interfaces/include/action_tutorials_interfaces/msg
[14.012s] -- Installing: /home/usuario/Documentos/GitHub/IR2117/ros2_ws/install/action_tutorials_interfaces/include/action_tutorials_interfaces/msg/rosidl_typesupport_fastrtps_cpp__visibility_control.h
[14.014s] -- Up-to-date: /home/usuario/Documentos/GitHub/IR2117/ros2_ws/install/action_tutorials_interfaces/include/action_tutorials_interfaces/action
[14.014s] -- Up-to-date: /home/usuario/Documentos/GitHub/IR2117/ros2_ws/install/action_tutorials_interfaces/include/action_tutorials_interfaces/action/detail
[14.014s] -- Installing: /home/usuario/Documentos/GitHub/IR2117/ros2_ws/install/action_tutorials_interfaces/include/action_tutorials_interfaces/action/detail/dds_fastrtps
[14.014s] -- Installing: /home/usuario/Documentos/GitHub/IR2117/ros2_ws/install/action_tutorials_interfaces/include/action_tutorials_interfaces/action/detail/fibonacci__rosidl_typesupport_fastrtps_cpp.hpp
[14.017s] -- Installing: /home/usuario/Documentos/GitHub/IR2117/ros2_ws/install/action_tutorials_interfaces/lib/libaction_tutorials_interfaces__rosidl_typesupport_fastrtps_cpp.so
[14.071s] -- Set runtime path of "/home/usuario/Documentos/GitHub/IR2117/ros2_ws/install/action_tutorials_interfaces/lib/libaction_tutorials_interfaces__rosidl_typesupport_fastrtps_cpp.so" to ""
[14.071s] -- Up-to-date: /home/usuario/Documentos/GitHub/IR2117/ros2_ws/install/action_tutorials_interfaces/include/action_tutorials_interfaces
[14.071s] -- Up-to-date: /home/usuario/Documentos/GitHub/IR2117/ros2_ws/install/action_tutorials_interfaces/include/action_tutorials_interfaces/msg
[14.071s] -- Installing: /home/usuario/Documentos/GitHub/IR2117/ros2_ws/install/action_tutorials_interfaces/include/action_tutorials_interfaces/msg/rosidl_typesupport_introspection_c__visibility_control.h
[14.073s] -- Up-to-date: /home/usuario/Documentos/GitHub/IR2117/ros2_ws/install/action_tutorials_interfaces/include/action_tutorials_interfaces/action
[14.073s] -- Up-to-date: /home/usuario/Documentos/GitHub/IR2117/ros2_ws/install/action_tutorials_interfaces/include/action_tutorials_interfaces/action/detail
[14.073s] -- Installing: /home/usuario/Documentos/GitHub/IR2117/ros2_ws/install/action_tutorials_interfaces/include/action_tutorials_interfaces/action/detail/fibonacci__rosidl_typesupport_introspection_c.h
[14.076s] -- Installing: /home/usuario/Documentos/GitHub/IR2117/ros2_ws/install/action_tutorials_interfaces/include/action_tutorials_interfaces/action/detail/fibonacci__type_support.c
[14.081s] -- Installing: /home/usuario/Documentos/GitHub/IR2117/ros2_ws/install/action_tutorials_interfaces/lib/libaction_tutorials_interfaces__rosidl_typesupport_introspection_c.so
[14.127s] -- Set runtime path of "/home/usuario/Documentos/GitHub/IR2117/ros2_ws/install/action_tutorials_interfaces/lib/libaction_tutorials_interfaces__rosidl_typesupport_introspection_c.so" to ""
[14.128s] -- Installing: /home/usuario/Documentos/GitHub/IR2117/ros2_ws/install/action_tutorials_interfaces/lib/libaction_tutorials_interfaces__rosidl_typesupport_c.so
[14.160s] -- Set runtime path of "/home/usuario/Documentos/GitHub/IR2117/ros2_ws/install/action_tutorials_interfaces/lib/libaction_tutorials_interfaces__rosidl_typesupport_c.so" to ""
[14.160s] -- Up-to-date: /home/usuario/Documentos/GitHub/IR2117/ros2_ws/install/action_tutorials_interfaces/include/action_tutorials_interfaces
[14.160s] -- Up-to-date: /home/usuario/Documentos/GitHub/IR2117/ros2_ws/install/action_tutorials_interfaces/include/action_tutorials_interfaces/action
[14.160s] -- Up-to-date: /home/usuario/Documentos/GitHub/IR2117/ros2_ws/install/action_tutorials_interfaces/include/action_tutorials_interfaces/action/detail
[14.160s] -- Installing: /home/usuario/Documentos/GitHub/IR2117/ros2_ws/install/action_tutorials_interfaces/include/action_tutorials_interfaces/action/detail/fibonacci__struct.hpp
[14.165s] -- Installing: /home/usuario/Documentos/GitHub/IR2117/ros2_ws/install/action_tutorials_interfaces/include/action_tutorials_interfaces/action/detail/fibonacci__traits.hpp
[14.171s] -- Installing: /home/usuario/Documentos/GitHub/IR2117/ros2_ws/install/action_tutorials_interfaces/include/action_tutorials_interfaces/action/detail/fibonacci__builder.hpp
[14.177s] -- Installing: /home/usuario/Documentos/GitHub/IR2117/ros2_ws/install/action_tutorials_interfaces/include/action_tutorials_interfaces/action/fibonacci.hpp
[14.184s] -- Up-to-date: /home/usuario/Documentos/GitHub/IR2117/ros2_ws/install/action_tutorials_interfaces/include/action_tutorials_interfaces
[14.184s] -- Up-to-date: /home/usuario/Documentos/GitHub/IR2117/ros2_ws/install/action_tutorials_interfaces/include/action_tutorials_interfaces/action
[14.184s] -- Up-to-date: /home/usuario/Documentos/GitHub/IR2117/ros2_ws/install/action_tutorials_interfaces/include/action_tutorials_interfaces/action/detail
[14.184s] -- Installing: /home/usuario/Documentos/GitHub/IR2117/ros2_ws/install/action_tutorials_interfaces/include/action_tutorials_interfaces/action/detail/fibonacci__type_support.cpp
[14.188s] -- Installing: /home/usuario/Documentos/GitHub/IR2117/ros2_ws/install/action_tutorials_interfaces/include/action_tutorials_interfaces/action/detail/fibonacci__rosidl_typesupport_introspection_cpp.hpp
[14.195s] -- Installing: /home/usuario/Documentos/GitHub/IR2117/ros2_ws/install/action_tutorials_interfaces/lib/libaction_tutorials_interfaces__rosidl_typesupport_introspection_cpp.so
[14.275s] -- Set runtime path of "/home/usuario/Documentos/GitHub/IR2117/ros2_ws/install/action_tutorials_interfaces/lib/libaction_tutorials_interfaces__rosidl_typesupport_introspection_cpp.so" to ""
[14.275s] -- Installing: /home/usuario/Documentos/GitHub/IR2117/ros2_ws/install/action_tutorials_interfaces/lib/libaction_tutorials_interfaces__rosidl_typesupport_cpp.so
[14.314s] -- Set runtime path of "/home/usuario/Documentos/GitHub/IR2117/ros2_ws/install/action_tutorials_interfaces/lib/libaction_tutorials_interfaces__rosidl_typesupport_cpp.so" to ""
[14.314s] -- Installing: /home/usuario/Documentos/GitHub/IR2117/ros2_ws/install/action_tutorials_interfaces/share/action_tutorials_interfaces/environment/pythonpath.sh
[14.317s] -- Installing: /home/usuario/Documentos/GitHub/IR2117/ros2_ws/install/action_tutorials_interfaces/share/action_tutorials_interfaces/environment/pythonpath.dsv
[14.322s] -- Installing: /home/usuario/Documentos/GitHub/IR2117/ros2_ws/install/action_tutorials_interfaces/lib/python3.8/site-packages/action_tutorials_interfaces/__init__.py
[14.357s] Compiling '/home/usuario/Documentos/GitHub/IR2117/ros2_ws/install/action_tutorials_interfaces/lib/python3.8/site-packages/action_tutorials_interfaces/__init__.py'...
[14.361s] -- Installing: /home/usuario/Documentos/GitHub/IR2117/ros2_ws/install/action_tutorials_interfaces/lib/python3.8/site-packages/action_tutorials_interfaces/action
[14.361s] -- Installing: /home/usuario/Documentos/GitHub/IR2117/ros2_ws/install/action_tutorials_interfaces/lib/python3.8/site-packages/action_tutorials_interfaces/action/_fibonacci.py
[14.377s] -- Installing: /home/usuario/Documentos/GitHub/IR2117/ros2_ws/install/action_tutorials_interfaces/lib/python3.8/site-packages/action_tutorials_interfaces/action/__init__.py
[14.383s] -- Installing: /home/usuario/Documentos/GitHub/IR2117/ros2_ws/install/action_tutorials_interfaces/lib/python3.8/site-packages/action_tutorials_interfaces/action/_fibonacci_s.c
[14.388s] -- Installing: /home/usuario/Documentos/GitHub/IR2117/ros2_ws/install/action_tutorials_interfaces/lib/python3.8/site-packages/action_tutorials_interfaces/action_tutorials_interfaces_s__rosidl_typesupport_fastrtps_c.cpython-38-x86_64-linux-gnu.so
[14.427s] -- Set runtime path of "/home/usuario/Documentos/GitHub/IR2117/ros2_ws/install/action_tutorials_interfaces/lib/python3.8/site-packages/action_tutorials_interfaces/action_tutorials_interfaces_s__rosidl_typesupport_fastrtps_c.cpython-38-x86_64-linux-gnu.so" to ""
[14.427s] -- Installing: /home/usuario/Documentos/GitHub/IR2117/ros2_ws/install/action_tutorials_interfaces/lib/python3.8/site-packages/action_tutorials_interfaces/action_tutorials_interfaces_s__rosidl_typesupport_introspection_c.cpython-38-x86_64-linux-gnu.so
[14.473s] -- Set runtime path of "/home/usuario/Documentos/GitHub/IR2117/ros2_ws/install/action_tutorials_interfaces/lib/python3.8/site-packages/action_tutorials_interfaces/action_tutorials_interfaces_s__rosidl_typesupport_introspection_c.cpython-38-x86_64-linux-gnu.so" to ""
[14.474s] -- Installing: /home/usuario/Documentos/GitHub/IR2117/ros2_ws/install/action_tutorials_interfaces/lib/python3.8/site-packages/action_tutorials_interfaces/action_tutorials_interfaces_s__rosidl_typesupport_c.cpython-38-x86_64-linux-gnu.so
[14.518s] -- Set runtime path of "/home/usuario/Documentos/GitHub/IR2117/ros2_ws/install/action_tutorials_interfaces/lib/python3.8/site-packages/action_tutorials_interfaces/action_tutorials_interfaces_s__rosidl_typesupport_c.cpython-38-x86_64-linux-gnu.so" to ""
[14.519s] -- Installing: /home/usuario/Documentos/GitHub/IR2117/ros2_ws/install/action_tutorials_interfaces/lib/libaction_tutorials_interfaces__python.so
[14.571s] -- Set runtime path of "/home/usuario/Documentos/GitHub/IR2117/ros2_ws/install/action_tutorials_interfaces/lib/libaction_tutorials_interfaces__python.so" to ""
[14.571s] -- Installing: /home/usuario/Documentos/GitHub/IR2117/ros2_ws/install/action_tutorials_interfaces/share/action_tutorials_interfaces/action/Fibonacci.idl
[14.573s] -- Installing: /home/usuario/Documentos/GitHub/IR2117/ros2_ws/install/action_tutorials_interfaces/share/action_tutorials_interfaces/action/Fibonacci.action
[14.575s] -- Installing: /home/usuario/Documentos/GitHub/IR2117/ros2_ws/install/action_tutorials_interfaces/share/ament_index/resource_index/package_run_dependencies/action_tutorials_interfaces
[14.584s] -- Installing: /home/usuario/Documentos/GitHub/IR2117/ros2_ws/install/action_tutorials_interfaces/share/ament_index/resource_index/parent_prefix_path/action_tutorials_interfaces
[14.589s] -- Installing: /home/usuario/Documentos/GitHub/IR2117/ros2_ws/install/action_tutorials_interfaces/share/action_tutorials_interfaces/environment/ament_prefix_path.sh
[14.589s] -- Installing: /home/usuario/Documentos/GitHub/IR2117/ros2_ws/install/action_tutorials_interfaces/share/action_tutorials_interfaces/environment/ament_prefix_path.dsv
[14.591s] -- Installing: /home/usuario/Documentos/GitHub/IR2117/ros2_ws/install/action_tutorials_interfaces/share/action_tutorials_interfaces/environment/path.sh
[14.591s] -- Installing: /home/usuario/Documentos/GitHub/IR2117/ros2_ws/install/action_tutorials_interfaces/share/action_tutorials_interfaces/environment/path.dsv
[14.593s] -- Installing: /home/usuario/Documentos/GitHub/IR2117/ros2_ws/install/action_tutorials_interfaces/share/action_tutorials_interfaces/local_setup.bash
[14.595s] -- Installing: /home/usuario/Documentos/GitHub/IR2117/ros2_ws/install/action_tutorials_interfaces/share/action_tutorials_interfaces/local_setup.sh
[14.597s] -- Installing: /home/usuario/Documentos/GitHub/IR2117/ros2_ws/install/action_tutorials_interfaces/share/action_tutorials_interfaces/local_setup.zsh
[14.598s] -- Installing: /home/usuario/Documentos/GitHub/IR2117/ros2_ws/install/action_tutorials_interfaces/share/action_tutorials_interfaces/local_setup.dsv
[14.603s] -- Installing: /home/usuario/Documentos/GitHub/IR2117/ros2_ws/install/action_tutorials_interfaces/share/action_tutorials_interfaces/package.dsv
[14.608s] -- Installing: /home/usuario/Documentos/GitHub/IR2117/ros2_ws/install/action_tutorials_interfaces/share/ament_index/resource_index/packages/action_tutorials_interfaces
[14.609s] -- Installing: /home/usuario/Documentos/GitHub/IR2117/ros2_ws/install/action_tutorials_interfaces/share/action_tutorials_interfaces/cmake/action_tutorials_interfaces__rosidl_generator_cExport.cmake
[14.617s] -- Installing: /home/usuario/Documentos/GitHub/IR2117/ros2_ws/install/action_tutorials_interfaces/share/action_tutorials_interfaces/cmake/action_tutorials_interfaces__rosidl_generator_cExport-noconfig.cmake
[14.623s] -- Installing: /home/usuario/Documentos/GitHub/IR2117/ros2_ws/install/action_tutorials_interfaces/share/action_tutorials_interfaces/cmake/action_tutorials_interfaces__rosidl_typesupport_introspection_cExport.cmake
[14.630s] -- Installing: /home/usuario/Documentos/GitHub/IR2117/ros2_ws/install/action_tutorials_interfaces/share/action_tutorials_interfaces/cmake/action_tutorials_interfaces__rosidl_typesupport_introspection_cExport-noconfig.cmake
[14.637s] -- Installing: /home/usuario/Documentos/GitHub/IR2117/ros2_ws/install/action_tutorials_interfaces/share/action_tutorials_interfaces/cmake/action_tutorials_interfaces__rosidl_typesupport_cExport.cmake
[14.644s] -- Installing: /home/usuario/Documentos/GitHub/IR2117/ros2_ws/install/action_tutorials_interfaces/share/action_tutorials_interfaces/cmake/action_tutorials_interfaces__rosidl_typesupport_cExport-noconfig.cmake
[14.651s] -- Installing: /home/usuario/Documentos/GitHub/IR2117/ros2_ws/install/action_tutorials_interfaces/share/action_tutorials_interfaces/cmake/action_tutorials_interfaces__rosidl_generator_cppExport.cmake
[14.658s] -- Installing: /home/usuario/Documentos/GitHub/IR2117/ros2_ws/install/action_tutorials_interfaces/share/action_tutorials_interfaces/cmake/action_tutorials_interfaces__rosidl_typesupport_introspection_cppExport.cmake
[14.665s] -- Installing: /home/usuario/Documentos/GitHub/IR2117/ros2_ws/install/action_tutorials_interfaces/share/action_tutorials_interfaces/cmake/action_tutorials_interfaces__rosidl_typesupport_introspection_cppExport-noconfig.cmake
[14.669s] -- Installing: /home/usuario/Documentos/GitHub/IR2117/ros2_ws/install/action_tutorials_interfaces/share/action_tutorials_interfaces/cmake/action_tutorials_interfaces__rosidl_typesupport_cppExport.cmake
[14.674s] -- Installing: /home/usuario/Documentos/GitHub/IR2117/ros2_ws/install/action_tutorials_interfaces/share/action_tutorials_interfaces/cmake/action_tutorials_interfaces__rosidl_typesupport_cppExport-noconfig.cmake
[14.679s] -- Installing: /home/usuario/Documentos/GitHub/IR2117/ros2_ws/install/action_tutorials_interfaces/share/action_tutorials_interfaces/cmake/rosidl_cmake-extras.cmake
[14.682s] -- Installing: /home/usuario/Documentos/GitHub/IR2117/ros2_ws/install/action_tutorials_interfaces/share/action_tutorials_interfaces/cmake/ament_cmake_export_dependencies-extras.cmake
[14.687s] -- Installing: /home/usuario/Documentos/GitHub/IR2117/ros2_ws/install/action_tutorials_interfaces/share/action_tutorials_interfaces/cmake/ament_cmake_export_libraries-extras.cmake
[14.692s] -- Installing: /home/usuario/Documentos/GitHub/IR2117/ros2_ws/install/action_tutorials_interfaces/share/action_tutorials_interfaces/cmake/ament_cmake_export_targets-extras.cmake
[14.696s] -- Installing: /home/usuario/Documentos/GitHub/IR2117/ros2_ws/install/action_tutorials_interfaces/share/action_tutorials_interfaces/cmake/ament_cmake_export_include_directories-extras.cmake
[14.698s] -- Installing: /home/usuario/Documentos/GitHub/IR2117/ros2_ws/install/action_tutorials_interfaces/share/action_tutorials_interfaces/cmake/rosidl_cmake_export_typesupport_libraries-extras.cmake
[14.700s] -- Installing: /home/usuario/Documentos/GitHub/IR2117/ros2_ws/install/action_tutorials_interfaces/share/action_tutorials_interfaces/cmake/rosidl_cmake_export_typesupport_targets-extras.cmake
[14.701s] -- Installing: /home/usuario/Documentos/GitHub/IR2117/ros2_ws/install/action_tutorials_interfaces/share/action_tutorials_interfaces/cmake/action_tutorials_interfacesConfig.cmake
[14.704s] -- Installing: /home/usuario/Documentos/GitHub/IR2117/ros2_ws/install/action_tutorials_interfaces/share/action_tutorials_interfaces/cmake/action_tutorials_interfacesConfig-version.cmake
[14.706s] -- Installing: /home/usuario/Documentos/GitHub/IR2117/ros2_ws/install/action_tutorials_interfaces/share/action_tutorials_interfaces/package.xml
[14.717s] Invoked command in '/home/usuario/Documentos/GitHub/IR2117/ros2_ws/build/action_tutorials_interfaces' returned '0': CMAKE_PREFIX_PATH=${CMAKE_PREFIX_PATH}:/opt/ros/foxy /usr/bin/cmake --install /home/usuario/Documentos/GitHub/IR2117/ros2_ws/build/action_tutorials_interfaces
