[0.628s] DEBUG:colcon:Command line arguments: ['/home/jab/.local/bin/colcon', 'build']
[0.628s] DEBUG:colcon:Parsed command line arguments: Namespace(ament_cmake_args=None, base_paths=['.'], build_base='build', catkin_cmake_args=None, catkin_skip_building_tests=False, cmake_args=None, cmake_clean_cache=False, cmake_clean_first=False, cmake_force_configure=False, cmake_target=None, cmake_target_skip_unavailable=False, continue_on_error=False, event_handlers=None, executor='parallel', ignore_user_meta=False, install_base='install', log_base=None, log_level=None, main=<bound method BuildVerb.main of <colcon_core.verb.build.BuildVerb object at 0x7f4c72bb40d0>>, merge_install=False, metas=['./colcon.meta'], packages_above=None, packages_above_and_dependencies=None, packages_above_depth=None, packages_end=None, packages_ignore=None, packages_ignore_regex=None, packages_select=None, packages_select_build_failed=False, packages_select_by_dep=None, packages_select_regex=None, packages_select_test_failures=False, packages_skip=None, packages_skip_build_finished=False, packages_skip_by_dep=None, packages_skip_regex=None, packages_skip_test_passed=False, packages_skip_up_to=None, packages_start=None, packages_up_to=None, packages_up_to_regex=None, parallel_workers=4, paths=None, symlink_install=False, test_result_base=None, verb_extension=<colcon_core.verb.build.BuildVerb object at 0x7f4c72bb40d0>, verb_name='build', verb_parser=<colcon_defaults.argument_parser.defaults.DefaultArgumentsDecorator object at 0x7f4c72bb4610>)
[0.668s] Level 1:colcon.colcon_core.package_discovery:discover_packages(colcon_meta) check parameters
[0.668s] Level 1:colcon.colcon_core.package_discovery:discover_packages(recursive) check parameters
[0.668s] Level 1:colcon.colcon_core.package_discovery:discover_packages(ignore) check parameters
[0.668s] Level 1:colcon.colcon_core.package_discovery:discover_packages(path) check parameters
[0.668s] Level 1:colcon.colcon_core.package_discovery:discover_packages(colcon_meta) discover
[0.668s] Level 1:colcon.colcon_core.package_discovery:discover_packages(recursive) discover
[0.668s] INFO:colcon.colcon_core.package_discovery:Crawling recursively for packages in '/home/jab/Documentos/GitHub/IR2117/tb3_ws'
[0.669s] Level 1:colcon.colcon_core.package_identification:_identify(.) by extensions ['ignore', 'ignore_ament_install']
[0.669s] Level 1:colcon.colcon_core.package_identification:_identify(.) by extension 'ignore'
[0.669s] Level 1:colcon.colcon_core.package_identification:_identify(.) by extension 'ignore_ament_install'
[0.669s] Level 1:colcon.colcon_core.package_identification:_identify(.) by extensions ['colcon_pkg']
[0.669s] Level 1:colcon.colcon_core.package_identification:_identify(.) by extension 'colcon_pkg'
[0.669s] Level 1:colcon.colcon_core.package_identification:_identify(.) by extensions ['colcon_meta']
[0.669s] Level 1:colcon.colcon_core.package_identification:_identify(.) by extension 'colcon_meta'
[0.669s] Level 1:colcon.colcon_core.package_identification:_identify(.) by extensions ['ros']
[0.670s] Level 1:colcon.colcon_core.package_identification:_identify(.) by extension 'ros'
[0.695s] Level 1:colcon.colcon_core.package_identification:_identify(.) by extensions ['cmake', 'python']
[0.695s] Level 1:colcon.colcon_core.package_identification:_identify(.) by extension 'cmake'
[0.695s] Level 1:colcon.colcon_core.package_identification:_identify(.) by extension 'python'
[0.695s] Level 1:colcon.colcon_core.package_identification:_identify(.) by extensions ['python_setup_py']
[0.695s] Level 1:colcon.colcon_core.package_identification:_identify(.) by extension 'python_setup_py'
[0.695s] Level 1:colcon.colcon_core.package_identification:_identify(build) by extensions ['ignore', 'ignore_ament_install']
[0.695s] Level 1:colcon.colcon_core.package_identification:_identify(build) by extension 'ignore'
[0.695s] Level 1:colcon.colcon_core.package_identification:_identify(build) ignored
[0.695s] Level 1:colcon.colcon_core.package_identification:_identify(install) by extensions ['ignore', 'ignore_ament_install']
[0.696s] Level 1:colcon.colcon_core.package_identification:_identify(install) by extension 'ignore'
[0.696s] Level 1:colcon.colcon_core.package_identification:_identify(install) ignored
[0.696s] Level 1:colcon.colcon_core.package_identification:_identify(log) by extensions ['ignore', 'ignore_ament_install']
[0.696s] Level 1:colcon.colcon_core.package_identification:_identify(log) by extension 'ignore'
[0.696s] Level 1:colcon.colcon_core.package_identification:_identify(log) ignored
[0.696s] Level 1:colcon.colcon_core.package_identification:_identify(src) by extensions ['ignore', 'ignore_ament_install']
[0.696s] Level 1:colcon.colcon_core.package_identification:_identify(src) by extension 'ignore'
[0.696s] Level 1:colcon.colcon_core.package_identification:_identify(src) by extension 'ignore_ament_install'
[0.696s] Level 1:colcon.colcon_core.package_identification:_identify(src) by extensions ['colcon_pkg']
[0.696s] Level 1:colcon.colcon_core.package_identification:_identify(src) by extension 'colcon_pkg'
[0.697s] Level 1:colcon.colcon_core.package_identification:_identify(src) by extensions ['colcon_meta']
[0.697s] Level 1:colcon.colcon_core.package_identification:_identify(src) by extension 'colcon_meta'
[0.697s] Level 1:colcon.colcon_core.package_identification:_identify(src) by extensions ['ros']
[0.697s] Level 1:colcon.colcon_core.package_identification:_identify(src) by extension 'ros'
[0.697s] Level 1:colcon.colcon_core.package_identification:_identify(src) by extensions ['cmake', 'python']
[0.697s] Level 1:colcon.colcon_core.package_identification:_identify(src) by extension 'cmake'
[0.697s] Level 1:colcon.colcon_core.package_identification:_identify(src) by extension 'python'
[0.697s] Level 1:colcon.colcon_core.package_identification:_identify(src) by extensions ['python_setup_py']
[0.697s] Level 1:colcon.colcon_core.package_identification:_identify(src) by extension 'python_setup_py'
[0.697s] Level 1:colcon.colcon_core.package_identification:_identify(src/build) by extensions ['ignore', 'ignore_ament_install']
[0.697s] Level 1:colcon.colcon_core.package_identification:_identify(src/build) by extension 'ignore'
[0.697s] Level 1:colcon.colcon_core.package_identification:_identify(src/build) ignored
[0.697s] Level 1:colcon.colcon_core.package_identification:_identify(src/install) by extensions ['ignore', 'ignore_ament_install']
[0.697s] Level 1:colcon.colcon_core.package_identification:_identify(src/install) by extension 'ignore'
[0.697s] Level 1:colcon.colcon_core.package_identification:_identify(src/install) ignored
[0.697s] Level 1:colcon.colcon_core.package_identification:_identify(src/log) by extensions ['ignore', 'ignore_ament_install']
[0.697s] Level 1:colcon.colcon_core.package_identification:_identify(src/log) by extension 'ignore'
[0.697s] Level 1:colcon.colcon_core.package_identification:_identify(src/log) ignored
[0.697s] Level 1:colcon.colcon_core.package_identification:_identify(src/obstacles) by extensions ['ignore', 'ignore_ament_install']
[0.698s] Level 1:colcon.colcon_core.package_identification:_identify(src/obstacles) by extension 'ignore'
[0.698s] Level 1:colcon.colcon_core.package_identification:_identify(src/obstacles) by extension 'ignore_ament_install'
[0.698s] Level 1:colcon.colcon_core.package_identification:_identify(src/obstacles) by extensions ['colcon_pkg']
[0.698s] Level 1:colcon.colcon_core.package_identification:_identify(src/obstacles) by extension 'colcon_pkg'
[0.698s] Level 1:colcon.colcon_core.package_identification:_identify(src/obstacles) by extensions ['colcon_meta']
[0.698s] Level 1:colcon.colcon_core.package_identification:_identify(src/obstacles) by extension 'colcon_meta'
[0.698s] Level 1:colcon.colcon_core.package_identification:_identify(src/obstacles) by extensions ['ros']
[0.698s] Level 1:colcon.colcon_core.package_identification:_identify(src/obstacles) by extension 'ros'
[0.703s] DEBUG:colcon.colcon_core.package_identification:Package 'src/obstacles' with type 'ros.ament_cmake' and name 'obstacles'
[0.703s] Level 1:colcon.colcon_core.package_identification:_identify(src/robot_trajectory) by extensions ['ignore', 'ignore_ament_install']
[0.703s] Level 1:colcon.colcon_core.package_identification:_identify(src/robot_trajectory) by extension 'ignore'
[0.703s] Level 1:colcon.colcon_core.package_identification:_identify(src/robot_trajectory) by extension 'ignore_ament_install'
[0.703s] Level 1:colcon.colcon_core.package_identification:_identify(src/robot_trajectory) by extensions ['colcon_pkg']
[0.703s] Level 1:colcon.colcon_core.package_identification:_identify(src/robot_trajectory) by extension 'colcon_pkg'
[0.703s] Level 1:colcon.colcon_core.package_identification:_identify(src/robot_trajectory) by extensions ['colcon_meta']
[0.704s] Level 1:colcon.colcon_core.package_identification:_identify(src/robot_trajectory) by extension 'colcon_meta'
[0.704s] Level 1:colcon.colcon_core.package_identification:_identify(src/robot_trajectory) by extensions ['ros']
[0.704s] Level 1:colcon.colcon_core.package_identification:_identify(src/robot_trajectory) by extension 'ros'
[0.704s] DEBUG:colcon.colcon_core.package_identification:Package 'src/robot_trajectory' with type 'ros.ament_cmake' and name 'robot_trajectory'
[0.704s] Level 1:colcon.colcon_core.package_discovery:discover_packages(recursive) using defaults
[0.704s] Level 1:colcon.colcon_core.package_discovery:discover_packages(ignore) discover
[0.704s] Level 1:colcon.colcon_core.package_discovery:discover_packages(ignore) using defaults
[0.704s] Level 1:colcon.colcon_core.package_discovery:discover_packages(path) discover
[0.705s] Level 1:colcon.colcon_core.package_discovery:discover_packages(path) using defaults
[0.753s] Level 5:colcon.colcon_core.verb:set package 'obstacles' build argument 'cmake_args' from command line to 'None'
[0.753s] Level 5:colcon.colcon_core.verb:set package 'obstacles' build argument 'cmake_target' from command line to 'None'
[0.753s] Level 5:colcon.colcon_core.verb:set package 'obstacles' build argument 'cmake_target_skip_unavailable' from command line to 'False'
[0.753s] Level 5:colcon.colcon_core.verb:set package 'obstacles' build argument 'cmake_clean_cache' from command line to 'False'
[0.753s] Level 5:colcon.colcon_core.verb:set package 'obstacles' build argument 'cmake_clean_first' from command line to 'False'
[0.753s] Level 5:colcon.colcon_core.verb:set package 'obstacles' build argument 'cmake_force_configure' from command line to 'False'
[0.753s] Level 5:colcon.colcon_core.verb:set package 'obstacles' build argument 'ament_cmake_args' from command line to 'None'
[0.753s] Level 5:colcon.colcon_core.verb:set package 'obstacles' build argument 'catkin_cmake_args' from command line to 'None'
[0.753s] Level 5:colcon.colcon_core.verb:set package 'obstacles' build argument 'catkin_skip_building_tests' from command line to 'False'
[0.753s] DEBUG:colcon.colcon_core.verb:Building package 'obstacles' with the following arguments: {'ament_cmake_args': None, 'build_base': '/home/jab/Documentos/GitHub/IR2117/tb3_ws/build/obstacles', 'catkin_cmake_args': None, 'catkin_skip_building_tests': False, 'cmake_args': None, 'cmake_clean_cache': False, 'cmake_clean_first': False, 'cmake_force_configure': False, 'cmake_target': None, 'cmake_target_skip_unavailable': False, 'install_base': '/home/jab/Documentos/GitHub/IR2117/tb3_ws/install/obstacles', 'merge_install': False, 'path': '/home/jab/Documentos/GitHub/IR2117/tb3_ws/src/obstacles', 'symlink_install': False, 'test_result_base': None}
[0.760s] Level 5:colcon.colcon_core.verb:set package 'robot_trajectory' build argument 'cmake_args' from command line to 'None'
[0.760s] Level 5:colcon.colcon_core.verb:set package 'robot_trajectory' build argument 'cmake_target' from command line to 'None'
[0.760s] Level 5:colcon.colcon_core.verb:set package 'robot_trajectory' build argument 'cmake_target_skip_unavailable' from command line to 'False'
[0.760s] Level 5:colcon.colcon_core.verb:set package 'robot_trajectory' build argument 'cmake_clean_cache' from command line to 'False'
[0.760s] Level 5:colcon.colcon_core.verb:set package 'robot_trajectory' build argument 'cmake_clean_first' from command line to 'False'
[0.760s] Level 5:colcon.colcon_core.verb:set package 'robot_trajectory' build argument 'cmake_force_configure' from command line to 'False'
[0.760s] Level 5:colcon.colcon_core.verb:set package 'robot_trajectory' build argument 'ament_cmake_args' from command line to 'None'
[0.760s] Level 5:colcon.colcon_core.verb:set package 'robot_trajectory' build argument 'catkin_cmake_args' from command line to 'None'
[0.760s] Level 5:colcon.colcon_core.verb:set package 'robot_trajectory' build argument 'catkin_skip_building_tests' from command line to 'False'
[0.760s] DEBUG:colcon.colcon_core.verb:Building package 'robot_trajectory' with the following arguments: {'ament_cmake_args': None, 'build_base': '/home/jab/Documentos/GitHub/IR2117/tb3_ws/build/robot_trajectory', 'catkin_cmake_args': None, 'catkin_skip_building_tests': False, 'cmake_args': None, 'cmake_clean_cache': False, 'cmake_clean_first': False, 'cmake_force_configure': False, 'cmake_target': None, 'cmake_target_skip_unavailable': False, 'install_base': '/home/jab/Documentos/GitHub/IR2117/tb3_ws/install/robot_trajectory', 'merge_install': False, 'path': '/home/jab/Documentos/GitHub/IR2117/tb3_ws/src/robot_trajectory', 'symlink_install': False, 'test_result_base': None}
[0.762s] INFO:colcon.colcon_core.executor:Executing jobs using 'parallel' executor
[0.776s] DEBUG:colcon.colcon_parallel_executor.executor.parallel:run_until_complete
[0.777s] INFO:colcon.colcon_ros.task.ament_cmake.build:Building ROS package in '/home/jab/Documentos/GitHub/IR2117/tb3_ws/src/obstacles' with build type 'ament_cmake'
[0.777s] INFO:colcon.colcon_cmake.task.cmake.build:Building CMake package in '/home/jab/Documentos/GitHub/IR2117/tb3_ws/src/obstacles'
[0.788s] INFO:colcon.colcon_core.plugin_system:Skipping extension 'colcon_core.shell.bat': Not used on non-Windows systems
[0.788s] INFO:colcon.colcon_core.shell:Skip shell extension 'powershell' for command environment: Not usable outside of PowerShell
[0.789s] DEBUG:colcon.colcon_core.shell:Skip shell extension 'dsv' for command environment
[0.809s] INFO:colcon.colcon_ros.task.ament_cmake.build:Building ROS package in '/home/jab/Documentos/GitHub/IR2117/tb3_ws/src/robot_trajectory' with build type 'ament_cmake'
[0.809s] INFO:colcon.colcon_cmake.task.cmake.build:Building CMake package in '/home/jab/Documentos/GitHub/IR2117/tb3_ws/src/robot_trajectory'
[0.818s] INFO:colcon.colcon_core.shell:Skip shell extension 'powershell' for command environment: Not usable outside of PowerShell
[0.818s] DEBUG:colcon.colcon_core.shell:Skip shell extension 'dsv' for command environment
[0.847s] DEBUG:colcon.colcon_core.event_handler.log_command:Invoking command in '/home/jab/Documentos/GitHub/IR2117/tb3_ws/build/obstacles': CMAKE_PREFIX_PATH=${CMAKE_PREFIX_PATH}:/opt/ros/foxy /usr/bin/cmake --build /home/jab/Documentos/GitHub/IR2117/tb3_ws/build/obstacles -- -j4 -l4
[0.854s] DEBUG:colcon.colcon_core.event_handler.log_command:Invoking command in '/home/jab/Documentos/GitHub/IR2117/tb3_ws/build/robot_trajectory': CMAKE_PREFIX_PATH=${CMAKE_PREFIX_PATH}:/opt/ros/foxy /usr/bin/cmake --build /home/jab/Documentos/GitHub/IR2117/tb3_ws/build/robot_trajectory -- -j4 -l4
[0.979s] DEBUG:colcon.colcon_core.event_handler.log_command:Invoked command in '/home/jab/Documentos/GitHub/IR2117/tb3_ws/build/robot_trajectory' returned '0': CMAKE_PREFIX_PATH=${CMAKE_PREFIX_PATH}:/opt/ros/foxy /usr/bin/cmake --build /home/jab/Documentos/GitHub/IR2117/tb3_ws/build/robot_trajectory -- -j4 -l4
[1.033s] DEBUG:colcon.colcon_core.event_handler.log_command:Invoking command in '/home/jab/Documentos/GitHub/IR2117/tb3_ws/build/robot_trajectory': CMAKE_PREFIX_PATH=${CMAKE_PREFIX_PATH}:/opt/ros/foxy /usr/bin/cmake --install /home/jab/Documentos/GitHub/IR2117/tb3_ws/build/robot_trajectory
[1.048s] Level 1:colcon.colcon_core.environment:create_environment_scripts_only(robot_trajectory)
[1.048s] DEBUG:colcon.colcon_core.event_handler.log_command:Invoked command in '/home/jab/Documentos/GitHub/IR2117/tb3_ws/build/robot_trajectory' returned '0': CMAKE_PREFIX_PATH=${CMAKE_PREFIX_PATH}:/opt/ros/foxy /usr/bin/cmake --install /home/jab/Documentos/GitHub/IR2117/tb3_ws/build/robot_trajectory
[1.062s] Level 1:colcon.colcon_core.environment:checking '/home/jab/Documentos/GitHub/IR2117/tb3_ws/install/robot_trajectory' for CMake module files
[1.062s] Level 1:colcon.colcon_core.environment:checking '/home/jab/Documentos/GitHub/IR2117/tb3_ws/install/robot_trajectory' for CMake config files
[1.062s] Level 1:colcon.colcon_core.shell:create_environment_hook('robot_trajectory', 'cmake_prefix_path')
[1.071s] INFO:colcon.colcon_core.shell:Creating environment hook '/home/jab/Documentos/GitHub/IR2117/tb3_ws/install/robot_trajectory/share/robot_trajectory/hook/cmake_prefix_path.ps1'
[1.072s] INFO:colcon.colcon_core.shell:Creating environment descriptor '/home/jab/Documentos/GitHub/IR2117/tb3_ws/install/robot_trajectory/share/robot_trajectory/hook/cmake_prefix_path.dsv'
[1.072s] INFO:colcon.colcon_core.shell:Creating environment hook '/home/jab/Documentos/GitHub/IR2117/tb3_ws/install/robot_trajectory/share/robot_trajectory/hook/cmake_prefix_path.sh'
[1.073s] Level 1:colcon.colcon_core.environment:checking '/home/jab/Documentos/GitHub/IR2117/tb3_ws/install/robot_trajectory/lib'
[1.074s] Level 1:colcon.colcon_core.environment:checking '/home/jab/Documentos/GitHub/IR2117/tb3_ws/install/robot_trajectory/bin'
[1.074s] Level 1:colcon.colcon_core.environment:checking '/home/jab/Documentos/GitHub/IR2117/tb3_ws/install/robot_trajectory/lib/pkgconfig/robot_trajectory.pc'
[1.075s] Level 1:colcon.colcon_core.environment:checking '/home/jab/Documentos/GitHub/IR2117/tb3_ws/install/robot_trajectory/lib/python3.8/site-packages'
[1.075s] Level 1:colcon.colcon_core.environment:checking '/home/jab/Documentos/GitHub/IR2117/tb3_ws/install/robot_trajectory/bin'
[1.080s] INFO:colcon.colcon_core.shell:Creating package script '/home/jab/Documentos/GitHub/IR2117/tb3_ws/install/robot_trajectory/share/robot_trajectory/package.ps1'
[1.082s] INFO:colcon.colcon_core.shell:Creating package descriptor '/home/jab/Documentos/GitHub/IR2117/tb3_ws/install/robot_trajectory/share/robot_trajectory/package.dsv'
[1.083s] INFO:colcon.colcon_core.shell:Creating package script '/home/jab/Documentos/GitHub/IR2117/tb3_ws/install/robot_trajectory/share/robot_trajectory/package.sh'
[1.084s] INFO:colcon.colcon_core.shell:Creating package script '/home/jab/Documentos/GitHub/IR2117/tb3_ws/install/robot_trajectory/share/robot_trajectory/package.bash'
[1.086s] INFO:colcon.colcon_core.shell:Creating package script '/home/jab/Documentos/GitHub/IR2117/tb3_ws/install/robot_trajectory/share/robot_trajectory/package.zsh'
[1.089s] Level 1:colcon.colcon_core.environment:create_file_with_runtime_dependencies(/home/jab/Documentos/GitHub/IR2117/tb3_ws/install/robot_trajectory/share/colcon-core/packages/robot_trajectory)
[1.139s] Level 1:colcon.colcon_core.environment:create_environment_scripts_only(robot_trajectory)
[1.148s] Level 1:colcon.colcon_core.environment:checking '/home/jab/Documentos/GitHub/IR2117/tb3_ws/install/robot_trajectory' for CMake module files
[1.150s] Level 1:colcon.colcon_core.environment:checking '/home/jab/Documentos/GitHub/IR2117/tb3_ws/install/robot_trajectory' for CMake config files
[1.151s] Level 1:colcon.colcon_core.shell:create_environment_hook('robot_trajectory', 'cmake_prefix_path')
[1.160s] INFO:colcon.colcon_core.shell:Creating environment hook '/home/jab/Documentos/GitHub/IR2117/tb3_ws/install/robot_trajectory/share/robot_trajectory/hook/cmake_prefix_path.ps1'
[1.161s] INFO:colcon.colcon_core.shell:Creating environment descriptor '/home/jab/Documentos/GitHub/IR2117/tb3_ws/install/robot_trajectory/share/robot_trajectory/hook/cmake_prefix_path.dsv'
[1.162s] INFO:colcon.colcon_core.shell:Creating environment hook '/home/jab/Documentos/GitHub/IR2117/tb3_ws/install/robot_trajectory/share/robot_trajectory/hook/cmake_prefix_path.sh'
[1.163s] Level 1:colcon.colcon_core.environment:checking '/home/jab/Documentos/GitHub/IR2117/tb3_ws/install/robot_trajectory/lib'
[1.163s] Level 1:colcon.colcon_core.environment:checking '/home/jab/Documentos/GitHub/IR2117/tb3_ws/install/robot_trajectory/bin'
[1.163s] Level 1:colcon.colcon_core.environment:checking '/home/jab/Documentos/GitHub/IR2117/tb3_ws/install/robot_trajectory/lib/pkgconfig/robot_trajectory.pc'
[1.163s] Level 1:colcon.colcon_core.environment:checking '/home/jab/Documentos/GitHub/IR2117/tb3_ws/install/robot_trajectory/lib/python3.8/site-packages'
[1.164s] Level 1:colcon.colcon_core.environment:checking '/home/jab/Documentos/GitHub/IR2117/tb3_ws/install/robot_trajectory/bin'
[1.175s] INFO:colcon.colcon_core.shell:Creating package script '/home/jab/Documentos/GitHub/IR2117/tb3_ws/install/robot_trajectory/share/robot_trajectory/package.ps1'
[1.176s] INFO:colcon.colcon_core.shell:Creating package descriptor '/home/jab/Documentos/GitHub/IR2117/tb3_ws/install/robot_trajectory/share/robot_trajectory/package.dsv'
[1.177s] INFO:colcon.colcon_core.shell:Creating package script '/home/jab/Documentos/GitHub/IR2117/tb3_ws/install/robot_trajectory/share/robot_trajectory/package.sh'
[1.178s] INFO:colcon.colcon_core.shell:Creating package script '/home/jab/Documentos/GitHub/IR2117/tb3_ws/install/robot_trajectory/share/robot_trajectory/package.bash'
[1.178s] INFO:colcon.colcon_core.shell:Creating package script '/home/jab/Documentos/GitHub/IR2117/tb3_ws/install/robot_trajectory/share/robot_trajectory/package.zsh'
[1.180s] Level 1:colcon.colcon_core.environment:create_file_with_runtime_dependencies(/home/jab/Documentos/GitHub/IR2117/tb3_ws/install/robot_trajectory/share/colcon-core/packages/robot_trajectory)
[7.100s] DEBUG:colcon.colcon_core.event_handler.log_command:Invoked command in '/home/jab/Documentos/GitHub/IR2117/tb3_ws/build/obstacles' returned '0': CMAKE_PREFIX_PATH=${CMAKE_PREFIX_PATH}:/opt/ros/foxy /usr/bin/cmake --build /home/jab/Documentos/GitHub/IR2117/tb3_ws/build/obstacles -- -j4 -l4
[7.133s] DEBUG:colcon.colcon_core.event_handler.log_command:Invoking command in '/home/jab/Documentos/GitHub/IR2117/tb3_ws/build/obstacles': CMAKE_PREFIX_PATH=${CMAKE_PREFIX_PATH}:/opt/ros/foxy /usr/bin/cmake --install /home/jab/Documentos/GitHub/IR2117/tb3_ws/build/obstacles
[7.147s] Level 1:colcon.colcon_core.environment:create_environment_scripts_only(obstacles)
[7.153s] DEBUG:colcon.colcon_core.event_handler.log_command:Invoked command in '/home/jab/Documentos/GitHub/IR2117/tb3_ws/build/obstacles' returned '0': CMAKE_PREFIX_PATH=${CMAKE_PREFIX_PATH}:/opt/ros/foxy /usr/bin/cmake --install /home/jab/Documentos/GitHub/IR2117/tb3_ws/build/obstacles
[7.156s] Level 1:colcon.colcon_core.environment:checking '/home/jab/Documentos/GitHub/IR2117/tb3_ws/install/obstacles' for CMake module files
[7.157s] Level 1:colcon.colcon_core.environment:checking '/home/jab/Documentos/GitHub/IR2117/tb3_ws/install/obstacles' for CMake config files
[7.157s] Level 1:colcon.colcon_core.shell:create_environment_hook('obstacles', 'cmake_prefix_path')
[7.162s] INFO:colcon.colcon_core.shell:Creating environment hook '/home/jab/Documentos/GitHub/IR2117/tb3_ws/install/obstacles/share/obstacles/hook/cmake_prefix_path.ps1'
[7.163s] INFO:colcon.colcon_core.shell:Creating environment descriptor '/home/jab/Documentos/GitHub/IR2117/tb3_ws/install/obstacles/share/obstacles/hook/cmake_prefix_path.dsv'
[7.163s] INFO:colcon.colcon_core.shell:Creating environment hook '/home/jab/Documentos/GitHub/IR2117/tb3_ws/install/obstacles/share/obstacles/hook/cmake_prefix_path.sh'
[7.164s] Level 1:colcon.colcon_core.environment:checking '/home/jab/Documentos/GitHub/IR2117/tb3_ws/install/obstacles/lib'
[7.165s] Level 1:colcon.colcon_core.environment:checking '/home/jab/Documentos/GitHub/IR2117/tb3_ws/install/obstacles/bin'
[7.165s] Level 1:colcon.colcon_core.environment:checking '/home/jab/Documentos/GitHub/IR2117/tb3_ws/install/obstacles/lib/pkgconfig/obstacles.pc'
[7.165s] Level 1:colcon.colcon_core.environment:checking '/home/jab/Documentos/GitHub/IR2117/tb3_ws/install/obstacles/lib/python3.8/site-packages'
[7.165s] Level 1:colcon.colcon_core.environment:checking '/home/jab/Documentos/GitHub/IR2117/tb3_ws/install/obstacles/bin'
[7.171s] INFO:colcon.colcon_core.shell:Creating package script '/home/jab/Documentos/GitHub/IR2117/tb3_ws/install/obstacles/share/obstacles/package.ps1'
[7.172s] INFO:colcon.colcon_core.shell:Creating package descriptor '/home/jab/Documentos/GitHub/IR2117/tb3_ws/install/obstacles/share/obstacles/package.dsv'
[7.173s] INFO:colcon.colcon_core.shell:Creating package script '/home/jab/Documentos/GitHub/IR2117/tb3_ws/install/obstacles/share/obstacles/package.sh'
[7.174s] INFO:colcon.colcon_core.shell:Creating package script '/home/jab/Documentos/GitHub/IR2117/tb3_ws/install/obstacles/share/obstacles/package.bash'
[7.174s] INFO:colcon.colcon_core.shell:Creating package script '/home/jab/Documentos/GitHub/IR2117/tb3_ws/install/obstacles/share/obstacles/package.zsh'
[7.174s] Level 1:colcon.colcon_core.environment:create_file_with_runtime_dependencies(/home/jab/Documentos/GitHub/IR2117/tb3_ws/install/obstacles/share/colcon-core/packages/obstacles)
[7.210s] Level 1:colcon.colcon_core.environment:create_environment_scripts_only(obstacles)
[7.218s] Level 1:colcon.colcon_core.environment:checking '/home/jab/Documentos/GitHub/IR2117/tb3_ws/install/obstacles' for CMake module files
[7.219s] Level 1:colcon.colcon_core.environment:checking '/home/jab/Documentos/GitHub/IR2117/tb3_ws/install/obstacles' for CMake config files
[7.219s] Level 1:colcon.colcon_core.shell:create_environment_hook('obstacles', 'cmake_prefix_path')
[7.224s] INFO:colcon.colcon_core.shell:Creating environment hook '/home/jab/Documentos/GitHub/IR2117/tb3_ws/install/obstacles/share/obstacles/hook/cmake_prefix_path.ps1'
[7.225s] INFO:colcon.colcon_core.shell:Creating environment descriptor '/home/jab/Documentos/GitHub/IR2117/tb3_ws/install/obstacles/share/obstacles/hook/cmake_prefix_path.dsv'
[7.225s] INFO:colcon.colcon_core.shell:Creating environment hook '/home/jab/Documentos/GitHub/IR2117/tb3_ws/install/obstacles/share/obstacles/hook/cmake_prefix_path.sh'
[7.226s] Level 1:colcon.colcon_core.environment:checking '/home/jab/Documentos/GitHub/IR2117/tb3_ws/install/obstacles/lib'
[7.226s] Level 1:colcon.colcon_core.environment:checking '/home/jab/Documentos/GitHub/IR2117/tb3_ws/install/obstacles/bin'
[7.226s] Level 1:colcon.colcon_core.environment:checking '/home/jab/Documentos/GitHub/IR2117/tb3_ws/install/obstacles/lib/pkgconfig/obstacles.pc'
[7.226s] Level 1:colcon.colcon_core.environment:checking '/home/jab/Documentos/GitHub/IR2117/tb3_ws/install/obstacles/lib/python3.8/site-packages'
[7.226s] Level 1:colcon.colcon_core.environment:checking '/home/jab/Documentos/GitHub/IR2117/tb3_ws/install/obstacles/bin'
[7.234s] INFO:colcon.colcon_core.shell:Creating package script '/home/jab/Documentos/GitHub/IR2117/tb3_ws/install/obstacles/share/obstacles/package.ps1'
[7.235s] INFO:colcon.colcon_core.shell:Creating package descriptor '/home/jab/Documentos/GitHub/IR2117/tb3_ws/install/obstacles/share/obstacles/package.dsv'
[7.235s] INFO:colcon.colcon_core.shell:Creating package script '/home/jab/Documentos/GitHub/IR2117/tb3_ws/install/obstacles/share/obstacles/package.sh'
[7.235s] INFO:colcon.colcon_core.shell:Creating package script '/home/jab/Documentos/GitHub/IR2117/tb3_ws/install/obstacles/share/obstacles/package.bash'
[7.236s] INFO:colcon.colcon_core.shell:Creating package script '/home/jab/Documentos/GitHub/IR2117/tb3_ws/install/obstacles/share/obstacles/package.zsh'
[7.236s] Level 1:colcon.colcon_core.environment:create_file_with_runtime_dependencies(/home/jab/Documentos/GitHub/IR2117/tb3_ws/install/obstacles/share/colcon-core/packages/obstacles)
[7.237s] DEBUG:colcon.colcon_parallel_executor.executor.parallel:closing loop
[7.238s] DEBUG:colcon.colcon_parallel_executor.executor.parallel:loop closed
[7.238s] DEBUG:colcon.colcon_parallel_executor.executor.parallel:run_until_complete finished with '0'
[7.238s] DEBUG:colcon.colcon_core.event_reactor:joining thread
[7.250s] INFO:colcon.colcon_core.plugin_system:Skipping extension 'colcon_notification.desktop_notification.notify_send': Could not find 'notify-send'
[7.250s] INFO:colcon.colcon_core.plugin_system:Skipping extension 'colcon_notification.desktop_notification.terminal_notifier': Not used on non-Darwin systems
[7.250s] INFO:colcon.colcon_core.plugin_system:Skipping extension 'colcon_notification.desktop_notification.win32': Not used on non-Windows systems
[7.250s] INFO:colcon.colcon_notification.desktop_notification:Sending desktop notification using 'notify2'
[7.267s] DEBUG:colcon.colcon_core.event_reactor:joined thread
[7.277s] INFO:colcon.colcon_core.shell:Creating prefix script '/home/jab/Documentos/GitHub/IR2117/tb3_ws/install/local_setup.ps1'
[7.280s] INFO:colcon.colcon_core.shell:Creating prefix util module '/home/jab/Documentos/GitHub/IR2117/tb3_ws/install/_local_setup_util_ps1.py'
[7.281s] INFO:colcon.colcon_core.shell:Creating prefix chain script '/home/jab/Documentos/GitHub/IR2117/tb3_ws/install/setup.ps1'
[7.288s] INFO:colcon.colcon_core.shell:Creating prefix script '/home/jab/Documentos/GitHub/IR2117/tb3_ws/install/local_setup.sh'
[7.288s] INFO:colcon.colcon_core.shell:Creating prefix util module '/home/jab/Documentos/GitHub/IR2117/tb3_ws/install/_local_setup_util_sh.py'
[7.289s] INFO:colcon.colcon_core.shell:Creating prefix chain script '/home/jab/Documentos/GitHub/IR2117/tb3_ws/install/setup.sh'
[7.296s] INFO:colcon.colcon_core.shell:Creating prefix script '/home/jab/Documentos/GitHub/IR2117/tb3_ws/install/local_setup.bash'
[7.296s] INFO:colcon.colcon_core.shell:Creating prefix chain script '/home/jab/Documentos/GitHub/IR2117/tb3_ws/install/setup.bash'
[7.301s] INFO:colcon.colcon_core.shell:Creating prefix script '/home/jab/Documentos/GitHub/IR2117/tb3_ws/install/local_setup.zsh'
[7.302s] INFO:colcon.colcon_core.shell:Creating prefix chain script '/home/jab/Documentos/GitHub/IR2117/tb3_ws/install/setup.zsh'
