[35m[1mScanning dependencies of target avoidance[0m
[ 50%] Built target detector
[ 75%] [32mBuilding CXX object CMakeFiles/avoidance.dir/src/avoidance.cpp.o[0m
[01m[K/home/jab/Documentos/GitHub/IR2117/tb3_ws/src/obstacles/src/avoidance.cpp:25:6:[m[K [01;31m[Kerror: [m[Kredefinition of ‘[01m[Kbool front_obstacle[m[K’
   25 | bool [01;31m[Kfront_obstacle[m[K=false, left_obstacle=false, right_obstacle=false;
      |      [01;31m[K^~~~~~~~~~~~~~[m[K
[01m[K/home/jab/Documentos/GitHub/IR2117/tb3_ws/src/obstacles/src/avoidance.cpp:10:6:[m[K [01;36m[Knote: [m[K‘[01m[Kbool front_obstacle[m[K’ previously defined here
   10 | bool [01;36m[Kfront_obstacle[m[K = false, left_obstacle = false, right_obstacle = false;
      |      [01;36m[K^~~~~~~~~~~~~~[m[K
[01m[K/home/jab/Documentos/GitHub/IR2117/tb3_ws/src/obstacles/src/avoidance.cpp:25:28:[m[K [01;31m[Kerror: [m[Kredefinition of ‘[01m[Kbool left_obstacle[m[K’
   25 | bool front_obstacle=false, [01;31m[Kleft_obstacle[m[K=false, right_obstacle=false;
      |                            [01;31m[K^~~~~~~~~~~~~[m[K
[01m[K/home/jab/Documentos/GitHub/IR2117/tb3_ws/src/obstacles/src/avoidance.cpp:10:30:[m[K [01;36m[Knote: [m[K‘[01m[Kbool left_obstacle[m[K’ previously defined here
   10 | bool front_obstacle = false, [01;36m[Kleft_obstacle[m[K = false, right_obstacle = false;
      |                              [01;36m[K^~~~~~~~~~~~~[m[K
[01m[K/home/jab/Documentos/GitHub/IR2117/tb3_ws/src/obstacles/src/avoidance.cpp:25:49:[m[K [01;31m[Kerror: [m[Kredefinition of ‘[01m[Kbool right_obstacle[m[K’
   25 | bool front_obstacle=false, left_obstacle=false, [01;31m[Kright_obstacle[m[K=false;
      |                                                 [01;31m[K^~~~~~~~~~~~~~[m[K
[01m[K/home/jab/Documentos/GitHub/IR2117/tb3_ws/src/obstacles/src/avoidance.cpp:10:53:[m[K [01;36m[Knote: [m[K‘[01m[Kbool right_obstacle[m[K’ previously defined here
   10 | bool front_obstacle = false, left_obstacle = false, [01;36m[Kright_obstacle[m[K = false;
      |                                                     [01;36m[K^~~~~~~~~~~~~~[m[K
make[2]: *** [CMakeFiles/avoidance.dir/build.make:63: CMakeFiles/avoidance.dir/src/avoidance.cpp.o] Error 1
make[1]: *** [CMakeFiles/Makefile2:107: CMakeFiles/avoidance.dir/all] Error 2
make: *** [Makefile:141: all] Error 2
