[0.034s] Invoking command in '/home/usuario/Documentos/GitHub/IR2117/tb3_ws/build/olympic_interfaces': CMAKE_PREFIX_PATH=${CMAKE_PREFIX_PATH}:/opt/ros/foxy /usr/bin/cmake --build /home/usuario/Documentos/GitHub/IR2117/tb3_ws/build/olympic_interfaces -- -j6 -l6
[0.049s] -- Found ament_cmake: 0.9.11 (/opt/ros/foxy/share/ament_cmake/cmake)
[0.066s] -- Using PYTHON_EXECUTABLE: /usr/bin/python3
[0.214s] -- Found ament_lint_auto: 0.9.7 (/opt/ros/foxy/share/ament_lint_auto/cmake)
[0.261s] -- Found rosidl_default_generators: 1.0.1 (/opt/ros/foxy/share/rosidl_default_generators/cmake)
[0.264s] -- Using all available rosidl_typesupport_c: rosidl_typesupport_fastrtps_c;rosidl_typesupport_introspection_c
[0.269s] -- Found rosidl_adapter: 1.3.0 (/opt/ros/foxy/share/rosidl_adapter/cmake)
[0.340s] -- Found OpenSSL: /usr/lib/x86_64-linux-gnu/libcrypto.so (found version "1.1.1f")  
[0.364s] -- Found FastRTPS: /opt/ros/foxy/include  
[0.423s] -- Using all available rosidl_typesupport_cpp: rosidl_typesupport_fastrtps_cpp;rosidl_typesupport_introspection_cpp
[0.462s] -- Found PythonInterp: /usr/bin/python3 (found version "3.8.10") 
[0.564s] -- Found ament_cmake_ros: 0.9.2 (/opt/ros/foxy/share/ament_cmake_ros/cmake)
[0.668s] -- Using all available rosidl_typesupport_c: rosidl_typesupport_fastrtps_c;rosidl_typesupport_introspection_c
[0.685s] -- Using all available rosidl_typesupport_cpp: rosidl_typesupport_fastrtps_cpp;rosidl_typesupport_introspection_cpp
[0.707s] -- Found PythonInterp: /usr/bin/python3 (found suitable version "3.8.10", minimum required is "3.5") 
[0.709s] -- Found python_cmake_module: 0.8.1 (/opt/ros/foxy/share/python_cmake_module/cmake)
[0.735s] -- Found PythonLibs: /usr/lib/x86_64-linux-gnu/libpython3.8.so (found suitable version "3.8.10", minimum required is "3.5") 
[0.736s] -- Using PYTHON_EXECUTABLE: /usr/bin/python3
[0.736s] -- Using PYTHON_INCLUDE_DIRS: /usr/include/python3.8
[0.736s] -- Using PYTHON_LIBRARIES: /usr/lib/x86_64-linux-gnu/libpython3.8.so
[0.755s] -- Found PythonExtra: .so  
[0.801s] -- Added test 'copyright' to check source files copyright and LICENSE
[0.802s] -- Added test 'lint_cmake' to check CMake code style
[0.802s] -- Added test 'xmllint' to check XML markup files
[0.812s] -- Configuring done
[0.853s] -- Generating done
[0.855s] -- Build files have been written to: /home/usuario/Documentos/GitHub/IR2117/tb3_ws/build/olympic_interfaces
[0.876s] [  3%] [34m[1mGenerating C code for ROS interfaces[0m
[0.876s] [35m[1mScanning dependencies of target olympic_interfaces__cpp[0m
[0.883s] [  6%] [34m[1mGenerating C++ code for ROS interfaces[0m
[1.151s] [  6%] Built target olympic_interfaces__cpp
[1.159s] [  9%] [34m[1mGenerating C++ introspection for ROS interfaces[0m
[1.161s] [ 12%] [34m[1mGenerating C++ type support for eProsima Fast-RTPS[0m
[1.168s] [ 16%] [34m[1mGenerating C++ type support dispatch for ROS interfaces[0m
[1.169s] [35m[1mScanning dependencies of target olympic_interfaces__rosidl_generator_c[0m
[1.233s] [ 19%] [32mBuilding C object CMakeFiles/olympic_interfaces__rosidl_generator_c.dir/rosidl_generator_c/olympic_interfaces/action/detail/rings__functions.c.o[0m
[1.345s] [35m[1mScanning dependencies of target olympic_interfaces__rosidl_typesupport_cpp[0m
[1.361s] [ 22%] [32m[1mLinking C shared library libolympic_interfaces__rosidl_generator_c.so[0m
[1.373s] [35m[1mScanning dependencies of target olympic_interfaces__rosidl_typesupport_introspection_cpp[0m
[1.378s] [ 25%] [32mBuilding CXX object CMakeFiles/olympic_interfaces__rosidl_typesupport_cpp.dir/rosidl_typesupport_cpp/olympic_interfaces/action/rings__type_support.cpp.o[0m
[1.395s] [ 25%] Built target olympic_interfaces__rosidl_generator_c
[1.403s] [ 29%] [34m[1mGenerating C type support dispatch for ROS interfaces[0m
[1.421s] [ 32%] [34m[1mGenerating C introspection for ROS interfaces[0m
[1.424s] [ 35%] [32mBuilding CXX object CMakeFiles/olympic_interfaces__rosidl_typesupport_introspection_cpp.dir/rosidl_typesupport_introspection_cpp/olympic_interfaces/action/detail/rings__type_support.cpp.o[0m
[1.512s] [35m[1mScanning dependencies of target olympic_interfaces__rosidl_typesupport_fastrtps_cpp[0m
[1.570s] [ 38%] [32mBuilding CXX object CMakeFiles/olympic_interfaces__rosidl_typesupport_fastrtps_cpp.dir/rosidl_typesupport_fastrtps_cpp/olympic_interfaces/action/detail/dds_fastrtps/rings__type_support.cpp.o[0m
[1.608s] [ 41%] [32m[1mLinking CXX shared library libolympic_interfaces__rosidl_typesupport_cpp.so[0m
[1.625s] [35m[1mScanning dependencies of target olympic_interfaces__rosidl_typesupport_c[0m
[1.657s] [ 45%] Built target olympic_interfaces__rosidl_typesupport_cpp
[1.664s] [ 45%] [32mBuilding CXX object CMakeFiles/olympic_interfaces__rosidl_typesupport_c.dir/rosidl_typesupport_c/olympic_interfaces/action/rings__type_support.cpp.o[0m
[1.724s] [35m[1mScanning dependencies of target olympic_interfaces__rosidl_typesupport_introspection_c[0m
[1.738s] [ 48%] [32m[1mLinking CXX shared library libolympic_interfaces__rosidl_typesupport_c.so[0m
[1.763s] [ 51%] [32mBuilding C object CMakeFiles/olympic_interfaces__rosidl_typesupport_introspection_c.dir/rosidl_typesupport_introspection_c/olympic_interfaces/action/detail/rings__type_support.c.o[0m
[1.805s] [ 51%] Built target olympic_interfaces__rosidl_typesupport_c
[1.814s] [ 54%] [32m[1mLinking CXX shared library libolympic_interfaces__rosidl_typesupport_introspection_cpp.so[0m
[1.815s] [ 58%] [32m[1mLinking C shared library libolympic_interfaces__rosidl_typesupport_introspection_c.so[0m
[1.838s] [ 58%] Built target olympic_interfaces__rosidl_typesupport_introspection_c
[1.876s] [ 58%] Built target olympic_interfaces__rosidl_typesupport_introspection_cpp
[1.975s] [ 61%] [32m[1mLinking CXX shared library libolympic_interfaces__rosidl_typesupport_fastrtps_cpp.so[0m
[2.045s] [ 61%] Built target olympic_interfaces__rosidl_typesupport_fastrtps_cpp
[2.054s] [ 64%] [34m[1mGenerating C type support for eProsima Fast-RTPS[0m
[2.303s] [35m[1mScanning dependencies of target olympic_interfaces__rosidl_typesupport_fastrtps_c[0m
[2.320s] [ 67%] [32mBuilding CXX object CMakeFiles/olympic_interfaces__rosidl_typesupport_fastrtps_c.dir/rosidl_typesupport_fastrtps_c/olympic_interfaces/action/detail/rings__type_support_c.cpp.o[0m
[2.616s] [ 70%] [32m[1mLinking CXX shared library libolympic_interfaces__rosidl_typesupport_fastrtps_c.so[0m
[2.682s] [ 70%] Built target olympic_interfaces__rosidl_typesupport_fastrtps_c
[2.690s] [35m[1mScanning dependencies of target olympic_interfaces[0m
[2.698s] [ 70%] Built target olympic_interfaces
[2.706s] [35m[1mScanning dependencies of target olympic_interfaces__py[0m
[2.714s] [ 74%] [34m[1mGenerating Python code for ROS interfaces[0m
[3.318s] [ 74%] Built target olympic_interfaces__py
[3.326s] [35m[1mScanning dependencies of target olympic_interfaces__python[0m
[3.354s] [ 77%] [32mBuilding C object CMakeFiles/olympic_interfaces__python.dir/rosidl_generator_py/olympic_interfaces/action/_rings_s.c.o[0m
[3.451s] [ 80%] [32m[1mLinking C shared library rosidl_generator_py/olympic_interfaces/libolympic_interfaces__python.so[0m
[3.488s] [ 80%] Built target olympic_interfaces__python
[3.496s] [35m[1mScanning dependencies of target olympic_interfaces__rosidl_typesupport_c__pyext[0m
[3.496s] [35m[1mScanning dependencies of target olympic_interfaces__rosidl_typesupport_introspection_c__pyext[0m
[3.497s] [35m[1mScanning dependencies of target olympic_interfaces__rosidl_typesupport_fastrtps_c__pyext[0m
[3.509s] [ 83%] [32mBuilding C object CMakeFiles/olympic_interfaces__rosidl_typesupport_c__pyext.dir/rosidl_generator_py/olympic_interfaces/_olympic_interfaces_s.ep.rosidl_typesupport_c.c.o[0m
[3.514s] [ 87%] [32mBuilding C object CMakeFiles/olympic_interfaces__rosidl_typesupport_introspection_c__pyext.dir/rosidl_generator_py/olympic_interfaces/_olympic_interfaces_s.ep.rosidl_typesupport_introspection_c.c.o[0m
[3.516s] [ 90%] [32mBuilding C object CMakeFiles/olympic_interfaces__rosidl_typesupport_fastrtps_c__pyext.dir/rosidl_generator_py/olympic_interfaces/_olympic_interfaces_s.ep.rosidl_typesupport_fastrtps_c.c.o[0m
[3.577s] [ 93%] [32m[1mLinking C shared library rosidl_generator_py/olympic_interfaces/olympic_interfaces_s__rosidl_typesupport_c.cpython-38-x86_64-linux-gnu.so[0m
[3.580s] [ 96%] [32m[1mLinking C shared library rosidl_generator_py/olympic_interfaces/olympic_interfaces_s__rosidl_typesupport_introspection_c.cpython-38-x86_64-linux-gnu.so[0m
[3.583s] [100%] [32m[1mLinking CXX shared library rosidl_generator_py/olympic_interfaces/olympic_interfaces_s__rosidl_typesupport_fastrtps_c.cpython-38-x86_64-linux-gnu.so[0m
[3.608s] [100%] Built target olympic_interfaces__rosidl_typesupport_introspection_c__pyext
[3.608s] [100%] Built target olympic_interfaces__rosidl_typesupport_c__pyext
[3.635s] [100%] Built target olympic_interfaces__rosidl_typesupport_fastrtps_c__pyext
