[0.031s] Invoking command in '/home/jordi/Documents/GitHub/IR2117/ros2_ws/build/examples_sum': CMAKE_PREFIX_PATH=/opt/ros/foxy /usr/bin/cmake --build /home/jordi/Documents/GitHub/IR2117/ros2_ws/build/examples_sum -- -j1 -l1
[0.223s] [35m[1mScanning dependencies of target sum[0m
[0.294s] [ 50%] [32mBuilding CXX object CMakeFiles/sum.dir/sum.cpp.o[0m
[6.554s] [100%] [32m[1mLinking CXX executable sum[0m
[6.987s] [100%] Built target sum
[7.035s] Invoked command in '/home/jordi/Documents/GitHub/IR2117/ros2_ws/build/examples_sum' returned '0': CMAKE_PREFIX_PATH=/opt/ros/foxy /usr/bin/cmake --build /home/jordi/Documents/GitHub/IR2117/ros2_ws/build/examples_sum -- -j1 -l1
[7.106s] Invoking command in '/home/jordi/Documents/GitHub/IR2117/ros2_ws/build/examples_sum': CMAKE_PREFIX_PATH=/opt/ros/foxy /usr/bin/cmake --install /home/jordi/Documents/GitHub/IR2117/ros2_ws/build/examples_sum
[7.121s] -- Install configuration: ""
[7.123s] -- Installing: /home/jordi/Documents/GitHub/IR2117/ros2_ws/install/examples_sum/lib/examples_sum/sum
[7.128s] -- Set runtime path of "/home/jordi/Documents/GitHub/IR2117/ros2_ws/install/examples_sum/lib/examples_sum/sum" to ""
[7.129s] -- Up-to-date: /home/jordi/Documents/GitHub/IR2117/ros2_ws/install/examples_sum/share/ament_index/resource_index/package_run_dependencies/examples_sum
[7.130s] -- Up-to-date: /home/jordi/Documents/GitHub/IR2117/ros2_ws/install/examples_sum/share/ament_index/resource_index/parent_prefix_path/examples_sum
[7.130s] -- Up-to-date: /home/jordi/Documents/GitHub/IR2117/ros2_ws/install/examples_sum/share/examples_sum/environment/ament_prefix_path.sh
[7.131s] -- Up-to-date: /home/jordi/Documents/GitHub/IR2117/ros2_ws/install/examples_sum/share/examples_sum/environment/ament_prefix_path.dsv
[7.132s] -- Up-to-date: /home/jordi/Documents/GitHub/IR2117/ros2_ws/install/examples_sum/share/examples_sum/environment/path.sh
[7.136s] -- Up-to-date: /home/jordi/Documents/GitHub/IR2117/ros2_ws/install/examples_sum/share/examples_sum/environment/path.dsv
[7.137s] -- Up-to-date: /home/jordi/Documents/GitHub/IR2117/ros2_ws/install/examples_sum/share/examples_sum/local_setup.bash
[7.137s] -- Up-to-date: /home/jordi/Documents/GitHub/IR2117/ros2_ws/install/examples_sum/share/examples_sum/local_setup.sh
[7.139s] -- Up-to-date: /home/jordi/Documents/GitHub/IR2117/ros2_ws/install/examples_sum/share/examples_sum/local_setup.zsh
[7.139s] -- Up-to-date: /home/jordi/Documents/GitHub/IR2117/ros2_ws/install/examples_sum/share/examples_sum/local_setup.dsv
[7.140s] -- Installing: /home/jordi/Documents/GitHub/IR2117/ros2_ws/install/examples_sum/share/examples_sum/package.dsv
[7.141s] -- Up-to-date: /home/jordi/Documents/GitHub/IR2117/ros2_ws/install/examples_sum/share/ament_index/resource_index/packages/examples_sum
[7.141s] -- Up-to-date: /home/jordi/Documents/GitHub/IR2117/ros2_ws/install/examples_sum/share/examples_sum/cmake/examples_sumConfig.cmake
[7.141s] -- Up-to-date: /home/jordi/Documents/GitHub/IR2117/ros2_ws/install/examples_sum/share/examples_sum/cmake/examples_sumConfig-version.cmake
[7.141s] -- Up-to-date: /home/jordi/Documents/GitHub/IR2117/ros2_ws/install/examples_sum/share/examples_sum/package.xml
[7.148s] Invoked command in '/home/jordi/Documents/GitHub/IR2117/ros2_ws/build/examples_sum' returned '0': CMAKE_PREFIX_PATH=/opt/ros/foxy /usr/bin/cmake --install /home/jordi/Documents/GitHub/IR2117/ros2_ws/build/examples_sum
