[0.709s] DEBUG:colcon:Command line arguments: ['/home/jab/.local/bin/colcon', 'build']
[0.709s] DEBUG:colcon:Parsed command line arguments: Namespace(ament_cmake_args=None, base_paths=['.'], build_base='build', catkin_cmake_args=None, catkin_skip_building_tests=False, cmake_args=None, cmake_clean_cache=False, cmake_clean_first=False, cmake_force_configure=False, cmake_target=None, cmake_target_skip_unavailable=False, continue_on_error=False, event_handlers=None, executor='parallel', ignore_user_meta=False, install_base='install', log_base=None, log_level=None, main=<bound method BuildVerb.main of <colcon_core.verb.build.BuildVerb object at 0x7fc92f65ceb0>>, merge_install=False, metas=['./colcon.meta'], packages_above=None, packages_above_and_dependencies=None, packages_above_depth=None, packages_end=None, packages_ignore=None, packages_ignore_regex=None, packages_select=None, packages_select_build_failed=False, packages_select_by_dep=None, packages_select_regex=None, packages_select_test_failures=False, packages_skip=None, packages_skip_build_finished=False, packages_skip_by_dep=None, packages_skip_regex=None, packages_skip_test_passed=False, packages_skip_up_to=None, packages_start=None, packages_up_to=None, packages_up_to_regex=None, parallel_workers=4, paths=None, symlink_install=False, test_result_base=None, verb_extension=<colcon_core.verb.build.BuildVerb object at 0x7fc92f65ceb0>, verb_name='build', verb_parser=<colcon_defaults.argument_parser.defaults.DefaultArgumentsDecorator object at 0x7fc92f5de460>)
[0.755s] Level 1:colcon.colcon_core.package_discovery:discover_packages(colcon_meta) check parameters
[0.755s] Level 1:colcon.colcon_core.package_discovery:discover_packages(recursive) check parameters
[0.755s] Level 1:colcon.colcon_core.package_discovery:discover_packages(ignore) check parameters
[0.755s] Level 1:colcon.colcon_core.package_discovery:discover_packages(path) check parameters
[0.755s] Level 1:colcon.colcon_core.package_discovery:discover_packages(colcon_meta) discover
[0.755s] Level 1:colcon.colcon_core.package_discovery:discover_packages(recursive) discover
[0.755s] INFO:colcon.colcon_core.package_discovery:Crawling recursively for packages in '/home/jab/Documentos/GitHub/IR2117/tb3_ws'
[0.755s] Level 1:colcon.colcon_core.package_identification:_identify(.) by extensions ['ignore', 'ignore_ament_install']
[0.755s] Level 1:colcon.colcon_core.package_identification:_identify(.) by extension 'ignore'
[0.755s] Level 1:colcon.colcon_core.package_identification:_identify(.) by extension 'ignore_ament_install'
[0.755s] Level 1:colcon.colcon_core.package_identification:_identify(.) by extensions ['colcon_pkg']
[0.756s] Level 1:colcon.colcon_core.package_identification:_identify(.) by extension 'colcon_pkg'
[0.756s] Level 1:colcon.colcon_core.package_identification:_identify(.) by extensions ['colcon_meta']
[0.756s] Level 1:colcon.colcon_core.package_identification:_identify(.) by extension 'colcon_meta'
[0.756s] Level 1:colcon.colcon_core.package_identification:_identify(.) by extensions ['ros']
[0.756s] Level 1:colcon.colcon_core.package_identification:_identify(.) by extension 'ros'
[0.785s] Level 1:colcon.colcon_core.package_identification:_identify(.) by extensions ['cmake', 'python']
[0.785s] Level 1:colcon.colcon_core.package_identification:_identify(.) by extension 'cmake'
[0.785s] Level 1:colcon.colcon_core.package_identification:_identify(.) by extension 'python'
[0.785s] Level 1:colcon.colcon_core.package_identification:_identify(.) by extensions ['python_setup_py']
[0.785s] Level 1:colcon.colcon_core.package_identification:_identify(.) by extension 'python_setup_py'
[0.785s] Level 1:colcon.colcon_core.package_identification:_identify(build) by extensions ['ignore', 'ignore_ament_install']
[0.785s] Level 1:colcon.colcon_core.package_identification:_identify(build) by extension 'ignore'
[0.785s] Level 1:colcon.colcon_core.package_identification:_identify(build) ignored
[0.785s] Level 1:colcon.colcon_core.package_identification:_identify(install) by extensions ['ignore', 'ignore_ament_install']
[0.785s] Level 1:colcon.colcon_core.package_identification:_identify(install) by extension 'ignore'
[0.786s] Level 1:colcon.colcon_core.package_identification:_identify(install) ignored
[0.786s] Level 1:colcon.colcon_core.package_identification:_identify(log) by extensions ['ignore', 'ignore_ament_install']
[0.786s] Level 1:colcon.colcon_core.package_identification:_identify(log) by extension 'ignore'
[0.786s] Level 1:colcon.colcon_core.package_identification:_identify(log) ignored
[0.786s] Level 1:colcon.colcon_core.package_identification:_identify(src) by extensions ['ignore', 'ignore_ament_install']
[0.786s] Level 1:colcon.colcon_core.package_identification:_identify(src) by extension 'ignore'
[0.786s] Level 1:colcon.colcon_core.package_identification:_identify(src) by extension 'ignore_ament_install'
[0.786s] Level 1:colcon.colcon_core.package_identification:_identify(src) by extensions ['colcon_pkg']
[0.786s] Level 1:colcon.colcon_core.package_identification:_identify(src) by extension 'colcon_pkg'
[0.786s] Level 1:colcon.colcon_core.package_identification:_identify(src) by extensions ['colcon_meta']
[0.786s] Level 1:colcon.colcon_core.package_identification:_identify(src) by extension 'colcon_meta'
[0.786s] Level 1:colcon.colcon_core.package_identification:_identify(src) by extensions ['ros']
[0.786s] Level 1:colcon.colcon_core.package_identification:_identify(src) by extension 'ros'
[0.786s] Level 1:colcon.colcon_core.package_identification:_identify(src) by extensions ['cmake', 'python']
[0.786s] Level 1:colcon.colcon_core.package_identification:_identify(src) by extension 'cmake'
[0.786s] Level 1:colcon.colcon_core.package_identification:_identify(src) by extension 'python'
[0.786s] Level 1:colcon.colcon_core.package_identification:_identify(src) by extensions ['python_setup_py']
[0.787s] Level 1:colcon.colcon_core.package_identification:_identify(src) by extension 'python_setup_py'
[0.787s] Level 1:colcon.colcon_core.package_identification:_identify(src/build) by extensions ['ignore', 'ignore_ament_install']
[0.787s] Level 1:colcon.colcon_core.package_identification:_identify(src/build) by extension 'ignore'
[0.787s] Level 1:colcon.colcon_core.package_identification:_identify(src/build) ignored
[0.787s] Level 1:colcon.colcon_core.package_identification:_identify(src/install) by extensions ['ignore', 'ignore_ament_install']
[0.787s] Level 1:colcon.colcon_core.package_identification:_identify(src/install) by extension 'ignore'
[0.787s] Level 1:colcon.colcon_core.package_identification:_identify(src/install) ignored
[0.787s] Level 1:colcon.colcon_core.package_identification:_identify(src/log) by extensions ['ignore', 'ignore_ament_install']
[0.787s] Level 1:colcon.colcon_core.package_identification:_identify(src/log) by extension 'ignore'
[0.787s] Level 1:colcon.colcon_core.package_identification:_identify(src/log) ignored
[0.787s] Level 1:colcon.colcon_core.package_identification:_identify(src/obstacles) by extensions ['ignore', 'ignore_ament_install']
[0.787s] Level 1:colcon.colcon_core.package_identification:_identify(src/obstacles) by extension 'ignore'
[0.787s] Level 1:colcon.colcon_core.package_identification:_identify(src/obstacles) by extension 'ignore_ament_install'
[0.787s] Level 1:colcon.colcon_core.package_identification:_identify(src/obstacles) by extensions ['colcon_pkg']
[0.787s] Level 1:colcon.colcon_core.package_identification:_identify(src/obstacles) by extension 'colcon_pkg'
[0.788s] Level 1:colcon.colcon_core.package_identification:_identify(src/obstacles) by extensions ['colcon_meta']
[0.788s] Level 1:colcon.colcon_core.package_identification:_identify(src/obstacles) by extension 'colcon_meta'
[0.788s] Level 1:colcon.colcon_core.package_identification:_identify(src/obstacles) by extensions ['ros']
[0.788s] Level 1:colcon.colcon_core.package_identification:_identify(src/obstacles) by extension 'ros'
[0.790s] DEBUG:colcon.colcon_core.package_identification:Package 'src/obstacles' with type 'ros.ament_cmake' and name 'obstacles'
[0.791s] Level 1:colcon.colcon_core.package_identification:_identify(src/robot_trajectory) by extensions ['ignore', 'ignore_ament_install']
[0.791s] Level 1:colcon.colcon_core.package_identification:_identify(src/robot_trajectory) by extension 'ignore'
[0.791s] Level 1:colcon.colcon_core.package_identification:_identify(src/robot_trajectory) by extension 'ignore_ament_install'
[0.791s] Level 1:colcon.colcon_core.package_identification:_identify(src/robot_trajectory) by extensions ['colcon_pkg']
[0.791s] Level 1:colcon.colcon_core.package_identification:_identify(src/robot_trajectory) by extension 'colcon_pkg'
[0.791s] Level 1:colcon.colcon_core.package_identification:_identify(src/robot_trajectory) by extensions ['colcon_meta']
[0.791s] Level 1:colcon.colcon_core.package_identification:_identify(src/robot_trajectory) by extension 'colcon_meta'
[0.791s] Level 1:colcon.colcon_core.package_identification:_identify(src/robot_trajectory) by extensions ['ros']
[0.791s] Level 1:colcon.colcon_core.package_identification:_identify(src/robot_trajectory) by extension 'ros'
[0.792s] DEBUG:colcon.colcon_core.package_identification:Package 'src/robot_trajectory' with type 'ros.ament_cmake' and name 'robot_trajectory'
[0.792s] Level 1:colcon.colcon_core.package_discovery:discover_packages(recursive) using defaults
[0.792s] Level 1:colcon.colcon_core.package_discovery:discover_packages(ignore) discover
[0.792s] Level 1:colcon.colcon_core.package_discovery:discover_packages(ignore) using defaults
[0.792s] Level 1:colcon.colcon_core.package_discovery:discover_packages(path) discover
[0.792s] Level 1:colcon.colcon_core.package_discovery:discover_packages(path) using defaults
[0.846s] Level 5:colcon.colcon_core.verb:set package 'obstacles' build argument 'cmake_args' from command line to 'None'
[0.846s] Level 5:colcon.colcon_core.verb:set package 'obstacles' build argument 'cmake_target' from command line to 'None'
[0.846s] Level 5:colcon.colcon_core.verb:set package 'obstacles' build argument 'cmake_target_skip_unavailable' from command line to 'False'
[0.846s] Level 5:colcon.colcon_core.verb:set package 'obstacles' build argument 'cmake_clean_cache' from command line to 'False'
[0.846s] Level 5:colcon.colcon_core.verb:set package 'obstacles' build argument 'cmake_clean_first' from command line to 'False'
[0.846s] Level 5:colcon.colcon_core.verb:set package 'obstacles' build argument 'cmake_force_configure' from command line to 'False'
[0.847s] Level 5:colcon.colcon_core.verb:set package 'obstacles' build argument 'ament_cmake_args' from command line to 'None'
[0.847s] Level 5:colcon.colcon_core.verb:set package 'obstacles' build argument 'catkin_cmake_args' from command line to 'None'
[0.847s] Level 5:colcon.colcon_core.verb:set package 'obstacles' build argument 'catkin_skip_building_tests' from command line to 'False'
[0.847s] DEBUG:colcon.colcon_core.verb:Building package 'obstacles' with the following arguments: {'ament_cmake_args': None, 'build_base': '/home/jab/Documentos/GitHub/IR2117/tb3_ws/build/obstacles', 'catkin_cmake_args': None, 'catkin_skip_building_tests': False, 'cmake_args': None, 'cmake_clean_cache': False, 'cmake_clean_first': False, 'cmake_force_configure': False, 'cmake_target': None, 'cmake_target_skip_unavailable': False, 'install_base': '/home/jab/Documentos/GitHub/IR2117/tb3_ws/install/obstacles', 'merge_install': False, 'path': '/home/jab/Documentos/GitHub/IR2117/tb3_ws/src/obstacles', 'symlink_install': False, 'test_result_base': None}
[0.854s] Level 5:colcon.colcon_core.verb:set package 'robot_trajectory' build argument 'cmake_args' from command line to 'None'
[0.854s] Level 5:colcon.colcon_core.verb:set package 'robot_trajectory' build argument 'cmake_target' from command line to 'None'
[0.854s] Level 5:colcon.colcon_core.verb:set package 'robot_trajectory' build argument 'cmake_target_skip_unavailable' from command line to 'False'
[0.854s] Level 5:colcon.colcon_core.verb:set package 'robot_trajectory' build argument 'cmake_clean_cache' from command line to 'False'
[0.854s] Level 5:colcon.colcon_core.verb:set package 'robot_trajectory' build argument 'cmake_clean_first' from command line to 'False'
[0.854s] Level 5:colcon.colcon_core.verb:set package 'robot_trajectory' build argument 'cmake_force_configure' from command line to 'False'
[0.854s] Level 5:colcon.colcon_core.verb:set package 'robot_trajectory' build argument 'ament_cmake_args' from command line to 'None'
[0.854s] Level 5:colcon.colcon_core.verb:set package 'robot_trajectory' build argument 'catkin_cmake_args' from command line to 'None'
[0.854s] Level 5:colcon.colcon_core.verb:set package 'robot_trajectory' build argument 'catkin_skip_building_tests' from command line to 'False'
[0.854s] DEBUG:colcon.colcon_core.verb:Building package 'robot_trajectory' with the following arguments: {'ament_cmake_args': None, 'build_base': '/home/jab/Documentos/GitHub/IR2117/tb3_ws/build/robot_trajectory', 'catkin_cmake_args': None, 'catkin_skip_building_tests': False, 'cmake_args': None, 'cmake_clean_cache': False, 'cmake_clean_first': False, 'cmake_force_configure': False, 'cmake_target': None, 'cmake_target_skip_unavailable': False, 'install_base': '/home/jab/Documentos/GitHub/IR2117/tb3_ws/install/robot_trajectory', 'merge_install': False, 'path': '/home/jab/Documentos/GitHub/IR2117/tb3_ws/src/robot_trajectory', 'symlink_install': False, 'test_result_base': None}
[0.857s] INFO:colcon.colcon_core.executor:Executing jobs using 'parallel' executor
[0.875s] DEBUG:colcon.colcon_parallel_executor.executor.parallel:run_until_complete
[0.876s] INFO:colcon.colcon_ros.task.ament_cmake.build:Building ROS package in '/home/jab/Documentos/GitHub/IR2117/tb3_ws/src/obstacles' with build type 'ament_cmake'
[0.877s] INFO:colcon.colcon_cmake.task.cmake.build:Building CMake package in '/home/jab/Documentos/GitHub/IR2117/tb3_ws/src/obstacles'
[0.887s] INFO:colcon.colcon_core.plugin_system:Skipping extension 'colcon_core.shell.bat': Not used on non-Windows systems
[0.887s] INFO:colcon.colcon_core.shell:Skip shell extension 'powershell' for command environment: Not usable outside of PowerShell
[0.887s] DEBUG:colcon.colcon_core.shell:Skip shell extension 'dsv' for command environment
[0.914s] INFO:colcon.colcon_ros.task.ament_cmake.build:Building ROS package in '/home/jab/Documentos/GitHub/IR2117/tb3_ws/src/robot_trajectory' with build type 'ament_cmake'
[0.915s] INFO:colcon.colcon_cmake.task.cmake.build:Building CMake package in '/home/jab/Documentos/GitHub/IR2117/tb3_ws/src/robot_trajectory'
[0.925s] INFO:colcon.colcon_core.shell:Skip shell extension 'powershell' for command environment: Not usable outside of PowerShell
[0.925s] DEBUG:colcon.colcon_core.shell:Skip shell extension 'dsv' for command environment
[0.959s] DEBUG:colcon.colcon_core.event_handler.log_command:Invoking command in '/home/jab/Documentos/GitHub/IR2117/tb3_ws/build/obstacles': CMAKE_PREFIX_PATH=${CMAKE_PREFIX_PATH}:/opt/ros/foxy /usr/bin/cmake --build /home/jab/Documentos/GitHub/IR2117/tb3_ws/build/obstacles -- -j4 -l4
[0.967s] DEBUG:colcon.colcon_core.event_handler.log_command:Invoking command in '/home/jab/Documentos/GitHub/IR2117/tb3_ws/build/robot_trajectory': CMAKE_PREFIX_PATH=${CMAKE_PREFIX_PATH}:/opt/ros/foxy /usr/bin/cmake --build /home/jab/Documentos/GitHub/IR2117/tb3_ws/build/robot_trajectory -- -j4 -l4
[1.116s] DEBUG:colcon.colcon_core.event_handler.log_command:Invoked command in '/home/jab/Documentos/GitHub/IR2117/tb3_ws/build/robot_trajectory' returned '0': CMAKE_PREFIX_PATH=${CMAKE_PREFIX_PATH}:/opt/ros/foxy /usr/bin/cmake --build /home/jab/Documentos/GitHub/IR2117/tb3_ws/build/robot_trajectory -- -j4 -l4
[1.175s] DEBUG:colcon.colcon_core.event_handler.log_command:Invoking command in '/home/jab/Documentos/GitHub/IR2117/tb3_ws/build/robot_trajectory': CMAKE_PREFIX_PATH=${CMAKE_PREFIX_PATH}:/opt/ros/foxy /usr/bin/cmake --install /home/jab/Documentos/GitHub/IR2117/tb3_ws/build/robot_trajectory
[1.191s] Level 1:colcon.colcon_core.environment:create_environment_scripts_only(robot_trajectory)
[1.196s] DEBUG:colcon.colcon_core.event_handler.log_command:Invoked command in '/home/jab/Documentos/GitHub/IR2117/tb3_ws/build/robot_trajectory' returned '0': CMAKE_PREFIX_PATH=${CMAKE_PREFIX_PATH}:/opt/ros/foxy /usr/bin/cmake --install /home/jab/Documentos/GitHub/IR2117/tb3_ws/build/robot_trajectory
[1.215s] Level 1:colcon.colcon_core.environment:checking '/home/jab/Documentos/GitHub/IR2117/tb3_ws/install/robot_trajectory' for CMake module files
[1.216s] Level 1:colcon.colcon_core.environment:checking '/home/jab/Documentos/GitHub/IR2117/tb3_ws/install/robot_trajectory' for CMake config files
[1.216s] Level 1:colcon.colcon_core.shell:create_environment_hook('robot_trajectory', 'cmake_prefix_path')
[1.227s] INFO:colcon.colcon_core.shell:Creating environment hook '/home/jab/Documentos/GitHub/IR2117/tb3_ws/install/robot_trajectory/share/robot_trajectory/hook/cmake_prefix_path.ps1'
[1.228s] INFO:colcon.colcon_core.shell:Creating environment descriptor '/home/jab/Documentos/GitHub/IR2117/tb3_ws/install/robot_trajectory/share/robot_trajectory/hook/cmake_prefix_path.dsv'
[1.229s] INFO:colcon.colcon_core.shell:Creating environment hook '/home/jab/Documentos/GitHub/IR2117/tb3_ws/install/robot_trajectory/share/robot_trajectory/hook/cmake_prefix_path.sh'
[1.231s] Level 1:colcon.colcon_core.environment:checking '/home/jab/Documentos/GitHub/IR2117/tb3_ws/install/robot_trajectory/lib'
[1.232s] Level 1:colcon.colcon_core.environment:checking '/home/jab/Documentos/GitHub/IR2117/tb3_ws/install/robot_trajectory/bin'
[1.232s] Level 1:colcon.colcon_core.environment:checking '/home/jab/Documentos/GitHub/IR2117/tb3_ws/install/robot_trajectory/lib/pkgconfig/robot_trajectory.pc'
[1.233s] Level 1:colcon.colcon_core.environment:checking '/home/jab/Documentos/GitHub/IR2117/tb3_ws/install/robot_trajectory/lib/python3.8/site-packages'
[1.233s] Level 1:colcon.colcon_core.environment:checking '/home/jab/Documentos/GitHub/IR2117/tb3_ws/install/robot_trajectory/bin'
[1.246s] INFO:colcon.colcon_core.shell:Creating package script '/home/jab/Documentos/GitHub/IR2117/tb3_ws/install/robot_trajectory/share/robot_trajectory/package.ps1'
[1.248s] INFO:colcon.colcon_core.shell:Creating package descriptor '/home/jab/Documentos/GitHub/IR2117/tb3_ws/install/robot_trajectory/share/robot_trajectory/package.dsv'
[1.249s] INFO:colcon.colcon_core.shell:Creating package script '/home/jab/Documentos/GitHub/IR2117/tb3_ws/install/robot_trajectory/share/robot_trajectory/package.sh'
[1.250s] INFO:colcon.colcon_core.shell:Creating package script '/home/jab/Documentos/GitHub/IR2117/tb3_ws/install/robot_trajectory/share/robot_trajectory/package.bash'
[1.251s] INFO:colcon.colcon_core.shell:Creating package script '/home/jab/Documentos/GitHub/IR2117/tb3_ws/install/robot_trajectory/share/robot_trajectory/package.zsh'
[1.254s] Level 1:colcon.colcon_core.environment:create_file_with_runtime_dependencies(/home/jab/Documentos/GitHub/IR2117/tb3_ws/install/robot_trajectory/share/colcon-core/packages/robot_trajectory)
[1.317s] Level 1:colcon.colcon_core.environment:create_environment_scripts_only(robot_trajectory)
[1.333s] Level 1:colcon.colcon_core.environment:checking '/home/jab/Documentos/GitHub/IR2117/tb3_ws/install/robot_trajectory' for CMake module files
[1.334s] Level 1:colcon.colcon_core.environment:checking '/home/jab/Documentos/GitHub/IR2117/tb3_ws/install/robot_trajectory' for CMake config files
[1.334s] Level 1:colcon.colcon_core.shell:create_environment_hook('robot_trajectory', 'cmake_prefix_path')
[1.347s] INFO:colcon.colcon_core.shell:Creating environment hook '/home/jab/Documentos/GitHub/IR2117/tb3_ws/install/robot_trajectory/share/robot_trajectory/hook/cmake_prefix_path.ps1'
[1.348s] INFO:colcon.colcon_core.shell:Creating environment descriptor '/home/jab/Documentos/GitHub/IR2117/tb3_ws/install/robot_trajectory/share/robot_trajectory/hook/cmake_prefix_path.dsv'
[1.349s] INFO:colcon.colcon_core.shell:Creating environment hook '/home/jab/Documentos/GitHub/IR2117/tb3_ws/install/robot_trajectory/share/robot_trajectory/hook/cmake_prefix_path.sh'
[1.350s] Level 1:colcon.colcon_core.environment:checking '/home/jab/Documentos/GitHub/IR2117/tb3_ws/install/robot_trajectory/lib'
[1.350s] Level 1:colcon.colcon_core.environment:checking '/home/jab/Documentos/GitHub/IR2117/tb3_ws/install/robot_trajectory/bin'
[1.350s] Level 1:colcon.colcon_core.environment:checking '/home/jab/Documentos/GitHub/IR2117/tb3_ws/install/robot_trajectory/lib/pkgconfig/robot_trajectory.pc'
[1.351s] Level 1:colcon.colcon_core.environment:checking '/home/jab/Documentos/GitHub/IR2117/tb3_ws/install/robot_trajectory/lib/python3.8/site-packages'
[1.351s] Level 1:colcon.colcon_core.environment:checking '/home/jab/Documentos/GitHub/IR2117/tb3_ws/install/robot_trajectory/bin'
[1.364s] INFO:colcon.colcon_core.shell:Creating package script '/home/jab/Documentos/GitHub/IR2117/tb3_ws/install/robot_trajectory/share/robot_trajectory/package.ps1'
[1.365s] INFO:colcon.colcon_core.shell:Creating package descriptor '/home/jab/Documentos/GitHub/IR2117/tb3_ws/install/robot_trajectory/share/robot_trajectory/package.dsv'
[1.366s] INFO:colcon.colcon_core.shell:Creating package script '/home/jab/Documentos/GitHub/IR2117/tb3_ws/install/robot_trajectory/share/robot_trajectory/package.sh'
[1.367s] INFO:colcon.colcon_core.shell:Creating package script '/home/jab/Documentos/GitHub/IR2117/tb3_ws/install/robot_trajectory/share/robot_trajectory/package.bash'
[1.368s] INFO:colcon.colcon_core.shell:Creating package script '/home/jab/Documentos/GitHub/IR2117/tb3_ws/install/robot_trajectory/share/robot_trajectory/package.zsh'
[1.368s] Level 1:colcon.colcon_core.environment:create_file_with_runtime_dependencies(/home/jab/Documentos/GitHub/IR2117/tb3_ws/install/robot_trajectory/share/colcon-core/packages/robot_trajectory)
[8.464s] DEBUG:colcon.colcon_core.event_handler.log_command:Invoked command in '/home/jab/Documentos/GitHub/IR2117/tb3_ws/build/obstacles' returned '0': CMAKE_PREFIX_PATH=${CMAKE_PREFIX_PATH}:/opt/ros/foxy /usr/bin/cmake --build /home/jab/Documentos/GitHub/IR2117/tb3_ws/build/obstacles -- -j4 -l4
[8.501s] DEBUG:colcon.colcon_core.event_handler.log_command:Invoking command in '/home/jab/Documentos/GitHub/IR2117/tb3_ws/build/obstacles': CMAKE_PREFIX_PATH=${CMAKE_PREFIX_PATH}:/opt/ros/foxy /usr/bin/cmake --install /home/jab/Documentos/GitHub/IR2117/tb3_ws/build/obstacles
[8.517s] Level 1:colcon.colcon_core.environment:create_environment_scripts_only(obstacles)
[8.523s] DEBUG:colcon.colcon_core.event_handler.log_command:Invoked command in '/home/jab/Documentos/GitHub/IR2117/tb3_ws/build/obstacles' returned '0': CMAKE_PREFIX_PATH=${CMAKE_PREFIX_PATH}:/opt/ros/foxy /usr/bin/cmake --install /home/jab/Documentos/GitHub/IR2117/tb3_ws/build/obstacles
[8.529s] Level 1:colcon.colcon_core.environment:checking '/home/jab/Documentos/GitHub/IR2117/tb3_ws/install/obstacles' for CMake module files
[8.530s] Level 1:colcon.colcon_core.environment:checking '/home/jab/Documentos/GitHub/IR2117/tb3_ws/install/obstacles' for CMake config files
[8.530s] Level 1:colcon.colcon_core.shell:create_environment_hook('obstacles', 'cmake_prefix_path')
[8.539s] INFO:colcon.colcon_core.shell:Creating environment hook '/home/jab/Documentos/GitHub/IR2117/tb3_ws/install/obstacles/share/obstacles/hook/cmake_prefix_path.ps1'
[8.540s] INFO:colcon.colcon_core.shell:Creating environment descriptor '/home/jab/Documentos/GitHub/IR2117/tb3_ws/install/obstacles/share/obstacles/hook/cmake_prefix_path.dsv'
[8.541s] INFO:colcon.colcon_core.shell:Creating environment hook '/home/jab/Documentos/GitHub/IR2117/tb3_ws/install/obstacles/share/obstacles/hook/cmake_prefix_path.sh'
[8.542s] Level 1:colcon.colcon_core.environment:checking '/home/jab/Documentos/GitHub/IR2117/tb3_ws/install/obstacles/lib'
[8.542s] Level 1:colcon.colcon_core.environment:checking '/home/jab/Documentos/GitHub/IR2117/tb3_ws/install/obstacles/bin'
[8.542s] Level 1:colcon.colcon_core.environment:checking '/home/jab/Documentos/GitHub/IR2117/tb3_ws/install/obstacles/lib/pkgconfig/obstacles.pc'
[8.543s] Level 1:colcon.colcon_core.environment:checking '/home/jab/Documentos/GitHub/IR2117/tb3_ws/install/obstacles/lib/python3.8/site-packages'
[8.543s] Level 1:colcon.colcon_core.environment:checking '/home/jab/Documentos/GitHub/IR2117/tb3_ws/install/obstacles/bin'
[8.549s] INFO:colcon.colcon_core.shell:Creating package script '/home/jab/Documentos/GitHub/IR2117/tb3_ws/install/obstacles/share/obstacles/package.ps1'
[8.550s] INFO:colcon.colcon_core.shell:Creating package descriptor '/home/jab/Documentos/GitHub/IR2117/tb3_ws/install/obstacles/share/obstacles/package.dsv'
[8.550s] INFO:colcon.colcon_core.shell:Creating package script '/home/jab/Documentos/GitHub/IR2117/tb3_ws/install/obstacles/share/obstacles/package.sh'
[8.551s] INFO:colcon.colcon_core.shell:Creating package script '/home/jab/Documentos/GitHub/IR2117/tb3_ws/install/obstacles/share/obstacles/package.bash'
[8.551s] INFO:colcon.colcon_core.shell:Creating package script '/home/jab/Documentos/GitHub/IR2117/tb3_ws/install/obstacles/share/obstacles/package.zsh'
[8.551s] Level 1:colcon.colcon_core.environment:create_file_with_runtime_dependencies(/home/jab/Documentos/GitHub/IR2117/tb3_ws/install/obstacles/share/colcon-core/packages/obstacles)
[8.594s] Level 1:colcon.colcon_core.environment:create_environment_scripts_only(obstacles)
[8.601s] Level 1:colcon.colcon_core.environment:checking '/home/jab/Documentos/GitHub/IR2117/tb3_ws/install/obstacles' for CMake module files
[8.602s] Level 1:colcon.colcon_core.environment:checking '/home/jab/Documentos/GitHub/IR2117/tb3_ws/install/obstacles' for CMake config files
[8.603s] Level 1:colcon.colcon_core.shell:create_environment_hook('obstacles', 'cmake_prefix_path')
[8.611s] INFO:colcon.colcon_core.shell:Creating environment hook '/home/jab/Documentos/GitHub/IR2117/tb3_ws/install/obstacles/share/obstacles/hook/cmake_prefix_path.ps1'
[8.612s] INFO:colcon.colcon_core.shell:Creating environment descriptor '/home/jab/Documentos/GitHub/IR2117/tb3_ws/install/obstacles/share/obstacles/hook/cmake_prefix_path.dsv'
[8.612s] INFO:colcon.colcon_core.shell:Creating environment hook '/home/jab/Documentos/GitHub/IR2117/tb3_ws/install/obstacles/share/obstacles/hook/cmake_prefix_path.sh'
[8.613s] Level 1:colcon.colcon_core.environment:checking '/home/jab/Documentos/GitHub/IR2117/tb3_ws/install/obstacles/lib'
[8.613s] Level 1:colcon.colcon_core.environment:checking '/home/jab/Documentos/GitHub/IR2117/tb3_ws/install/obstacles/bin'
[8.613s] Level 1:colcon.colcon_core.environment:checking '/home/jab/Documentos/GitHub/IR2117/tb3_ws/install/obstacles/lib/pkgconfig/obstacles.pc'
[8.613s] Level 1:colcon.colcon_core.environment:checking '/home/jab/Documentos/GitHub/IR2117/tb3_ws/install/obstacles/lib/python3.8/site-packages'
[8.614s] Level 1:colcon.colcon_core.environment:checking '/home/jab/Documentos/GitHub/IR2117/tb3_ws/install/obstacles/bin'
[8.622s] INFO:colcon.colcon_core.shell:Creating package script '/home/jab/Documentos/GitHub/IR2117/tb3_ws/install/obstacles/share/obstacles/package.ps1'
[8.623s] INFO:colcon.colcon_core.shell:Creating package descriptor '/home/jab/Documentos/GitHub/IR2117/tb3_ws/install/obstacles/share/obstacles/package.dsv'
[8.624s] INFO:colcon.colcon_core.shell:Creating package script '/home/jab/Documentos/GitHub/IR2117/tb3_ws/install/obstacles/share/obstacles/package.sh'
[8.624s] INFO:colcon.colcon_core.shell:Creating package script '/home/jab/Documentos/GitHub/IR2117/tb3_ws/install/obstacles/share/obstacles/package.bash'
[8.625s] INFO:colcon.colcon_core.shell:Creating package script '/home/jab/Documentos/GitHub/IR2117/tb3_ws/install/obstacles/share/obstacles/package.zsh'
[8.625s] Level 1:colcon.colcon_core.environment:create_file_with_runtime_dependencies(/home/jab/Documentos/GitHub/IR2117/tb3_ws/install/obstacles/share/colcon-core/packages/obstacles)
[8.625s] DEBUG:colcon.colcon_parallel_executor.executor.parallel:closing loop
[8.626s] DEBUG:colcon.colcon_parallel_executor.executor.parallel:loop closed
[8.626s] DEBUG:colcon.colcon_parallel_executor.executor.parallel:run_until_complete finished with '0'
[8.626s] DEBUG:colcon.colcon_core.event_reactor:joining thread
[8.642s] INFO:colcon.colcon_core.plugin_system:Skipping extension 'colcon_notification.desktop_notification.notify_send': Could not find 'notify-send'
[8.642s] INFO:colcon.colcon_core.plugin_system:Skipping extension 'colcon_notification.desktop_notification.terminal_notifier': Not used on non-Darwin systems
[8.643s] INFO:colcon.colcon_core.plugin_system:Skipping extension 'colcon_notification.desktop_notification.win32': Not used on non-Windows systems
[8.643s] INFO:colcon.colcon_notification.desktop_notification:Sending desktop notification using 'notify2'
[8.664s] DEBUG:colcon.colcon_core.event_reactor:joined thread
[8.675s] INFO:colcon.colcon_core.shell:Creating prefix script '/home/jab/Documentos/GitHub/IR2117/tb3_ws/install/local_setup.ps1'
[8.677s] INFO:colcon.colcon_core.shell:Creating prefix util module '/home/jab/Documentos/GitHub/IR2117/tb3_ws/install/_local_setup_util_ps1.py'
[8.679s] INFO:colcon.colcon_core.shell:Creating prefix chain script '/home/jab/Documentos/GitHub/IR2117/tb3_ws/install/setup.ps1'
[8.689s] INFO:colcon.colcon_core.shell:Creating prefix script '/home/jab/Documentos/GitHub/IR2117/tb3_ws/install/local_setup.sh'
[8.690s] INFO:colcon.colcon_core.shell:Creating prefix util module '/home/jab/Documentos/GitHub/IR2117/tb3_ws/install/_local_setup_util_sh.py'
[8.691s] INFO:colcon.colcon_core.shell:Creating prefix chain script '/home/jab/Documentos/GitHub/IR2117/tb3_ws/install/setup.sh'
[8.698s] INFO:colcon.colcon_core.shell:Creating prefix script '/home/jab/Documentos/GitHub/IR2117/tb3_ws/install/local_setup.bash'
[8.700s] INFO:colcon.colcon_core.shell:Creating prefix chain script '/home/jab/Documentos/GitHub/IR2117/tb3_ws/install/setup.bash'
[8.707s] INFO:colcon.colcon_core.shell:Creating prefix script '/home/jab/Documentos/GitHub/IR2117/tb3_ws/install/local_setup.zsh'
[8.708s] INFO:colcon.colcon_core.shell:Creating prefix chain script '/home/jab/Documentos/GitHub/IR2117/tb3_ws/install/setup.zsh'
