[0.032s] Invoking command in '/home/usuario/Documentos/GitHub/IR2117/ros2_ws/build/action_tutorials_cpp': CMAKE_PREFIX_PATH=/home/usuario/Documentos/GitHub/IR2117/ros2_ws/install/action_tutorials_interfaces:/home/usuario/Documentos/GitHub/IR2117/ros2_ws/install/action_tutorials_cpp:/home/usuario/Documentos/GitHub/IR2117/ros2_ws/install/examples_topics:/home/usuario/Documentos/GitHub/IR2117/ros2_ws/install/examples_sum:/home/usuario/Documentos/GitHub/IR2117/ros2_ws/src/install/examples_topics:/home/usuario/Documentos/GitHub/IR2117/ros2_ws/src/install/examples_sum:/home/usuario/Documentos/GitHub/IR2117/ros2_ws/src/install/cpp_srvcli:/opt/ros/foxy /usr/bin/cmake --build /home/usuario/Documentos/GitHub/IR2117/ros2_ws/build/action_tutorials_cpp -- -j6 -l6
[0.062s] -- Found ament_cmake: 0.9.11 (/opt/ros/foxy/share/ament_cmake/cmake)
[0.090s] -- Using PYTHON_EXECUTABLE: /usr/bin/python3
[0.257s] -- Found action_tutorials_interfaces: 0.0.0 (/home/usuario/Documentos/GitHub/IR2117/ros2_ws/install/action_tutorials_interfaces/share/action_tutorials_interfaces/cmake)
[0.277s] -- Using all available rosidl_typesupport_c: rosidl_typesupport_fastrtps_c;rosidl_typesupport_introspection_c
[0.280s] -- Found rosidl_adapter: 1.3.0 (/opt/ros/foxy/share/rosidl_adapter/cmake)
[0.375s] -- Using all available rosidl_typesupport_cpp: rosidl_typesupport_fastrtps_cpp;rosidl_typesupport_introspection_cpp
[0.482s] -- Found rclcpp: 2.4.2 (/opt/ros/foxy/share/rclcpp/cmake)
[0.508s] -- Found rmw_implementation_cmake: 1.0.3 (/opt/ros/foxy/share/rmw_implementation_cmake/cmake)
[0.509s] -- Using RMW implementation 'rmw_fastrtps_cpp' as default
[0.614s] -- Found rclcpp_action: 2.4.2 (/opt/ros/foxy/share/rclcpp_action/cmake)
[0.637s] -- Found rclcpp_components: 2.4.2 (/opt/ros/foxy/share/rclcpp_components/cmake)
[0.677s] -- Found ament_lint_auto: 0.9.7 (/opt/ros/foxy/share/ament_lint_auto/cmake)
[0.755s] -- Added test 'copyright' to check source files copyright and LICENSE
[0.756s] -- Added test 'cppcheck' to perform static code analysis on C / C++ code
[0.756s] -- Configured cppcheck include dirs: 
[0.756s] -- Configured cppcheck exclude dirs and/or files: 
[0.756s] -- Added test 'cpplint' to check C / C++ code against the Google style
[0.756s] -- Configured cpplint exclude dirs and/or files: 
[0.757s] -- Added test 'lint_cmake' to check CMake code style
[0.757s] -- Added test 'uncrustify' to check C / C++ code style
[0.757s] -- Configured uncrustify additional arguments: 
[0.757s] -- Added test 'xmllint' to check XML markup files
[0.760s] -- Configuring done
[0.774s] -- Generating done
[0.776s] -- Build files have been written to: /home/usuario/Documentos/GitHub/IR2117/ros2_ws/build/action_tutorials_cpp
[0.803s] [35m[1mScanning dependencies of target action_client[0m
[0.820s] [ 50%] Built target action_server
[0.832s] [ 75%] [32mBuilding CXX object CMakeFiles/action_client.dir/src/action_client.cpp.o[0m
[3.329s] [100%] [32m[1mLinking CXX executable action_client[0m
[3.628s] [100%] Built target action_client
[3.641s] Invoked command in '/home/usuario/Documentos/GitHub/IR2117/ros2_ws/build/action_tutorials_cpp' returned '0': CMAKE_PREFIX_PATH=/home/usuario/Documentos/GitHub/IR2117/ros2_ws/install/action_tutorials_interfaces:/home/usuario/Documentos/GitHub/IR2117/ros2_ws/install/action_tutorials_cpp:/home/usuario/Documentos/GitHub/IR2117/ros2_ws/install/examples_topics:/home/usuario/Documentos/GitHub/IR2117/ros2_ws/install/examples_sum:/home/usuario/Documentos/GitHub/IR2117/ros2_ws/src/install/examples_topics:/home/usuario/Documentos/GitHub/IR2117/ros2_ws/src/install/examples_sum:/home/usuario/Documentos/GitHub/IR2117/ros2_ws/src/install/cpp_srvcli:/opt/ros/foxy /usr/bin/cmake --build /home/usuario/Documentos/GitHub/IR2117/ros2_ws/build/action_tutorials_cpp -- -j6 -l6
[3.682s] Invoking command in '/home/usuario/Documentos/GitHub/IR2117/ros2_ws/build/action_tutorials_cpp': CMAKE_PREFIX_PATH=/home/usuario/Documentos/GitHub/IR2117/ros2_ws/install/action_tutorials_interfaces:/home/usuario/Documentos/GitHub/IR2117/ros2_ws/install/action_tutorials_cpp:/home/usuario/Documentos/GitHub/IR2117/ros2_ws/install/examples_topics:/home/usuario/Documentos/GitHub/IR2117/ros2_ws/install/examples_sum:/home/usuario/Documentos/GitHub/IR2117/ros2_ws/src/install/examples_topics:/home/usuario/Documentos/GitHub/IR2117/ros2_ws/src/install/examples_sum:/home/usuario/Documentos/GitHub/IR2117/ros2_ws/src/install/cpp_srvcli:/opt/ros/foxy /usr/bin/cmake --install /home/usuario/Documentos/GitHub/IR2117/ros2_ws/build/action_tutorials_cpp
[3.693s] -- Install configuration: ""
[3.697s] -- Up-to-date: /home/usuario/Documentos/GitHub/IR2117/ros2_ws/install/action_tutorials_cpp/lib/action_tutorials_cpp/action_server
[3.700s] -- Installing: /home/usuario/Documentos/GitHub/IR2117/ros2_ws/install/action_tutorials_cpp/lib/action_tutorials_cpp/action_client
[3.716s] -- Set runtime path of "/home/usuario/Documentos/GitHub/IR2117/ros2_ws/install/action_tutorials_cpp/lib/action_tutorials_cpp/action_client" to ""
[3.716s] -- Up-to-date: /home/usuario/Documentos/GitHub/IR2117/ros2_ws/install/action_tutorials_cpp/share/ament_index/resource_index/package_run_dependencies/action_tutorials_cpp
[3.716s] -- Installing: /home/usuario/Documentos/GitHub/IR2117/ros2_ws/install/action_tutorials_cpp/share/ament_index/resource_index/parent_prefix_path/action_tutorials_cpp
[3.716s] -- Up-to-date: /home/usuario/Documentos/GitHub/IR2117/ros2_ws/install/action_tutorials_cpp/share/action_tutorials_cpp/environment/ament_prefix_path.sh
[3.716s] -- Installing: /home/usuario/Documentos/GitHub/IR2117/ros2_ws/install/action_tutorials_cpp/share/action_tutorials_cpp/environment/ament_prefix_path.dsv
[3.716s] -- Up-to-date: /home/usuario/Documentos/GitHub/IR2117/ros2_ws/install/action_tutorials_cpp/share/action_tutorials_cpp/environment/path.sh
[3.717s] -- Installing: /home/usuario/Documentos/GitHub/IR2117/ros2_ws/install/action_tutorials_cpp/share/action_tutorials_cpp/environment/path.dsv
[3.717s] -- Up-to-date: /home/usuario/Documentos/GitHub/IR2117/ros2_ws/install/action_tutorials_cpp/share/action_tutorials_cpp/local_setup.bash
[3.717s] -- Up-to-date: /home/usuario/Documentos/GitHub/IR2117/ros2_ws/install/action_tutorials_cpp/share/action_tutorials_cpp/local_setup.sh
[3.717s] -- Up-to-date: /home/usuario/Documentos/GitHub/IR2117/ros2_ws/install/action_tutorials_cpp/share/action_tutorials_cpp/local_setup.zsh
[3.717s] -- Installing: /home/usuario/Documentos/GitHub/IR2117/ros2_ws/install/action_tutorials_cpp/share/action_tutorials_cpp/local_setup.dsv
[3.717s] -- Installing: /home/usuario/Documentos/GitHub/IR2117/ros2_ws/install/action_tutorials_cpp/share/action_tutorials_cpp/package.dsv
[3.718s] -- Up-to-date: /home/usuario/Documentos/GitHub/IR2117/ros2_ws/install/action_tutorials_cpp/share/ament_index/resource_index/packages/action_tutorials_cpp
[3.718s] -- Up-to-date: /home/usuario/Documentos/GitHub/IR2117/ros2_ws/install/action_tutorials_cpp/share/action_tutorials_cpp/cmake/action_tutorials_cppConfig.cmake
[3.718s] -- Up-to-date: /home/usuario/Documentos/GitHub/IR2117/ros2_ws/install/action_tutorials_cpp/share/action_tutorials_cpp/cmake/action_tutorials_cppConfig-version.cmake
[3.718s] -- Up-to-date: /home/usuario/Documentos/GitHub/IR2117/ros2_ws/install/action_tutorials_cpp/share/action_tutorials_cpp/package.xml
[3.720s] Invoked command in '/home/usuario/Documentos/GitHub/IR2117/ros2_ws/build/action_tutorials_cpp' returned '0': CMAKE_PREFIX_PATH=/home/usuario/Documentos/GitHub/IR2117/ros2_ws/install/action_tutorials_interfaces:/home/usuario/Documentos/GitHub/IR2117/ros2_ws/install/action_tutorials_cpp:/home/usuario/Documentos/GitHub/IR2117/ros2_ws/install/examples_topics:/home/usuario/Documentos/GitHub/IR2117/ros2_ws/install/examples_sum:/home/usuario/Documentos/GitHub/IR2117/ros2_ws/src/install/examples_topics:/home/usuario/Documentos/GitHub/IR2117/ros2_ws/src/install/examples_sum:/home/usuario/Documentos/GitHub/IR2117/ros2_ws/src/install/cpp_srvcli:/opt/ros/foxy /usr/bin/cmake --install /home/usuario/Documentos/GitHub/IR2117/ros2_ws/build/action_tutorials_cpp
