[0.115s] Invoking command in '/home/usuario/Documentos/GitHub/IR2117/ros2_ws/build/action_tutorial_interfaces': CMAKE_PREFIX_PATH=${CMAKE_PREFIX_PATH}:/opt/ros/foxy /usr/bin/cmake /home/usuario/Documentos/GitHub/IR2117/ros2_ws/src/action_tutorial_interfaces -DCMAKE_INSTALL_PREFIX=/home/usuario/Documentos/GitHub/IR2117/ros2_ws/install/action_tutorial_interfaces
[0.674s] -- The C compiler identification is GNU 9.4.0
[1.205s] -- The CXX compiler identification is GNU 9.4.0
[1.253s] -- Check for working C compiler: /usr/bin/cc
[1.883s] -- Check for working C compiler: /usr/bin/cc -- works
[1.893s] -- Detecting C compiler ABI info
[2.560s] -- Detecting C compiler ABI info - done
[2.602s] -- Detecting C compile features
[2.602s] -- Detecting C compile features - done
[2.641s] -- Check for working CXX compiler: /usr/bin/c++
[3.308s] -- Check for working CXX compiler: /usr/bin/c++ -- works
[3.325s] -- Detecting CXX compiler ABI info
[3.977s] -- Detecting CXX compiler ABI info - done
[4.025s] -- Detecting CXX compile features
[4.025s] -- Detecting CXX compile features - done
[4.067s] -- Found ament_cmake: 0.9.11 (/opt/ros/foxy/share/ament_cmake/cmake)
[4.109s] -- Found PythonInterp: /usr/bin/python3 (found suitable version "3.8.10", minimum required is "3") 
[4.109s] -- Using PYTHON_EXECUTABLE: /usr/bin/python3
[4.387s] -- Found ament_lint_auto: 0.9.7 (/opt/ros/foxy/share/ament_lint_auto/cmake)
[4.525s] -- Found rosidl_default_generators: 1.0.1 (/opt/ros/foxy/share/rosidl_default_generators/cmake)
[4.530s] -- Using all available rosidl_typesupport_c: rosidl_typesupport_fastrtps_c;rosidl_typesupport_introspection_c
[4.538s] -- Found rosidl_adapter: 1.3.0 (/opt/ros/foxy/share/rosidl_adapter/cmake)
[4.626s] -- Found OpenSSL: /usr/lib/x86_64-linux-gnu/libcrypto.so (found version "1.1.1f")  
[4.653s] -- Found FastRTPS: /opt/ros/foxy/include  
[4.732s] -- Using all available rosidl_typesupport_cpp: rosidl_typesupport_fastrtps_cpp;rosidl_typesupport_introspection_cpp
[4.756s] CMake Error at /opt/ros/foxy/share/rosidl_cmake/cmake/rosidl_generate_interfaces.cmake:93 (message):
[4.756s]   rosidl_generate_interfaces() the passed file 'action/Fibonacci.action'
[4.756s]   doesn't exist relative to the CMAKE_CURRENT_SOURCE_DIR
[4.756s]   '/home/usuario/Documentos/GitHub/IR2117/ros2_ws/src/action_tutorial_interfaces'
[4.756s] Call Stack (most recent call first):
[4.756s]   CMakeLists.txt:36 (rosidl_generate_interfaces)
[4.756s] 
[4.756s] 
[4.757s] -- Configuring incomplete, errors occurred!
[4.757s] See also "/home/usuario/Documentos/GitHub/IR2117/ros2_ws/build/action_tutorial_interfaces/CMakeFiles/CMakeOutput.log".
[4.764s] Invoked command in '/home/usuario/Documentos/GitHub/IR2117/ros2_ws/build/action_tutorial_interfaces' returned '1': CMAKE_PREFIX_PATH=${CMAKE_PREFIX_PATH}:/opt/ros/foxy /usr/bin/cmake /home/usuario/Documentos/GitHub/IR2117/ros2_ws/src/action_tutorial_interfaces -DCMAKE_INSTALL_PREFIX=/home/usuario/Documentos/GitHub/IR2117/ros2_ws/install/action_tutorial_interfaces
