[0.616s] DEBUG:colcon:Command line arguments: ['/usr/bin/colcon', 'build']
[0.616s] DEBUG:colcon:Parsed command line arguments: Namespace(allow_overriding=[], ament_cmake_args=None, base_paths=['.'], build_base='build', catkin_cmake_args=None, catkin_skip_building_tests=False, cmake_args=None, cmake_clean_cache=False, cmake_clean_first=False, cmake_force_configure=False, cmake_target=None, cmake_target_skip_unavailable=False, continue_on_error=False, event_handlers=None, executor='parallel', ignore_user_meta=False, install_base='install', log_base=None, log_level=None, main=<bound method BuildVerb.main of <colcon_core.verb.build.BuildVerb object at 0x7f37272aafd0>>, merge_install=False, metas=['./colcon.meta'], packages_above=None, packages_above_and_dependencies=None, packages_above_depth=None, packages_end=None, packages_ignore=None, packages_ignore_regex=None, packages_select=None, packages_select_build_failed=False, packages_select_by_dep=None, packages_select_regex=None, packages_select_test_failures=False, packages_skip=None, packages_skip_build_finished=False, packages_skip_by_dep=None, packages_skip_regex=None, packages_skip_test_passed=False, packages_skip_up_to=None, packages_start=None, packages_up_to=None, packages_up_to_regex=None, parallel_workers=1, paths=None, symlink_install=False, test_result_base=None, verb_extension=<colcon_core.verb.build.BuildVerb object at 0x7f37272aafd0>, verb_name='build', verb_parser=<colcon_defaults.argument_parser.defaults.DefaultArgumentsDecorator object at 0x7f37272b4490>)
[0.678s] Level 1:colcon.colcon_core.package_discovery:discover_packages(colcon_meta) check parameters
[0.678s] Level 1:colcon.colcon_core.package_discovery:discover_packages(recursive) check parameters
[0.678s] Level 1:colcon.colcon_core.package_discovery:discover_packages(ignore) check parameters
[0.678s] Level 1:colcon.colcon_core.package_discovery:discover_packages(path) check parameters
[0.678s] Level 1:colcon.colcon_core.package_discovery:discover_packages(colcon_meta) discover
[0.678s] Level 1:colcon.colcon_core.package_discovery:discover_packages(recursive) discover
[0.678s] INFO:colcon.colcon_core.package_discovery:Crawling recursively for packages in '/home/jordi/Documents/GitHub/IR2117/tb3_ws'
[0.678s] Level 1:colcon.colcon_core.package_identification:_identify(.) by extensions ['ignore', 'ignore_ament_install']
[0.678s] Level 1:colcon.colcon_core.package_identification:_identify(.) by extension 'ignore'
[0.678s] Level 1:colcon.colcon_core.package_identification:_identify(.) by extension 'ignore_ament_install'
[0.678s] Level 1:colcon.colcon_core.package_identification:_identify(.) by extensions ['colcon_pkg']
[0.678s] Level 1:colcon.colcon_core.package_identification:_identify(.) by extension 'colcon_pkg'
[0.679s] Level 1:colcon.colcon_core.package_identification:_identify(.) by extensions ['colcon_meta']
[0.679s] Level 1:colcon.colcon_core.package_identification:_identify(.) by extension 'colcon_meta'
[0.679s] Level 1:colcon.colcon_core.package_identification:_identify(.) by extensions ['ros']
[0.679s] Level 1:colcon.colcon_core.package_identification:_identify(.) by extension 'ros'
[0.723s] Level 1:colcon.colcon_core.package_identification:_identify(.) by extensions ['cmake', 'python']
[0.723s] Level 1:colcon.colcon_core.package_identification:_identify(.) by extension 'cmake'
[0.723s] Level 1:colcon.colcon_core.package_identification:_identify(.) by extension 'python'
[0.723s] Level 1:colcon.colcon_core.package_identification:_identify(.) by extensions ['python_setup_py']
[0.723s] Level 1:colcon.colcon_core.package_identification:_identify(.) by extension 'python_setup_py'
[0.723s] Level 1:colcon.colcon_core.package_identification:_identify(build) by extensions ['ignore', 'ignore_ament_install']
[0.723s] Level 1:colcon.colcon_core.package_identification:_identify(build) by extension 'ignore'
[0.723s] Level 1:colcon.colcon_core.package_identification:_identify(build) ignored
[0.724s] Level 1:colcon.colcon_core.package_identification:_identify(install) by extensions ['ignore', 'ignore_ament_install']
[0.724s] Level 1:colcon.colcon_core.package_identification:_identify(install) by extension 'ignore'
[0.724s] Level 1:colcon.colcon_core.package_identification:_identify(install) ignored
[0.724s] Level 1:colcon.colcon_core.package_identification:_identify(log) by extensions ['ignore', 'ignore_ament_install']
[0.724s] Level 1:colcon.colcon_core.package_identification:_identify(log) by extension 'ignore'
[0.724s] Level 1:colcon.colcon_core.package_identification:_identify(log) ignored
[0.724s] Level 1:colcon.colcon_core.package_identification:_identify(src) by extensions ['ignore', 'ignore_ament_install']
[0.724s] Level 1:colcon.colcon_core.package_identification:_identify(src) by extension 'ignore'
[0.724s] Level 1:colcon.colcon_core.package_identification:_identify(src) by extension 'ignore_ament_install'
[0.724s] Level 1:colcon.colcon_core.package_identification:_identify(src) by extensions ['colcon_pkg']
[0.724s] Level 1:colcon.colcon_core.package_identification:_identify(src) by extension 'colcon_pkg'
[0.724s] Level 1:colcon.colcon_core.package_identification:_identify(src) by extensions ['colcon_meta']
[0.724s] Level 1:colcon.colcon_core.package_identification:_identify(src) by extension 'colcon_meta'
[0.724s] Level 1:colcon.colcon_core.package_identification:_identify(src) by extensions ['ros']
[0.725s] Level 1:colcon.colcon_core.package_identification:_identify(src) by extension 'ros'
[0.725s] Level 1:colcon.colcon_core.package_identification:_identify(src) by extensions ['cmake', 'python']
[0.725s] Level 1:colcon.colcon_core.package_identification:_identify(src) by extension 'cmake'
[0.725s] Level 1:colcon.colcon_core.package_identification:_identify(src) by extension 'python'
[0.725s] Level 1:colcon.colcon_core.package_identification:_identify(src) by extensions ['python_setup_py']
[0.725s] Level 1:colcon.colcon_core.package_identification:_identify(src) by extension 'python_setup_py'
[0.725s] Level 1:colcon.colcon_core.package_identification:_identify(src/build) by extensions ['ignore', 'ignore_ament_install']
[0.725s] Level 1:colcon.colcon_core.package_identification:_identify(src/build) by extension 'ignore'
[0.725s] Level 1:colcon.colcon_core.package_identification:_identify(src/build) ignored
[0.725s] Level 1:colcon.colcon_core.package_identification:_identify(src/install) by extensions ['ignore', 'ignore_ament_install']
[0.725s] Level 1:colcon.colcon_core.package_identification:_identify(src/install) by extension 'ignore'
[0.725s] Level 1:colcon.colcon_core.package_identification:_identify(src/install) ignored
[0.725s] Level 1:colcon.colcon_core.package_identification:_identify(src/log) by extensions ['ignore', 'ignore_ament_install']
[0.725s] Level 1:colcon.colcon_core.package_identification:_identify(src/log) by extension 'ignore'
[0.725s] Level 1:colcon.colcon_core.package_identification:_identify(src/log) ignored
[0.725s] Level 1:colcon.colcon_core.package_identification:_identify(src/robot_trajectory) by extensions ['ignore', 'ignore_ament_install']
[0.725s] Level 1:colcon.colcon_core.package_identification:_identify(src/robot_trajectory) by extension 'ignore'
[0.725s] Level 1:colcon.colcon_core.package_identification:_identify(src/robot_trajectory) by extension 'ignore_ament_install'
[0.739s] Level 1:colcon.colcon_core.package_identification:_identify(src/robot_trajectory) by extensions ['colcon_pkg']
[0.739s] Level 1:colcon.colcon_core.package_identification:_identify(src/robot_trajectory) by extension 'colcon_pkg'
[0.739s] Level 1:colcon.colcon_core.package_identification:_identify(src/robot_trajectory) by extensions ['colcon_meta']
[0.739s] Level 1:colcon.colcon_core.package_identification:_identify(src/robot_trajectory) by extension 'colcon_meta'
[0.739s] Level 1:colcon.colcon_core.package_identification:_identify(src/robot_trajectory) by extensions ['ros']
[0.739s] Level 1:colcon.colcon_core.package_identification:_identify(src/robot_trajectory) by extension 'ros'
[0.742s] DEBUG:colcon.colcon_core.package_identification:Package 'src/robot_trajectory' with type 'ros.ament_cmake' and name 'robot_trajectory'
[0.742s] Level 1:colcon.colcon_core.package_discovery:discover_packages(recursive) using defaults
[0.742s] Level 1:colcon.colcon_core.package_discovery:discover_packages(ignore) discover
[0.742s] Level 1:colcon.colcon_core.package_discovery:discover_packages(ignore) using defaults
[0.742s] Level 1:colcon.colcon_core.package_discovery:discover_packages(path) discover
[0.742s] Level 1:colcon.colcon_core.package_discovery:discover_packages(path) using defaults
[0.783s] Level 1:colcon.colcon_core.package_discovery:discover_packages(prefix_path) check parameters
[0.783s] Level 1:colcon.colcon_core.package_discovery:discover_packages(prefix_path) discover
[0.786s] DEBUG:colcon.colcon_installed_package_information.package_discovery:Found 1 installed packages in /home/jordi/Documents/GitHub/IR2117/tb3_ws/install
[0.787s] DEBUG:colcon.colcon_installed_package_information.package_discovery:Found 266 installed packages in /opt/ros/foxy
[0.789s] Level 1:colcon.colcon_core.package_discovery:discover_packages(prefix_path) using defaults
[0.924s] Level 5:colcon.colcon_core.verb:set package 'robot_trajectory' build argument 'cmake_args' from command line to 'None'
[0.924s] Level 5:colcon.colcon_core.verb:set package 'robot_trajectory' build argument 'cmake_target' from command line to 'None'
[0.924s] Level 5:colcon.colcon_core.verb:set package 'robot_trajectory' build argument 'cmake_target_skip_unavailable' from command line to 'False'
[0.924s] Level 5:colcon.colcon_core.verb:set package 'robot_trajectory' build argument 'cmake_clean_cache' from command line to 'False'
[0.925s] Level 5:colcon.colcon_core.verb:set package 'robot_trajectory' build argument 'cmake_clean_first' from command line to 'False'
[0.925s] Level 5:colcon.colcon_core.verb:set package 'robot_trajectory' build argument 'cmake_force_configure' from command line to 'False'
[0.925s] Level 5:colcon.colcon_core.verb:set package 'robot_trajectory' build argument 'ament_cmake_args' from command line to 'None'
[0.925s] Level 5:colcon.colcon_core.verb:set package 'robot_trajectory' build argument 'catkin_cmake_args' from command line to 'None'
[0.925s] Level 5:colcon.colcon_core.verb:set package 'robot_trajectory' build argument 'catkin_skip_building_tests' from command line to 'False'
[0.925s] DEBUG:colcon.colcon_core.verb:Building package 'robot_trajectory' with the following arguments: {'ament_cmake_args': None, 'build_base': '/home/jordi/Documents/GitHub/IR2117/tb3_ws/build/robot_trajectory', 'catkin_cmake_args': None, 'catkin_skip_building_tests': False, 'cmake_args': None, 'cmake_clean_cache': False, 'cmake_clean_first': False, 'cmake_force_configure': False, 'cmake_target': None, 'cmake_target_skip_unavailable': False, 'install_base': '/home/jordi/Documents/GitHub/IR2117/tb3_ws/install/robot_trajectory', 'merge_install': False, 'path': '/home/jordi/Documents/GitHub/IR2117/tb3_ws/src/robot_trajectory', 'symlink_install': False, 'test_result_base': None}
[0.941s] INFO:colcon.colcon_core.executor:Executing jobs using 'parallel' executor
[0.949s] DEBUG:colcon.colcon_parallel_executor.executor.parallel:run_until_complete
[0.949s] INFO:colcon.colcon_ros.task.ament_cmake.build:Building ROS package in '/home/jordi/Documents/GitHub/IR2117/tb3_ws/src/robot_trajectory' with build type 'ament_cmake'
[0.949s] INFO:colcon.colcon_cmake.task.cmake.build:Building CMake package in '/home/jordi/Documents/GitHub/IR2117/tb3_ws/src/robot_trajectory'
[0.954s] INFO:colcon.colcon_core.plugin_system:Skipping extension 'colcon_core.shell.bat': Not used on non-Windows systems
[0.954s] INFO:colcon.colcon_core.shell:Skip shell extension 'powershell' for command environment: Not usable outside of PowerShell
[0.954s] DEBUG:colcon.colcon_core.shell:Skip shell extension 'dsv' for command environment
[1.000s] DEBUG:colcon.colcon_core.event_handler.log_command:Invoking command in '/home/jordi/Documents/GitHub/IR2117/tb3_ws/build/robot_trajectory': CMAKE_PREFIX_PATH=${CMAKE_PREFIX_PATH}:/opt/ros/foxy /usr/bin/cmake --build /home/jordi/Documents/GitHub/IR2117/tb3_ws/build/robot_trajectory -- -j1 -l1
[13.167s] DEBUG:colcon.colcon_core.event_handler.log_command:Invoked command in '/home/jordi/Documents/GitHub/IR2117/tb3_ws/build/robot_trajectory' returned '0': CMAKE_PREFIX_PATH=${CMAKE_PREFIX_PATH}:/opt/ros/foxy /usr/bin/cmake --build /home/jordi/Documents/GitHub/IR2117/tb3_ws/build/robot_trajectory -- -j1 -l1
[13.285s] DEBUG:colcon.colcon_core.event_handler.log_command:Invoking command in '/home/jordi/Documents/GitHub/IR2117/tb3_ws/build/robot_trajectory': CMAKE_PREFIX_PATH=${CMAKE_PREFIX_PATH}:/opt/ros/foxy /usr/bin/cmake --install /home/jordi/Documents/GitHub/IR2117/tb3_ws/build/robot_trajectory
[13.332s] Level 1:colcon.colcon_core.environment:create_environment_scripts_only(robot_trajectory)
[13.340s] DEBUG:colcon.colcon_core.event_handler.log_command:Invoked command in '/home/jordi/Documents/GitHub/IR2117/tb3_ws/build/robot_trajectory' returned '0': CMAKE_PREFIX_PATH=${CMAKE_PREFIX_PATH}:/opt/ros/foxy /usr/bin/cmake --install /home/jordi/Documents/GitHub/IR2117/tb3_ws/build/robot_trajectory
[13.344s] Level 1:colcon.colcon_core.environment:checking '/home/jordi/Documents/GitHub/IR2117/tb3_ws/install/robot_trajectory' for CMake module files
[13.344s] Level 1:colcon.colcon_core.environment:checking '/home/jordi/Documents/GitHub/IR2117/tb3_ws/install/robot_trajectory' for CMake config files
[13.344s] Level 1:colcon.colcon_core.shell:create_environment_hook('robot_trajectory', 'cmake_prefix_path')
[13.345s] INFO:colcon.colcon_core.shell:Creating environment hook '/home/jordi/Documents/GitHub/IR2117/tb3_ws/install/robot_trajectory/share/robot_trajectory/hook/cmake_prefix_path.ps1'
[13.346s] INFO:colcon.colcon_core.shell:Creating environment descriptor '/home/jordi/Documents/GitHub/IR2117/tb3_ws/install/robot_trajectory/share/robot_trajectory/hook/cmake_prefix_path.dsv'
[13.366s] INFO:colcon.colcon_core.shell:Creating environment hook '/home/jordi/Documents/GitHub/IR2117/tb3_ws/install/robot_trajectory/share/robot_trajectory/hook/cmake_prefix_path.sh'
[13.370s] Level 1:colcon.colcon_core.environment:checking '/home/jordi/Documents/GitHub/IR2117/tb3_ws/install/robot_trajectory/lib'
[13.370s] Level 1:colcon.colcon_core.environment:checking '/home/jordi/Documents/GitHub/IR2117/tb3_ws/install/robot_trajectory/bin'
[13.370s] Level 1:colcon.colcon_core.environment:checking '/home/jordi/Documents/GitHub/IR2117/tb3_ws/install/robot_trajectory/lib/pkgconfig/robot_trajectory.pc'
[13.371s] Level 1:colcon.colcon_core.environment:checking '/home/jordi/Documents/GitHub/IR2117/tb3_ws/install/robot_trajectory/lib/python3.8/site-packages'
[13.371s] Level 1:colcon.colcon_core.environment:checking '/home/jordi/Documents/GitHub/IR2117/tb3_ws/install/robot_trajectory/bin'
[13.372s] INFO:colcon.colcon_core.shell:Creating package script '/home/jordi/Documents/GitHub/IR2117/tb3_ws/install/robot_trajectory/share/robot_trajectory/package.ps1'
[13.373s] INFO:colcon.colcon_core.shell:Creating package descriptor '/home/jordi/Documents/GitHub/IR2117/tb3_ws/install/robot_trajectory/share/robot_trajectory/package.dsv'
[13.374s] INFO:colcon.colcon_core.shell:Creating package script '/home/jordi/Documents/GitHub/IR2117/tb3_ws/install/robot_trajectory/share/robot_trajectory/package.sh'
[13.375s] INFO:colcon.colcon_core.shell:Creating package script '/home/jordi/Documents/GitHub/IR2117/tb3_ws/install/robot_trajectory/share/robot_trajectory/package.bash'
[13.376s] INFO:colcon.colcon_core.shell:Creating package script '/home/jordi/Documents/GitHub/IR2117/tb3_ws/install/robot_trajectory/share/robot_trajectory/package.zsh'
[13.376s] Level 1:colcon.colcon_core.environment:create_file_with_runtime_dependencies(/home/jordi/Documents/GitHub/IR2117/tb3_ws/install/robot_trajectory/share/colcon-core/packages/robot_trajectory)
[13.457s] Level 1:colcon.colcon_core.environment:create_environment_scripts_only(robot_trajectory)
[13.459s] Level 1:colcon.colcon_core.environment:checking '/home/jordi/Documents/GitHub/IR2117/tb3_ws/install/robot_trajectory' for CMake module files
[13.460s] Level 1:colcon.colcon_core.environment:checking '/home/jordi/Documents/GitHub/IR2117/tb3_ws/install/robot_trajectory' for CMake config files
[13.460s] Level 1:colcon.colcon_core.shell:create_environment_hook('robot_trajectory', 'cmake_prefix_path')
[13.461s] INFO:colcon.colcon_core.shell:Creating environment hook '/home/jordi/Documents/GitHub/IR2117/tb3_ws/install/robot_trajectory/share/robot_trajectory/hook/cmake_prefix_path.ps1'
[13.462s] INFO:colcon.colcon_core.shell:Creating environment descriptor '/home/jordi/Documents/GitHub/IR2117/tb3_ws/install/robot_trajectory/share/robot_trajectory/hook/cmake_prefix_path.dsv'
[13.472s] INFO:colcon.colcon_core.shell:Creating environment hook '/home/jordi/Documents/GitHub/IR2117/tb3_ws/install/robot_trajectory/share/robot_trajectory/hook/cmake_prefix_path.sh'
[13.474s] Level 1:colcon.colcon_core.environment:checking '/home/jordi/Documents/GitHub/IR2117/tb3_ws/install/robot_trajectory/lib'
[13.474s] Level 1:colcon.colcon_core.environment:checking '/home/jordi/Documents/GitHub/IR2117/tb3_ws/install/robot_trajectory/bin'
[13.474s] Level 1:colcon.colcon_core.environment:checking '/home/jordi/Documents/GitHub/IR2117/tb3_ws/install/robot_trajectory/lib/pkgconfig/robot_trajectory.pc'
[13.474s] Level 1:colcon.colcon_core.environment:checking '/home/jordi/Documents/GitHub/IR2117/tb3_ws/install/robot_trajectory/lib/python3.8/site-packages'
[13.475s] Level 1:colcon.colcon_core.environment:checking '/home/jordi/Documents/GitHub/IR2117/tb3_ws/install/robot_trajectory/bin'
[13.476s] INFO:colcon.colcon_core.shell:Creating package script '/home/jordi/Documents/GitHub/IR2117/tb3_ws/install/robot_trajectory/share/robot_trajectory/package.ps1'
[13.485s] INFO:colcon.colcon_core.shell:Creating package descriptor '/home/jordi/Documents/GitHub/IR2117/tb3_ws/install/robot_trajectory/share/robot_trajectory/package.dsv'
[13.486s] INFO:colcon.colcon_core.shell:Creating package script '/home/jordi/Documents/GitHub/IR2117/tb3_ws/install/robot_trajectory/share/robot_trajectory/package.sh'
[13.487s] INFO:colcon.colcon_core.shell:Creating package script '/home/jordi/Documents/GitHub/IR2117/tb3_ws/install/robot_trajectory/share/robot_trajectory/package.bash'
[13.488s] INFO:colcon.colcon_core.shell:Creating package script '/home/jordi/Documents/GitHub/IR2117/tb3_ws/install/robot_trajectory/share/robot_trajectory/package.zsh'
[13.490s] Level 1:colcon.colcon_core.environment:create_file_with_runtime_dependencies(/home/jordi/Documents/GitHub/IR2117/tb3_ws/install/robot_trajectory/share/colcon-core/packages/robot_trajectory)
[13.491s] DEBUG:colcon.colcon_parallel_executor.executor.parallel:closing loop
[13.501s] DEBUG:colcon.colcon_parallel_executor.executor.parallel:loop closed
[13.501s] DEBUG:colcon.colcon_parallel_executor.executor.parallel:run_until_complete finished with '0'
[13.501s] DEBUG:colcon.colcon_core.event_reactor:joining thread
[13.507s] INFO:colcon.colcon_core.plugin_system:Skipping extension 'colcon_notification.desktop_notification.terminal_notifier': Not used on non-Darwin systems
[13.507s] INFO:colcon.colcon_core.plugin_system:Skipping extension 'colcon_notification.desktop_notification.win32': Not used on non-Windows systems
[13.508s] INFO:colcon.colcon_notification.desktop_notification:Sending desktop notification using 'notify2'
[13.535s] DEBUG:colcon.colcon_core.event_reactor:joined thread
[13.536s] INFO:colcon.colcon_core.shell:Creating prefix script '/home/jordi/Documents/GitHub/IR2117/tb3_ws/install/local_setup.ps1'
[13.537s] INFO:colcon.colcon_core.shell:Creating prefix util module '/home/jordi/Documents/GitHub/IR2117/tb3_ws/install/_local_setup_util_ps1.py'
[13.561s] INFO:colcon.colcon_core.shell:Creating prefix chain script '/home/jordi/Documents/GitHub/IR2117/tb3_ws/install/setup.ps1'
[13.562s] INFO:colcon.colcon_core.shell:Creating prefix script '/home/jordi/Documents/GitHub/IR2117/tb3_ws/install/local_setup.sh'
[13.563s] INFO:colcon.colcon_core.shell:Creating prefix util module '/home/jordi/Documents/GitHub/IR2117/tb3_ws/install/_local_setup_util_sh.py'
[13.563s] INFO:colcon.colcon_core.shell:Creating prefix chain script '/home/jordi/Documents/GitHub/IR2117/tb3_ws/install/setup.sh'
[13.576s] INFO:colcon.colcon_core.shell:Creating prefix script '/home/jordi/Documents/GitHub/IR2117/tb3_ws/install/local_setup.bash'
[13.576s] INFO:colcon.colcon_core.shell:Creating prefix chain script '/home/jordi/Documents/GitHub/IR2117/tb3_ws/install/setup.bash'
[13.578s] INFO:colcon.colcon_core.shell:Creating prefix script '/home/jordi/Documents/GitHub/IR2117/tb3_ws/install/local_setup.zsh'
[13.578s] INFO:colcon.colcon_core.shell:Creating prefix chain script '/home/jordi/Documents/GitHub/IR2117/tb3_ws/install/setup.zsh'
