[0.055s] Invoking command in '/home/jab/Documentos/GitHub/IR2117/tb3_ws/build/obstacles': CMAKE_PREFIX_PATH=${CMAKE_PREFIX_PATH}:/opt/ros/foxy /usr/bin/cmake --build /home/jab/Documentos/GitHub/IR2117/tb3_ws/build/obstacles -- -j4 -l4
[0.106s] [35m[1mScanning dependencies of target detector[0m
[0.148s] [ 25%] [32mBuilding CXX object CMakeFiles/detector.dir/src/detector.cpp.o[0m
[0.149s] [ 75%] Built target avoidance
[5.255s] [100%] [32m[1mLinking CXX executable detector[0m
[5.526s] [100%] Built target detector
[5.538s] Invoked command in '/home/jab/Documentos/GitHub/IR2117/tb3_ws/build/obstacles' returned '0': CMAKE_PREFIX_PATH=${CMAKE_PREFIX_PATH}:/opt/ros/foxy /usr/bin/cmake --build /home/jab/Documentos/GitHub/IR2117/tb3_ws/build/obstacles -- -j4 -l4
[5.563s] Invoking command in '/home/jab/Documentos/GitHub/IR2117/tb3_ws/build/obstacles': CMAKE_PREFIX_PATH=${CMAKE_PREFIX_PATH}:/opt/ros/foxy /usr/bin/cmake --install /home/jab/Documentos/GitHub/IR2117/tb3_ws/build/obstacles
[5.571s] -- Install configuration: ""
[5.571s] -- Installing: /home/jab/Documentos/GitHub/IR2117/tb3_ws/install/obstacles/lib/obstacles/detector
[5.573s] -- Set runtime path of "/home/jab/Documentos/GitHub/IR2117/tb3_ws/install/obstacles/lib/obstacles/detector" to ""
[5.573s] -- Up-to-date: /home/jab/Documentos/GitHub/IR2117/tb3_ws/install/obstacles/lib/obstacles/avoidance
[5.573s] -- Up-to-date: /home/jab/Documentos/GitHub/IR2117/tb3_ws/install/obstacles/share/obstacles/launch
[5.573s] -- Installing: /home/jab/Documentos/GitHub/IR2117/tb3_ws/install/obstacles/share/obstacles/launch/triple_detector.launch.py
[5.573s] -- Up-to-date: /home/jab/Documentos/GitHub/IR2117/tb3_ws/install/obstacles/share/obstacles/launch/detector_test.launch.py
[5.574s] -- Up-to-date: /home/jab/Documentos/GitHub/IR2117/tb3_ws/install/obstacles/share/ament_index/resource_index/package_run_dependencies/obstacles
[5.574s] -- Up-to-date: /home/jab/Documentos/GitHub/IR2117/tb3_ws/install/obstacles/share/ament_index/resource_index/parent_prefix_path/obstacles
[5.574s] -- Up-to-date: /home/jab/Documentos/GitHub/IR2117/tb3_ws/install/obstacles/share/obstacles/environment/ament_prefix_path.sh
[5.574s] -- Up-to-date: /home/jab/Documentos/GitHub/IR2117/tb3_ws/install/obstacles/share/obstacles/environment/ament_prefix_path.dsv
[5.574s] -- Up-to-date: /home/jab/Documentos/GitHub/IR2117/tb3_ws/install/obstacles/share/obstacles/environment/path.sh
[5.574s] -- Up-to-date: /home/jab/Documentos/GitHub/IR2117/tb3_ws/install/obstacles/share/obstacles/environment/path.dsv
[5.574s] -- Up-to-date: /home/jab/Documentos/GitHub/IR2117/tb3_ws/install/obstacles/share/obstacles/local_setup.bash
[5.574s] -- Up-to-date: /home/jab/Documentos/GitHub/IR2117/tb3_ws/install/obstacles/share/obstacles/local_setup.sh
[5.574s] -- Up-to-date: /home/jab/Documentos/GitHub/IR2117/tb3_ws/install/obstacles/share/obstacles/local_setup.zsh
[5.574s] -- Up-to-date: /home/jab/Documentos/GitHub/IR2117/tb3_ws/install/obstacles/share/obstacles/local_setup.dsv
[5.574s] -- Installing: /home/jab/Documentos/GitHub/IR2117/tb3_ws/install/obstacles/share/obstacles/package.dsv
[5.574s] -- Up-to-date: /home/jab/Documentos/GitHub/IR2117/tb3_ws/install/obstacles/share/ament_index/resource_index/packages/obstacles
[5.574s] -- Up-to-date: /home/jab/Documentos/GitHub/IR2117/tb3_ws/install/obstacles/share/obstacles/cmake/obstaclesConfig.cmake
[5.574s] -- Up-to-date: /home/jab/Documentos/GitHub/IR2117/tb3_ws/install/obstacles/share/obstacles/cmake/obstaclesConfig-version.cmake
[5.575s] -- Up-to-date: /home/jab/Documentos/GitHub/IR2117/tb3_ws/install/obstacles/share/obstacles/package.xml
[5.583s] Invoked command in '/home/jab/Documentos/GitHub/IR2117/tb3_ws/build/obstacles' returned '0': CMAKE_PREFIX_PATH=${CMAKE_PREFIX_PATH}:/opt/ros/foxy /usr/bin/cmake --install /home/jab/Documentos/GitHub/IR2117/tb3_ws/build/obstacles
