[0.021s] Invoking command in '/home/usuario/Documentos/GitHub/IR2117/ros2_ws/src/build/examples_topics': CMAKE_PREFIX_PATH=/opt/ros/foxy /usr/bin/cmake --build /home/usuario/Documentos/GitHub/IR2117/ros2_ws/src/build/examples_topics -- -j6 -l6
[0.059s] [ 25%] [32mBuilding CXX object CMakeFiles/publisher.dir/publisher.cpp.o[0m
[0.070s] [ 50%] [32mBuilding CXX object CMakeFiles/subscriber.dir/subscriber.cpp.o[0m
[2.281s] [ 75%] [32m[1mLinking CXX executable publisher[0m
[2.502s] [ 75%] Built target publisher
[3.885s] [100%] [32m[1mLinking CXX executable subscriber[0m
[4.278s] [100%] Built target subscriber
[4.286s] Invoked command in '/home/usuario/Documentos/GitHub/IR2117/ros2_ws/src/build/examples_topics' returned '0': CMAKE_PREFIX_PATH=/opt/ros/foxy /usr/bin/cmake --build /home/usuario/Documentos/GitHub/IR2117/ros2_ws/src/build/examples_topics -- -j6 -l6
[4.304s] Invoking command in '/home/usuario/Documentos/GitHub/IR2117/ros2_ws/src/build/examples_topics': CMAKE_PREFIX_PATH=/opt/ros/foxy /usr/bin/cmake --install /home/usuario/Documentos/GitHub/IR2117/ros2_ws/src/build/examples_topics
[4.311s] -- Install configuration: ""
[4.311s] -- Installing: /home/usuario/Documentos/GitHub/IR2117/ros2_ws/src/install/examples_topics/lib/examples_topics/publisher
[4.322s] -- Set runtime path of "/home/usuario/Documentos/GitHub/IR2117/ros2_ws/src/install/examples_topics/lib/examples_topics/publisher" to ""
[4.322s] -- Installing: /home/usuario/Documentos/GitHub/IR2117/ros2_ws/src/install/examples_topics/lib/examples_topics/subscriber
[4.342s] -- Set runtime path of "/home/usuario/Documentos/GitHub/IR2117/ros2_ws/src/install/examples_topics/lib/examples_topics/subscriber" to ""
[4.342s] -- Installing: /home/usuario/Documentos/GitHub/IR2117/ros2_ws/src/install/examples_topics/share/ament_index/resource_index/package_run_dependencies/examples_topics
[4.343s] -- Installing: /home/usuario/Documentos/GitHub/IR2117/ros2_ws/src/install/examples_topics/share/ament_index/resource_index/parent_prefix_path/examples_topics
[4.343s] -- Installing: /home/usuario/Documentos/GitHub/IR2117/ros2_ws/src/install/examples_topics/share/examples_topics/environment/ament_prefix_path.sh
[4.344s] -- Installing: /home/usuario/Documentos/GitHub/IR2117/ros2_ws/src/install/examples_topics/share/examples_topics/environment/ament_prefix_path.dsv
[4.344s] -- Installing: /home/usuario/Documentos/GitHub/IR2117/ros2_ws/src/install/examples_topics/share/examples_topics/environment/path.sh
[4.344s] -- Installing: /home/usuario/Documentos/GitHub/IR2117/ros2_ws/src/install/examples_topics/share/examples_topics/environment/path.dsv
[4.345s] -- Installing: /home/usuario/Documentos/GitHub/IR2117/ros2_ws/src/install/examples_topics/share/examples_topics/local_setup.bash
[4.345s] -- Installing: /home/usuario/Documentos/GitHub/IR2117/ros2_ws/src/install/examples_topics/share/examples_topics/local_setup.sh
[4.346s] -- Installing: /home/usuario/Documentos/GitHub/IR2117/ros2_ws/src/install/examples_topics/share/examples_topics/local_setup.zsh
[4.346s] -- Installing: /home/usuario/Documentos/GitHub/IR2117/ros2_ws/src/install/examples_topics/share/examples_topics/local_setup.dsv
[4.346s] -- Installing: /home/usuario/Documentos/GitHub/IR2117/ros2_ws/src/install/examples_topics/share/examples_topics/package.dsv
[4.347s] -- Installing: /home/usuario/Documentos/GitHub/IR2117/ros2_ws/src/install/examples_topics/share/ament_index/resource_index/packages/examples_topics
[4.347s] -- Installing: /home/usuario/Documentos/GitHub/IR2117/ros2_ws/src/install/examples_topics/share/examples_topics/cmake/examples_topicsConfig.cmake
[4.348s] -- Installing: /home/usuario/Documentos/GitHub/IR2117/ros2_ws/src/install/examples_topics/share/examples_topics/cmake/examples_topicsConfig-version.cmake
[4.348s] -- Installing: /home/usuario/Documentos/GitHub/IR2117/ros2_ws/src/install/examples_topics/share/examples_topics/package.xml
[4.356s] Invoked command in '/home/usuario/Documentos/GitHub/IR2117/ros2_ws/src/build/examples_topics' returned '0': CMAKE_PREFIX_PATH=/opt/ros/foxy /usr/bin/cmake --install /home/usuario/Documentos/GitHub/IR2117/ros2_ws/src/build/examples_topics
