[35m[1mScanning dependencies of target avoidance[0m
[ 50%] Built target detector
[ 75%] [32mBuilding CXX object CMakeFiles/avoidance.dir/src/avoidance.cpp.o[0m
[01m[K/home/jab/Documentos/GitHub/IR2117/tb3_ws/src/obstacles/src/avoidance.cpp:17:27:[m[K [01;31m[Kerror: [m[K‘[01m[Kexample_interfaces[m[K’ does not name a type; did you mean ‘[01m[Krcl_interfaces[m[K’?
   17 | void callback_front(const [01;31m[Kexample_interfaces[m[K::msg::Bool::SharedPtr msg)
      |                           [01;31m[K^~~~~~~~~~~~~~~~~~[m[K
      |                           [32m[Krcl_interfaces[m[K
[01m[K/home/jab/Documentos/GitHub/IR2117/tb3_ws/src/obstacles/src/avoidance.cpp:17:50:[m[K [01;31m[Kerror: [m[Kexpected unqualified-id before ‘[01m[K::[m[K’ token
   17 | void callback_front(const example_interfaces::msg[01;31m[K::[m[KBool::SharedPtr msg)
      |                                                  [01;31m[K^~[m[K
[01m[K/home/jab/Documentos/GitHub/IR2117/tb3_ws/src/obstacles/src/avoidance.cpp:17:50:[m[K [01;31m[Kerror: [m[Kexpected ‘[01m[K)[m[K’ before ‘[01m[K::[m[K’ token
   17 | void callback_front[34m[K([m[Kconst example_interfaces::msg[01;31m[K:[m[K[32m[K:[m[KBool::SharedPtr msg)
      |                    [34m[K~[m[K                             [01;31m[K^[m[K[32m[K~[m[K
      |                                                  [32m[K)[m[K
[01m[K/home/jab/Documentos/GitHub/IR2117/tb3_ws/src/obstacles/src/avoidance.cpp:17:50:[m[K [01;31m[Kerror: [m[Kexpected initializer before ‘[01m[K::[m[K’ token
   17 | void callback_front(const example_interfaces::msg[01;31m[K::[m[KBool::SharedPtr msg)
      |                                                  [01;31m[K^~[m[K
[01m[K/home/jab/Documentos/GitHub/IR2117/tb3_ws/src/obstacles/src/avoidance.cpp:23:26:[m[K [01;31m[Kerror: [m[K‘[01m[Kexample_interfaces[m[K’ does not name a type; did you mean ‘[01m[Krcl_interfaces[m[K’?
   23 | void callback_left(const [01;31m[Kexample_interfaces[m[K::msg::Bool::SharedPtr msg)
      |                          [01;31m[K^~~~~~~~~~~~~~~~~~[m[K
      |                          [32m[Krcl_interfaces[m[K
[01m[K/home/jab/Documentos/GitHub/IR2117/tb3_ws/src/obstacles/src/avoidance.cpp:23:49:[m[K [01;31m[Kerror: [m[Kexpected unqualified-id before ‘[01m[K::[m[K’ token
   23 | void callback_left(const example_interfaces::msg[01;31m[K::[m[KBool::SharedPtr msg)
      |                                                 [01;31m[K^~[m[K
[01m[K/home/jab/Documentos/GitHub/IR2117/tb3_ws/src/obstacles/src/avoidance.cpp:23:49:[m[K [01;31m[Kerror: [m[Kexpected ‘[01m[K)[m[K’ before ‘[01m[K::[m[K’ token
   23 | void callback_left[34m[K([m[Kconst example_interfaces::msg[01;31m[K:[m[K[32m[K:[m[KBool::SharedPtr msg)
      |                   [34m[K~[m[K                             [01;31m[K^[m[K[32m[K~[m[K
      |                                                 [32m[K)[m[K
[01m[K/home/jab/Documentos/GitHub/IR2117/tb3_ws/src/obstacles/src/avoidance.cpp:23:49:[m[K [01;31m[Kerror: [m[Kexpected initializer before ‘[01m[K::[m[K’ token
   23 | void callback_left(const example_interfaces::msg[01;31m[K::[m[KBool::SharedPtr msg)
      |                                                 [01;31m[K^~[m[K
[01m[K/home/jab/Documentos/GitHub/IR2117/tb3_ws/src/obstacles/src/avoidance.cpp:28:27:[m[K [01;31m[Kerror: [m[K‘[01m[Kexample_interfaces[m[K’ does not name a type; did you mean ‘[01m[Krcl_interfaces[m[K’?
   28 | void callback_right(const [01;31m[Kexample_interfaces[m[K::msg::Bool::SharedPtr msg)
      |                           [01;31m[K^~~~~~~~~~~~~~~~~~[m[K
      |                           [32m[Krcl_interfaces[m[K
[01m[K/home/jab/Documentos/GitHub/IR2117/tb3_ws/src/obstacles/src/avoidance.cpp:28:50:[m[K [01;31m[Kerror: [m[Kexpected unqualified-id before ‘[01m[K::[m[K’ token
   28 | void callback_right(const example_interfaces::msg[01;31m[K::[m[KBool::SharedPtr msg)
      |                                                  [01;31m[K^~[m[K
[01m[K/home/jab/Documentos/GitHub/IR2117/tb3_ws/src/obstacles/src/avoidance.cpp:28:50:[m[K [01;31m[Kerror: [m[Kexpected ‘[01m[K)[m[K’ before ‘[01m[K::[m[K’ token
   28 | void callback_right[34m[K([m[Kconst example_interfaces::msg[01;31m[K:[m[K[32m[K:[m[KBool::SharedPtr msg)
      |                    [34m[K~[m[K                             [01;31m[K^[m[K[32m[K~[m[K
      |                                                  [32m[K)[m[K
[01m[K/home/jab/Documentos/GitHub/IR2117/tb3_ws/src/obstacles/src/avoidance.cpp:28:50:[m[K [01;31m[Kerror: [m[Kexpected initializer before ‘[01m[K::[m[K’ token
   28 | void callback_right(const example_interfaces::msg[01;31m[K::[m[KBool::SharedPtr msg)
      |                                                  [01;31m[K^~[m[K
[01m[K/home/jab/Documentos/GitHub/IR2117/tb3_ws/src/obstacles/src/avoidance.cpp:[m[K In function ‘[01m[Kint main(int, char**)[m[K’:
[01m[K/home/jab/Documentos/GitHub/IR2117/tb3_ws/src/obstacles/src/avoidance.cpp:38:49:[m[K [01;31m[Kerror: [m[K‘[01m[Kexample_interfaces[m[K’ was not declared in this scope; did you mean ‘[01m[Krcl_interfaces[m[K’?
   38 |     auto subs_front = node->create_subscription<[01;31m[Kexample_interfaces[m[K::msg::Bool>("/front/obstacle", 10,callback_front);
      |                                                 [01;31m[K^~~~~~~~~~~~~~~~~~[m[K
      |                                                 [32m[Krcl_interfaces[m[K
[01m[K/home/jab/Documentos/GitHub/IR2117/tb3_ws/src/obstacles/src/avoidance.cpp:38:29:[m[K [01;31m[Kerror: [m[Kparse error in template argument list
   38 |     auto subs_front = node->[01;31m[Kcreate_subscription<example_interfaces::msg::Bool>[m[K("/front/obstacle", 10,callback_front);
      |                             [01;31m[K^~~~~~~~~~~~~~~~~~~~~~~~~~~~~~~~~~~~~~~~~~~~~~~~~~[m[K
[01m[K/home/jab/Documentos/GitHub/IR2117/tb3_ws/src/obstacles/src/avoidance.cpp:38:102:[m[K [01;31m[Kerror: [m[K‘[01m[Kcallback_front[m[K’ was not declared in this scope
   38 |     auto subs_front = node->create_subscription<example_interfaces::msg::Bool>("/front/obstacle", 10,[01;31m[Kcallback_front[m[K);
      |                                                                                                      [01;31m[K^~~~~~~~~~~~~~[m[K
[01m[K/home/jab/Documentos/GitHub/IR2117/tb3_ws/src/obstacles/src/avoidance.cpp:39:28:[m[K [01;31m[Kerror: [m[Kparse error in template argument list
   39 |     auto subs_left = node->[01;31m[Kcreate_subscription<example_interfaces::msg::Bool>[m[K("/left/obstacle", 10,callback_left);
      |                            [01;31m[K^~~~~~~~~~~~~~~~~~~~~~~~~~~~~~~~~~~~~~~~~~~~~~~~~~[m[K
[01m[K/home/jab/Documentos/GitHub/IR2117/tb3_ws/src/obstacles/src/avoidance.cpp:39:100:[m[K [01;31m[Kerror: [m[K‘[01m[Kcallback_left[m[K’ was not declared in this scope
   39 |     auto subs_left = node->create_subscription<example_interfaces::msg::Bool>("/left/obstacle", 10,[01;31m[Kcallback_left[m[K);
      |                                                                                                    [01;31m[K^~~~~~~~~~~~~[m[K
[01m[K/home/jab/Documentos/GitHub/IR2117/tb3_ws/src/obstacles/src/avoidance.cpp:40:29:[m[K [01;31m[Kerror: [m[Kparse error in template argument list
   40 |     auto subs_right = node->[01;31m[Kcreate_subscription<example_interfaces::msg::Bool>[m[K("/right/obstacle", 10,callback_right);
      |                             [01;31m[K^~~~~~~~~~~~~~~~~~~~~~~~~~~~~~~~~~~~~~~~~~~~~~~~~~[m[K
[01m[K/home/jab/Documentos/GitHub/IR2117/tb3_ws/src/obstacles/src/avoidance.cpp:40:102:[m[K [01;31m[Kerror: [m[K‘[01m[Kcallback_right[m[K’ was not declared in this scope
   40 |     auto subs_right = node->create_subscription<example_interfaces::msg::Bool>("/right/obstacle", 10,[01;31m[Kcallback_right[m[K);
      |                                                                                                      [01;31m[K^~~~~~~~~~~~~~[m[K
make[2]: *** [CMakeFiles/avoidance.dir/build.make:63: CMakeFiles/avoidance.dir/src/avoidance.cpp.o] Error 1
make[1]: *** [CMakeFiles/Makefile2:107: CMakeFiles/avoidance.dir/all] Error 2
make: *** [Makefile:141: all] Error 2
