[0.146s] DEBUG:colcon:Command line arguments: ['/usr/bin/colcon', 'build']
[0.146s] DEBUG:colcon:Parsed command line arguments: Namespace(allow_overriding=[], ament_cmake_args=None, base_paths=['.'], build_base='build', catkin_cmake_args=None, catkin_skip_building_tests=False, cmake_args=None, cmake_clean_cache=False, cmake_clean_first=False, cmake_force_configure=False, cmake_target=None, cmake_target_skip_unavailable=False, continue_on_error=False, event_handlers=None, executor='parallel', ignore_user_meta=False, install_base='install', log_base=None, log_level=None, main=<bound method BuildVerb.main of <colcon_core.verb.build.BuildVerb object at 0x7f23e22d1d90>>, merge_install=False, metas=['./colcon.meta'], packages_above=None, packages_above_and_dependencies=None, packages_above_depth=None, packages_end=None, packages_ignore=None, packages_ignore_regex=None, packages_select=None, packages_select_build_failed=False, packages_select_by_dep=None, packages_select_regex=None, packages_select_test_failures=False, packages_skip=None, packages_skip_build_finished=False, packages_skip_by_dep=None, packages_skip_regex=None, packages_skip_test_passed=False, packages_skip_up_to=None, packages_start=None, packages_up_to=None, packages_up_to_regex=None, parallel_workers=6, paths=None, symlink_install=False, test_result_base=None, verb_extension=<colcon_core.verb.build.BuildVerb object at 0x7f23e22d1d90>, verb_name='build', verb_parser=<colcon_defaults.argument_parser.defaults.DefaultArgumentsDecorator object at 0x7f23e22d7340>)
[0.167s] Level 1:colcon.colcon_core.package_discovery:discover_packages(colcon_meta) check parameters
[0.167s] Level 1:colcon.colcon_core.package_discovery:discover_packages(recursive) check parameters
[0.167s] Level 1:colcon.colcon_core.package_discovery:discover_packages(ignore) check parameters
[0.167s] Level 1:colcon.colcon_core.package_discovery:discover_packages(path) check parameters
[0.167s] Level 1:colcon.colcon_core.package_discovery:discover_packages(colcon_meta) discover
[0.167s] Level 1:colcon.colcon_core.package_discovery:discover_packages(recursive) discover
[0.167s] INFO:colcon.colcon_core.package_discovery:Crawling recursively for packages in '/home/usuario/Documentos/GitHub/IR2117/tb3_ws'
[0.168s] Level 1:colcon.colcon_core.package_identification:_identify(.) by extensions ['ignore', 'ignore_ament_install']
[0.168s] Level 1:colcon.colcon_core.package_identification:_identify(.) by extension 'ignore'
[0.168s] Level 1:colcon.colcon_core.package_identification:_identify(.) by extension 'ignore_ament_install'
[0.168s] Level 1:colcon.colcon_core.package_identification:_identify(.) by extensions ['colcon_pkg']
[0.168s] Level 1:colcon.colcon_core.package_identification:_identify(.) by extension 'colcon_pkg'
[0.168s] Level 1:colcon.colcon_core.package_identification:_identify(.) by extensions ['colcon_meta']
[0.168s] Level 1:colcon.colcon_core.package_identification:_identify(.) by extension 'colcon_meta'
[0.168s] Level 1:colcon.colcon_core.package_identification:_identify(.) by extensions ['ros']
[0.168s] Level 1:colcon.colcon_core.package_identification:_identify(.) by extension 'ros'
[0.184s] Level 1:colcon.colcon_core.package_identification:_identify(.) by extensions ['cmake', 'python']
[0.184s] Level 1:colcon.colcon_core.package_identification:_identify(.) by extension 'cmake'
[0.184s] Level 1:colcon.colcon_core.package_identification:_identify(.) by extension 'python'
[0.184s] Level 1:colcon.colcon_core.package_identification:_identify(.) by extensions ['python_setup_py']
[0.184s] Level 1:colcon.colcon_core.package_identification:_identify(.) by extension 'python_setup_py'
[0.184s] Level 1:colcon.colcon_core.package_identification:_identify(build) by extensions ['ignore', 'ignore_ament_install']
[0.184s] Level 1:colcon.colcon_core.package_identification:_identify(build) by extension 'ignore'
[0.185s] Level 1:colcon.colcon_core.package_identification:_identify(build) ignored
[0.185s] Level 1:colcon.colcon_core.package_identification:_identify(install) by extensions ['ignore', 'ignore_ament_install']
[0.185s] Level 1:colcon.colcon_core.package_identification:_identify(install) by extension 'ignore'
[0.185s] Level 1:colcon.colcon_core.package_identification:_identify(install) ignored
[0.185s] Level 1:colcon.colcon_core.package_identification:_identify(log) by extensions ['ignore', 'ignore_ament_install']
[0.185s] Level 1:colcon.colcon_core.package_identification:_identify(log) by extension 'ignore'
[0.185s] Level 1:colcon.colcon_core.package_identification:_identify(log) ignored
[0.185s] Level 1:colcon.colcon_core.package_identification:_identify(src) by extensions ['ignore', 'ignore_ament_install']
[0.185s] Level 1:colcon.colcon_core.package_identification:_identify(src) by extension 'ignore'
[0.185s] Level 1:colcon.colcon_core.package_identification:_identify(src) by extension 'ignore_ament_install'
[0.185s] Level 1:colcon.colcon_core.package_identification:_identify(src) by extensions ['colcon_pkg']
[0.185s] Level 1:colcon.colcon_core.package_identification:_identify(src) by extension 'colcon_pkg'
[0.185s] Level 1:colcon.colcon_core.package_identification:_identify(src) by extensions ['colcon_meta']
[0.185s] Level 1:colcon.colcon_core.package_identification:_identify(src) by extension 'colcon_meta'
[0.185s] Level 1:colcon.colcon_core.package_identification:_identify(src) by extensions ['ros']
[0.185s] Level 1:colcon.colcon_core.package_identification:_identify(src) by extension 'ros'
[0.185s] Level 1:colcon.colcon_core.package_identification:_identify(src) by extensions ['cmake', 'python']
[0.185s] Level 1:colcon.colcon_core.package_identification:_identify(src) by extension 'cmake'
[0.185s] Level 1:colcon.colcon_core.package_identification:_identify(src) by extension 'python'
[0.185s] Level 1:colcon.colcon_core.package_identification:_identify(src) by extensions ['python_setup_py']
[0.185s] Level 1:colcon.colcon_core.package_identification:_identify(src) by extension 'python_setup_py'
[0.185s] Level 1:colcon.colcon_core.package_identification:_identify(src/build) by extensions ['ignore', 'ignore_ament_install']
[0.185s] Level 1:colcon.colcon_core.package_identification:_identify(src/build) by extension 'ignore'
[0.185s] Level 1:colcon.colcon_core.package_identification:_identify(src/build) ignored
[0.186s] Level 1:colcon.colcon_core.package_identification:_identify(src/install) by extensions ['ignore', 'ignore_ament_install']
[0.186s] Level 1:colcon.colcon_core.package_identification:_identify(src/install) by extension 'ignore'
[0.186s] Level 1:colcon.colcon_core.package_identification:_identify(src/install) ignored
[0.186s] Level 1:colcon.colcon_core.package_identification:_identify(src/log) by extensions ['ignore', 'ignore_ament_install']
[0.186s] Level 1:colcon.colcon_core.package_identification:_identify(src/log) by extension 'ignore'
[0.186s] Level 1:colcon.colcon_core.package_identification:_identify(src/log) ignored
[0.186s] Level 1:colcon.colcon_core.package_identification:_identify(src/obstacles) by extensions ['ignore', 'ignore_ament_install']
[0.186s] Level 1:colcon.colcon_core.package_identification:_identify(src/obstacles) by extension 'ignore'
[0.186s] Level 1:colcon.colcon_core.package_identification:_identify(src/obstacles) by extension 'ignore_ament_install'
[0.186s] Level 1:colcon.colcon_core.package_identification:_identify(src/obstacles) by extensions ['colcon_pkg']
[0.186s] Level 1:colcon.colcon_core.package_identification:_identify(src/obstacles) by extension 'colcon_pkg'
[0.186s] Level 1:colcon.colcon_core.package_identification:_identify(src/obstacles) by extensions ['colcon_meta']
[0.186s] Level 1:colcon.colcon_core.package_identification:_identify(src/obstacles) by extension 'colcon_meta'
[0.186s] Level 1:colcon.colcon_core.package_identification:_identify(src/obstacles) by extensions ['ros']
[0.186s] Level 1:colcon.colcon_core.package_identification:_identify(src/obstacles) by extension 'ros'
[0.189s] DEBUG:colcon.colcon_core.package_identification:Package 'src/obstacles' with type 'ros.ament_cmake' and name 'obstacles'
[0.189s] Level 1:colcon.colcon_core.package_identification:_identify(src/olympic) by extensions ['ignore', 'ignore_ament_install']
[0.189s] Level 1:colcon.colcon_core.package_identification:_identify(src/olympic) by extension 'ignore'
[0.190s] Level 1:colcon.colcon_core.package_identification:_identify(src/olympic) by extension 'ignore_ament_install'
[0.190s] Level 1:colcon.colcon_core.package_identification:_identify(src/olympic) by extensions ['colcon_pkg']
[0.190s] Level 1:colcon.colcon_core.package_identification:_identify(src/olympic) by extension 'colcon_pkg'
[0.190s] Level 1:colcon.colcon_core.package_identification:_identify(src/olympic) by extensions ['colcon_meta']
[0.190s] Level 1:colcon.colcon_core.package_identification:_identify(src/olympic) by extension 'colcon_meta'
[0.190s] Level 1:colcon.colcon_core.package_identification:_identify(src/olympic) by extensions ['ros']
[0.190s] Level 1:colcon.colcon_core.package_identification:_identify(src/olympic) by extension 'ros'
[0.191s] DEBUG:colcon.colcon_core.package_identification:Package 'src/olympic' with type 'ros.ament_cmake' and name 'olympic'
[0.192s] Level 1:colcon.colcon_core.package_identification:_identify(src/olympic_interfaces) by extensions ['ignore', 'ignore_ament_install']
[0.192s] Level 1:colcon.colcon_core.package_identification:_identify(src/olympic_interfaces) by extension 'ignore'
[0.192s] Level 1:colcon.colcon_core.package_identification:_identify(src/olympic_interfaces) by extension 'ignore_ament_install'
[0.192s] Level 1:colcon.colcon_core.package_identification:_identify(src/olympic_interfaces) by extensions ['colcon_pkg']
[0.192s] Level 1:colcon.colcon_core.package_identification:_identify(src/olympic_interfaces) by extension 'colcon_pkg'
[0.192s] Level 1:colcon.colcon_core.package_identification:_identify(src/olympic_interfaces) by extensions ['colcon_meta']
[0.192s] Level 1:colcon.colcon_core.package_identification:_identify(src/olympic_interfaces) by extension 'colcon_meta'
[0.192s] Level 1:colcon.colcon_core.package_identification:_identify(src/olympic_interfaces) by extensions ['ros']
[0.192s] Level 1:colcon.colcon_core.package_identification:_identify(src/olympic_interfaces) by extension 'ros'
[0.193s] DEBUG:colcon.colcon_core.package_identification:Package 'src/olympic_interfaces' with type 'ros.ament_cmake' and name 'olympic_interfaces'
[0.194s] Level 1:colcon.colcon_core.package_identification:_identify(src/robot_trajectory) by extensions ['ignore', 'ignore_ament_install']
[0.194s] Level 1:colcon.colcon_core.package_identification:_identify(src/robot_trajectory) by extension 'ignore'
[0.194s] Level 1:colcon.colcon_core.package_identification:_identify(src/robot_trajectory) by extension 'ignore_ament_install'
[0.194s] Level 1:colcon.colcon_core.package_identification:_identify(src/robot_trajectory) by extensions ['colcon_pkg']
[0.194s] Level 1:colcon.colcon_core.package_identification:_identify(src/robot_trajectory) by extension 'colcon_pkg'
[0.194s] Level 1:colcon.colcon_core.package_identification:_identify(src/robot_trajectory) by extensions ['colcon_meta']
[0.194s] Level 1:colcon.colcon_core.package_identification:_identify(src/robot_trajectory) by extension 'colcon_meta'
[0.194s] Level 1:colcon.colcon_core.package_identification:_identify(src/robot_trajectory) by extensions ['ros']
[0.194s] Level 1:colcon.colcon_core.package_identification:_identify(src/robot_trajectory) by extension 'ros'
[0.195s] DEBUG:colcon.colcon_core.package_identification:Package 'src/robot_trajectory' with type 'ros.ament_cmake' and name 'robot_trajectory'
[0.195s] Level 1:colcon.colcon_core.package_discovery:discover_packages(recursive) using defaults
[0.195s] Level 1:colcon.colcon_core.package_discovery:discover_packages(ignore) discover
[0.195s] Level 1:colcon.colcon_core.package_discovery:discover_packages(ignore) using defaults
[0.195s] Level 1:colcon.colcon_core.package_discovery:discover_packages(path) discover
[0.195s] Level 1:colcon.colcon_core.package_discovery:discover_packages(path) using defaults
[0.214s] Level 1:colcon.colcon_core.package_discovery:discover_packages(prefix_path) check parameters
[0.214s] Level 1:colcon.colcon_core.package_discovery:discover_packages(prefix_path) discover
[0.221s] DEBUG:colcon.colcon_installed_package_information.package_discovery:Found 2 installed packages in /home/usuario/Documentos/GitHub/IR2117/tb3_ws/install
[0.224s] DEBUG:colcon.colcon_installed_package_information.package_discovery:Found 1 installed packages in /home/usuario/Documentos/GitHub/IR2117/tb3_ws/src/install
[0.226s] DEBUG:colcon.colcon_installed_package_information.package_discovery:Found 272 installed packages in /opt/ros/foxy
[0.228s] Level 1:colcon.colcon_core.package_discovery:discover_packages(prefix_path) using defaults
[0.274s] Level 5:colcon.colcon_core.verb:set package 'obstacles' build argument 'cmake_args' from command line to 'None'
[0.275s] Level 5:colcon.colcon_core.verb:set package 'obstacles' build argument 'cmake_target' from command line to 'None'
[0.275s] Level 5:colcon.colcon_core.verb:set package 'obstacles' build argument 'cmake_target_skip_unavailable' from command line to 'False'
[0.275s] Level 5:colcon.colcon_core.verb:set package 'obstacles' build argument 'cmake_clean_cache' from command line to 'False'
[0.275s] Level 5:colcon.colcon_core.verb:set package 'obstacles' build argument 'cmake_clean_first' from command line to 'False'
[0.275s] Level 5:colcon.colcon_core.verb:set package 'obstacles' build argument 'cmake_force_configure' from command line to 'False'
[0.275s] Level 5:colcon.colcon_core.verb:set package 'obstacles' build argument 'ament_cmake_args' from command line to 'None'
[0.275s] Level 5:colcon.colcon_core.verb:set package 'obstacles' build argument 'catkin_cmake_args' from command line to 'None'
[0.275s] Level 5:colcon.colcon_core.verb:set package 'obstacles' build argument 'catkin_skip_building_tests' from command line to 'False'
[0.275s] DEBUG:colcon.colcon_core.verb:Building package 'obstacles' with the following arguments: {'ament_cmake_args': None, 'build_base': '/home/usuario/Documentos/GitHub/IR2117/tb3_ws/build/obstacles', 'catkin_cmake_args': None, 'catkin_skip_building_tests': False, 'cmake_args': None, 'cmake_clean_cache': False, 'cmake_clean_first': False, 'cmake_force_configure': False, 'cmake_target': None, 'cmake_target_skip_unavailable': False, 'install_base': '/home/usuario/Documentos/GitHub/IR2117/tb3_ws/install/obstacles', 'merge_install': False, 'path': '/home/usuario/Documentos/GitHub/IR2117/tb3_ws/src/obstacles', 'symlink_install': False, 'test_result_base': None}
[0.276s] Level 5:colcon.colcon_core.verb:set package 'olympic' build argument 'cmake_args' from command line to 'None'
[0.276s] Level 5:colcon.colcon_core.verb:set package 'olympic' build argument 'cmake_target' from command line to 'None'
[0.276s] Level 5:colcon.colcon_core.verb:set package 'olympic' build argument 'cmake_target_skip_unavailable' from command line to 'False'
[0.276s] Level 5:colcon.colcon_core.verb:set package 'olympic' build argument 'cmake_clean_cache' from command line to 'False'
[0.276s] Level 5:colcon.colcon_core.verb:set package 'olympic' build argument 'cmake_clean_first' from command line to 'False'
[0.276s] Level 5:colcon.colcon_core.verb:set package 'olympic' build argument 'cmake_force_configure' from command line to 'False'
[0.276s] Level 5:colcon.colcon_core.verb:set package 'olympic' build argument 'ament_cmake_args' from command line to 'None'
[0.276s] Level 5:colcon.colcon_core.verb:set package 'olympic' build argument 'catkin_cmake_args' from command line to 'None'
[0.276s] Level 5:colcon.colcon_core.verb:set package 'olympic' build argument 'catkin_skip_building_tests' from command line to 'False'
[0.276s] DEBUG:colcon.colcon_core.verb:Building package 'olympic' with the following arguments: {'ament_cmake_args': None, 'build_base': '/home/usuario/Documentos/GitHub/IR2117/tb3_ws/build/olympic', 'catkin_cmake_args': None, 'catkin_skip_building_tests': False, 'cmake_args': None, 'cmake_clean_cache': False, 'cmake_clean_first': False, 'cmake_force_configure': False, 'cmake_target': None, 'cmake_target_skip_unavailable': False, 'install_base': '/home/usuario/Documentos/GitHub/IR2117/tb3_ws/install/olympic', 'merge_install': False, 'path': '/home/usuario/Documentos/GitHub/IR2117/tb3_ws/src/olympic', 'symlink_install': False, 'test_result_base': None}
[0.277s] Level 5:colcon.colcon_core.verb:set package 'olympic_interfaces' build argument 'cmake_args' from command line to 'None'
[0.277s] Level 5:colcon.colcon_core.verb:set package 'olympic_interfaces' build argument 'cmake_target' from command line to 'None'
[0.277s] Level 5:colcon.colcon_core.verb:set package 'olympic_interfaces' build argument 'cmake_target_skip_unavailable' from command line to 'False'
[0.277s] Level 5:colcon.colcon_core.verb:set package 'olympic_interfaces' build argument 'cmake_clean_cache' from command line to 'False'
[0.277s] Level 5:colcon.colcon_core.verb:set package 'olympic_interfaces' build argument 'cmake_clean_first' from command line to 'False'
[0.277s] Level 5:colcon.colcon_core.verb:set package 'olympic_interfaces' build argument 'cmake_force_configure' from command line to 'False'
[0.277s] Level 5:colcon.colcon_core.verb:set package 'olympic_interfaces' build argument 'ament_cmake_args' from command line to 'None'
[0.277s] Level 5:colcon.colcon_core.verb:set package 'olympic_interfaces' build argument 'catkin_cmake_args' from command line to 'None'
[0.277s] Level 5:colcon.colcon_core.verb:set package 'olympic_interfaces' build argument 'catkin_skip_building_tests' from command line to 'False'
[0.277s] DEBUG:colcon.colcon_core.verb:Building package 'olympic_interfaces' with the following arguments: {'ament_cmake_args': None, 'build_base': '/home/usuario/Documentos/GitHub/IR2117/tb3_ws/build/olympic_interfaces', 'catkin_cmake_args': None, 'catkin_skip_building_tests': False, 'cmake_args': None, 'cmake_clean_cache': False, 'cmake_clean_first': False, 'cmake_force_configure': False, 'cmake_target': None, 'cmake_target_skip_unavailable': False, 'install_base': '/home/usuario/Documentos/GitHub/IR2117/tb3_ws/install/olympic_interfaces', 'merge_install': False, 'path': '/home/usuario/Documentos/GitHub/IR2117/tb3_ws/src/olympic_interfaces', 'symlink_install': False, 'test_result_base': None}
[0.278s] Level 5:colcon.colcon_core.verb:set package 'robot_trajectory' build argument 'cmake_args' from command line to 'None'
[0.279s] Level 5:colcon.colcon_core.verb:set package 'robot_trajectory' build argument 'cmake_target' from command line to 'None'
[0.279s] Level 5:colcon.colcon_core.verb:set package 'robot_trajectory' build argument 'cmake_target_skip_unavailable' from command line to 'False'
[0.279s] Level 5:colcon.colcon_core.verb:set package 'robot_trajectory' build argument 'cmake_clean_cache' from command line to 'False'
[0.279s] Level 5:colcon.colcon_core.verb:set package 'robot_trajectory' build argument 'cmake_clean_first' from command line to 'False'
[0.279s] Level 5:colcon.colcon_core.verb:set package 'robot_trajectory' build argument 'cmake_force_configure' from command line to 'False'
[0.279s] Level 5:colcon.colcon_core.verb:set package 'robot_trajectory' build argument 'ament_cmake_args' from command line to 'None'
[0.279s] Level 5:colcon.colcon_core.verb:set package 'robot_trajectory' build argument 'catkin_cmake_args' from command line to 'None'
[0.279s] Level 5:colcon.colcon_core.verb:set package 'robot_trajectory' build argument 'catkin_skip_building_tests' from command line to 'False'
[0.279s] DEBUG:colcon.colcon_core.verb:Building package 'robot_trajectory' with the following arguments: {'ament_cmake_args': None, 'build_base': '/home/usuario/Documentos/GitHub/IR2117/tb3_ws/build/robot_trajectory', 'catkin_cmake_args': None, 'catkin_skip_building_tests': False, 'cmake_args': None, 'cmake_clean_cache': False, 'cmake_clean_first': False, 'cmake_force_configure': False, 'cmake_target': None, 'cmake_target_skip_unavailable': False, 'install_base': '/home/usuario/Documentos/GitHub/IR2117/tb3_ws/install/robot_trajectory', 'merge_install': False, 'path': '/home/usuario/Documentos/GitHub/IR2117/tb3_ws/src/robot_trajectory', 'symlink_install': False, 'test_result_base': None}
[0.280s] INFO:colcon.colcon_core.executor:Executing jobs using 'parallel' executor
[0.285s] DEBUG:colcon.colcon_parallel_executor.executor.parallel:run_until_complete
[0.285s] INFO:colcon.colcon_ros.task.ament_cmake.build:Building ROS package in '/home/usuario/Documentos/GitHub/IR2117/tb3_ws/src/obstacles' with build type 'ament_cmake'
[0.285s] INFO:colcon.colcon_cmake.task.cmake.build:Building CMake package in '/home/usuario/Documentos/GitHub/IR2117/tb3_ws/src/obstacles'
[0.290s] INFO:colcon.colcon_core.plugin_system:Skipping extension 'colcon_core.shell.bat': Not used on non-Windows systems
[0.290s] INFO:colcon.colcon_core.shell:Skip shell extension 'powershell' for command environment: Not usable outside of PowerShell
[0.290s] DEBUG:colcon.colcon_core.shell:Skip shell extension 'dsv' for command environment
[0.301s] INFO:colcon.colcon_ros.task.ament_cmake.build:Building ROS package in '/home/usuario/Documentos/GitHub/IR2117/tb3_ws/src/olympic' with build type 'ament_cmake'
[0.301s] INFO:colcon.colcon_cmake.task.cmake.build:Building CMake package in '/home/usuario/Documentos/GitHub/IR2117/tb3_ws/src/olympic'
[0.304s] INFO:colcon.colcon_core.shell:Skip shell extension 'powershell' for command environment: Not usable outside of PowerShell
[0.304s] DEBUG:colcon.colcon_core.shell:Skip shell extension 'dsv' for command environment
[0.313s] INFO:colcon.colcon_ros.task.ament_cmake.build:Building ROS package in '/home/usuario/Documentos/GitHub/IR2117/tb3_ws/src/olympic_interfaces' with build type 'ament_cmake'
[0.313s] INFO:colcon.colcon_cmake.task.cmake.build:Building CMake package in '/home/usuario/Documentos/GitHub/IR2117/tb3_ws/src/olympic_interfaces'
[0.315s] INFO:colcon.colcon_core.shell:Skip shell extension 'powershell' for command environment: Not usable outside of PowerShell
[0.315s] DEBUG:colcon.colcon_core.shell:Skip shell extension 'dsv' for command environment
[0.324s] INFO:colcon.colcon_ros.task.ament_cmake.build:Building ROS package in '/home/usuario/Documentos/GitHub/IR2117/tb3_ws/src/robot_trajectory' with build type 'ament_cmake'
[0.324s] INFO:colcon.colcon_cmake.task.cmake.build:Building CMake package in '/home/usuario/Documentos/GitHub/IR2117/tb3_ws/src/robot_trajectory'
[0.326s] INFO:colcon.colcon_core.shell:Skip shell extension 'powershell' for command environment: Not usable outside of PowerShell
[0.326s] DEBUG:colcon.colcon_core.shell:Skip shell extension 'dsv' for command environment
[0.340s] DEBUG:colcon.colcon_core.event_handler.log_command:Invoking command in '/home/usuario/Documentos/GitHub/IR2117/tb3_ws/build/obstacles': CMAKE_PREFIX_PATH=${CMAKE_PREFIX_PATH}:/opt/ros/foxy /usr/bin/cmake /home/usuario/Documentos/GitHub/IR2117/tb3_ws/src/obstacles -DCMAKE_INSTALL_PREFIX=/home/usuario/Documentos/GitHub/IR2117/tb3_ws/install/obstacles
[0.343s] DEBUG:colcon.colcon_core.event_handler.log_command:Invoking command in '/home/usuario/Documentos/GitHub/IR2117/tb3_ws/build/olympic': CMAKE_PREFIX_PATH=${CMAKE_PREFIX_PATH}:/opt/ros/foxy /usr/bin/cmake --build /home/usuario/Documentos/GitHub/IR2117/tb3_ws/build/olympic -- -j6 -l6
[0.346s] DEBUG:colcon.colcon_core.event_handler.log_command:Invoking command in '/home/usuario/Documentos/GitHub/IR2117/tb3_ws/build/olympic_interfaces': CMAKE_PREFIX_PATH=${CMAKE_PREFIX_PATH}:/opt/ros/foxy /usr/bin/cmake --build /home/usuario/Documentos/GitHub/IR2117/tb3_ws/build/olympic_interfaces -- -j6 -l6
[0.351s] DEBUG:colcon.colcon_core.event_handler.log_command:Invoking command in '/home/usuario/Documentos/GitHub/IR2117/tb3_ws/build/robot_trajectory': CMAKE_PREFIX_PATH=${CMAKE_PREFIX_PATH}:/opt/ros/foxy /usr/bin/cmake --build /home/usuario/Documentos/GitHub/IR2117/tb3_ws/build/robot_trajectory -- -j6 -l6
[0.415s] DEBUG:colcon.colcon_core.event_handler.log_command:Invoked command in '/home/usuario/Documentos/GitHub/IR2117/tb3_ws/build/olympic' returned '0': CMAKE_PREFIX_PATH=${CMAKE_PREFIX_PATH}:/opt/ros/foxy /usr/bin/cmake --build /home/usuario/Documentos/GitHub/IR2117/tb3_ws/build/olympic -- -j6 -l6
[0.425s] DEBUG:colcon.colcon_core.event_handler.log_command:Invoked command in '/home/usuario/Documentos/GitHub/IR2117/tb3_ws/build/robot_trajectory' returned '0': CMAKE_PREFIX_PATH=${CMAKE_PREFIX_PATH}:/opt/ros/foxy /usr/bin/cmake --build /home/usuario/Documentos/GitHub/IR2117/tb3_ws/build/robot_trajectory -- -j6 -l6
[0.437s] DEBUG:colcon.colcon_core.event_handler.log_command:Invoking command in '/home/usuario/Documentos/GitHub/IR2117/tb3_ws/build/olympic': CMAKE_PREFIX_PATH=${CMAKE_PREFIX_PATH}:/opt/ros/foxy /usr/bin/cmake --install /home/usuario/Documentos/GitHub/IR2117/tb3_ws/build/olympic
[0.440s] DEBUG:colcon.colcon_core.event_handler.log_command:Invoking command in '/home/usuario/Documentos/GitHub/IR2117/tb3_ws/build/robot_trajectory': CMAKE_PREFIX_PATH=${CMAKE_PREFIX_PATH}:/opt/ros/foxy /usr/bin/cmake --install /home/usuario/Documentos/GitHub/IR2117/tb3_ws/build/robot_trajectory
[0.464s] Level 1:colcon.colcon_core.environment:create_environment_scripts_only(olympic)
[0.467s] DEBUG:colcon.colcon_core.event_handler.log_command:Invoked command in '/home/usuario/Documentos/GitHub/IR2117/tb3_ws/build/olympic' returned '0': CMAKE_PREFIX_PATH=${CMAKE_PREFIX_PATH}:/opt/ros/foxy /usr/bin/cmake --install /home/usuario/Documentos/GitHub/IR2117/tb3_ws/build/olympic
[0.472s] Level 1:colcon.colcon_core.environment:checking '/home/usuario/Documentos/GitHub/IR2117/tb3_ws/install/olympic' for CMake module files
[0.472s] Level 1:colcon.colcon_core.environment:checking '/home/usuario/Documentos/GitHub/IR2117/tb3_ws/install/olympic' for CMake config files
[0.472s] Level 1:colcon.colcon_core.shell:create_environment_hook('olympic', 'cmake_prefix_path')
[0.474s] INFO:colcon.colcon_core.shell:Creating environment hook '/home/usuario/Documentos/GitHub/IR2117/tb3_ws/install/olympic/share/olympic/hook/cmake_prefix_path.ps1'
[0.475s] INFO:colcon.colcon_core.shell:Creating environment descriptor '/home/usuario/Documentos/GitHub/IR2117/tb3_ws/install/olympic/share/olympic/hook/cmake_prefix_path.dsv'
[0.475s] INFO:colcon.colcon_core.shell:Creating environment hook '/home/usuario/Documentos/GitHub/IR2117/tb3_ws/install/olympic/share/olympic/hook/cmake_prefix_path.sh'
[0.476s] Level 1:colcon.colcon_core.environment:checking '/home/usuario/Documentos/GitHub/IR2117/tb3_ws/install/olympic/lib'
[0.476s] Level 1:colcon.colcon_core.environment:checking '/home/usuario/Documentos/GitHub/IR2117/tb3_ws/install/olympic/bin'
[0.476s] Level 1:colcon.colcon_core.environment:checking '/home/usuario/Documentos/GitHub/IR2117/tb3_ws/install/olympic/lib/pkgconfig/olympic.pc'
[0.476s] Level 1:colcon.colcon_core.environment:checking '/home/usuario/Documentos/GitHub/IR2117/tb3_ws/install/olympic/lib/python3.8/site-packages'
[0.476s] Level 1:colcon.colcon_core.environment:checking '/home/usuario/Documentos/GitHub/IR2117/tb3_ws/install/olympic/bin'
[0.478s] INFO:colcon.colcon_core.shell:Creating package script '/home/usuario/Documentos/GitHub/IR2117/tb3_ws/install/olympic/share/olympic/package.ps1'
[0.479s] INFO:colcon.colcon_core.shell:Creating package descriptor '/home/usuario/Documentos/GitHub/IR2117/tb3_ws/install/olympic/share/olympic/package.dsv'
[0.480s] INFO:colcon.colcon_core.shell:Creating package script '/home/usuario/Documentos/GitHub/IR2117/tb3_ws/install/olympic/share/olympic/package.sh'
[0.480s] INFO:colcon.colcon_core.shell:Creating package script '/home/usuario/Documentos/GitHub/IR2117/tb3_ws/install/olympic/share/olympic/package.bash'
[0.481s] INFO:colcon.colcon_core.shell:Creating package script '/home/usuario/Documentos/GitHub/IR2117/tb3_ws/install/olympic/share/olympic/package.zsh'
[0.481s] Level 1:colcon.colcon_core.environment:create_file_with_runtime_dependencies(/home/usuario/Documentos/GitHub/IR2117/tb3_ws/install/olympic/share/colcon-core/packages/olympic)
[0.484s] Level 1:colcon.colcon_core.environment:create_environment_scripts_only(robot_trajectory)
[0.487s] Level 1:colcon.colcon_core.environment:checking '/home/usuario/Documentos/GitHub/IR2117/tb3_ws/install/robot_trajectory' for CMake module files
[0.487s] DEBUG:colcon.colcon_core.event_handler.log_command:Invoked command in '/home/usuario/Documentos/GitHub/IR2117/tb3_ws/build/robot_trajectory' returned '0': CMAKE_PREFIX_PATH=${CMAKE_PREFIX_PATH}:/opt/ros/foxy /usr/bin/cmake --install /home/usuario/Documentos/GitHub/IR2117/tb3_ws/build/robot_trajectory
[0.487s] Level 1:colcon.colcon_core.environment:checking '/home/usuario/Documentos/GitHub/IR2117/tb3_ws/install/robot_trajectory' for CMake config files
[0.487s] Level 1:colcon.colcon_core.shell:create_environment_hook('robot_trajectory', 'cmake_prefix_path')
[0.489s] INFO:colcon.colcon_core.shell:Creating environment hook '/home/usuario/Documentos/GitHub/IR2117/tb3_ws/install/robot_trajectory/share/robot_trajectory/hook/cmake_prefix_path.ps1'
[0.490s] INFO:colcon.colcon_core.shell:Creating environment descriptor '/home/usuario/Documentos/GitHub/IR2117/tb3_ws/install/robot_trajectory/share/robot_trajectory/hook/cmake_prefix_path.dsv'
[0.490s] INFO:colcon.colcon_core.shell:Creating environment hook '/home/usuario/Documentos/GitHub/IR2117/tb3_ws/install/robot_trajectory/share/robot_trajectory/hook/cmake_prefix_path.sh'
[0.491s] Level 1:colcon.colcon_core.environment:checking '/home/usuario/Documentos/GitHub/IR2117/tb3_ws/install/robot_trajectory/lib'
[0.491s] Level 1:colcon.colcon_core.environment:checking '/home/usuario/Documentos/GitHub/IR2117/tb3_ws/install/robot_trajectory/bin'
[0.491s] Level 1:colcon.colcon_core.environment:checking '/home/usuario/Documentos/GitHub/IR2117/tb3_ws/install/robot_trajectory/lib/pkgconfig/robot_trajectory.pc'
[0.491s] Level 1:colcon.colcon_core.environment:checking '/home/usuario/Documentos/GitHub/IR2117/tb3_ws/install/robot_trajectory/lib/python3.8/site-packages'
[0.491s] Level 1:colcon.colcon_core.environment:checking '/home/usuario/Documentos/GitHub/IR2117/tb3_ws/install/robot_trajectory/bin'
[0.493s] INFO:colcon.colcon_core.shell:Creating package script '/home/usuario/Documentos/GitHub/IR2117/tb3_ws/install/robot_trajectory/share/robot_trajectory/package.ps1'
[0.494s] INFO:colcon.colcon_core.shell:Creating package descriptor '/home/usuario/Documentos/GitHub/IR2117/tb3_ws/install/robot_trajectory/share/robot_trajectory/package.dsv'
[0.494s] INFO:colcon.colcon_core.shell:Creating package script '/home/usuario/Documentos/GitHub/IR2117/tb3_ws/install/robot_trajectory/share/robot_trajectory/package.sh'
[0.494s] INFO:colcon.colcon_core.shell:Creating package script '/home/usuario/Documentos/GitHub/IR2117/tb3_ws/install/robot_trajectory/share/robot_trajectory/package.bash'
[0.494s] INFO:colcon.colcon_core.shell:Creating package script '/home/usuario/Documentos/GitHub/IR2117/tb3_ws/install/robot_trajectory/share/robot_trajectory/package.zsh'
[0.494s] Level 1:colcon.colcon_core.environment:create_file_with_runtime_dependencies(/home/usuario/Documentos/GitHub/IR2117/tb3_ws/install/robot_trajectory/share/colcon-core/packages/robot_trajectory)
[0.511s] Level 1:colcon.colcon_core.environment:create_environment_scripts_only(olympic)
[0.514s] Level 1:colcon.colcon_core.environment:checking '/home/usuario/Documentos/GitHub/IR2117/tb3_ws/install/olympic' for CMake module files
[0.514s] Level 1:colcon.colcon_core.environment:checking '/home/usuario/Documentos/GitHub/IR2117/tb3_ws/install/olympic' for CMake config files
[0.515s] Level 1:colcon.colcon_core.shell:create_environment_hook('olympic', 'cmake_prefix_path')
[0.516s] INFO:colcon.colcon_core.shell:Creating environment hook '/home/usuario/Documentos/GitHub/IR2117/tb3_ws/install/olympic/share/olympic/hook/cmake_prefix_path.ps1'
[0.517s] INFO:colcon.colcon_core.shell:Creating environment descriptor '/home/usuario/Documentos/GitHub/IR2117/tb3_ws/install/olympic/share/olympic/hook/cmake_prefix_path.dsv'
[0.517s] INFO:colcon.colcon_core.shell:Creating environment hook '/home/usuario/Documentos/GitHub/IR2117/tb3_ws/install/olympic/share/olympic/hook/cmake_prefix_path.sh'
[0.518s] Level 1:colcon.colcon_core.environment:checking '/home/usuario/Documentos/GitHub/IR2117/tb3_ws/install/olympic/lib'
[0.518s] Level 1:colcon.colcon_core.environment:checking '/home/usuario/Documentos/GitHub/IR2117/tb3_ws/install/olympic/bin'
[0.518s] Level 1:colcon.colcon_core.environment:checking '/home/usuario/Documentos/GitHub/IR2117/tb3_ws/install/olympic/lib/pkgconfig/olympic.pc'
[0.518s] Level 1:colcon.colcon_core.environment:checking '/home/usuario/Documentos/GitHub/IR2117/tb3_ws/install/olympic/lib/python3.8/site-packages'
[0.518s] Level 1:colcon.colcon_core.environment:checking '/home/usuario/Documentos/GitHub/IR2117/tb3_ws/install/olympic/bin'
[0.520s] INFO:colcon.colcon_core.shell:Creating package script '/home/usuario/Documentos/GitHub/IR2117/tb3_ws/install/olympic/share/olympic/package.ps1'
[0.521s] INFO:colcon.colcon_core.shell:Creating package descriptor '/home/usuario/Documentos/GitHub/IR2117/tb3_ws/install/olympic/share/olympic/package.dsv'
[0.521s] INFO:colcon.colcon_core.shell:Creating package script '/home/usuario/Documentos/GitHub/IR2117/tb3_ws/install/olympic/share/olympic/package.sh'
[0.521s] INFO:colcon.colcon_core.shell:Creating package script '/home/usuario/Documentos/GitHub/IR2117/tb3_ws/install/olympic/share/olympic/package.bash'
[0.521s] INFO:colcon.colcon_core.shell:Creating package script '/home/usuario/Documentos/GitHub/IR2117/tb3_ws/install/olympic/share/olympic/package.zsh'
[0.522s] Level 1:colcon.colcon_core.environment:create_file_with_runtime_dependencies(/home/usuario/Documentos/GitHub/IR2117/tb3_ws/install/olympic/share/colcon-core/packages/olympic)
[0.524s] Level 1:colcon.colcon_core.environment:create_environment_scripts_only(robot_trajectory)
[0.527s] Level 1:colcon.colcon_core.environment:checking '/home/usuario/Documentos/GitHub/IR2117/tb3_ws/install/robot_trajectory' for CMake module files
[0.528s] Level 1:colcon.colcon_core.environment:checking '/home/usuario/Documentos/GitHub/IR2117/tb3_ws/install/robot_trajectory' for CMake config files
[0.528s] Level 1:colcon.colcon_core.shell:create_environment_hook('robot_trajectory', 'cmake_prefix_path')
[0.530s] INFO:colcon.colcon_core.shell:Creating environment hook '/home/usuario/Documentos/GitHub/IR2117/tb3_ws/install/robot_trajectory/share/robot_trajectory/hook/cmake_prefix_path.ps1'
[0.530s] INFO:colcon.colcon_core.shell:Creating environment descriptor '/home/usuario/Documentos/GitHub/IR2117/tb3_ws/install/robot_trajectory/share/robot_trajectory/hook/cmake_prefix_path.dsv'
[0.530s] INFO:colcon.colcon_core.shell:Creating environment hook '/home/usuario/Documentos/GitHub/IR2117/tb3_ws/install/robot_trajectory/share/robot_trajectory/hook/cmake_prefix_path.sh'
[0.531s] Level 1:colcon.colcon_core.environment:checking '/home/usuario/Documentos/GitHub/IR2117/tb3_ws/install/robot_trajectory/lib'
[0.531s] Level 1:colcon.colcon_core.environment:checking '/home/usuario/Documentos/GitHub/IR2117/tb3_ws/install/robot_trajectory/bin'
[0.531s] Level 1:colcon.colcon_core.environment:checking '/home/usuario/Documentos/GitHub/IR2117/tb3_ws/install/robot_trajectory/lib/pkgconfig/robot_trajectory.pc'
[0.531s] Level 1:colcon.colcon_core.environment:checking '/home/usuario/Documentos/GitHub/IR2117/tb3_ws/install/robot_trajectory/lib/python3.8/site-packages'
[0.531s] Level 1:colcon.colcon_core.environment:checking '/home/usuario/Documentos/GitHub/IR2117/tb3_ws/install/robot_trajectory/bin'
[0.533s] INFO:colcon.colcon_core.shell:Creating package script '/home/usuario/Documentos/GitHub/IR2117/tb3_ws/install/robot_trajectory/share/robot_trajectory/package.ps1'
[0.533s] INFO:colcon.colcon_core.shell:Creating package descriptor '/home/usuario/Documentos/GitHub/IR2117/tb3_ws/install/robot_trajectory/share/robot_trajectory/package.dsv'
[0.534s] INFO:colcon.colcon_core.shell:Creating package script '/home/usuario/Documentos/GitHub/IR2117/tb3_ws/install/robot_trajectory/share/robot_trajectory/package.sh'
[0.534s] INFO:colcon.colcon_core.shell:Creating package script '/home/usuario/Documentos/GitHub/IR2117/tb3_ws/install/robot_trajectory/share/robot_trajectory/package.bash'
[0.534s] INFO:colcon.colcon_core.shell:Creating package script '/home/usuario/Documentos/GitHub/IR2117/tb3_ws/install/robot_trajectory/share/robot_trajectory/package.zsh'
[0.534s] Level 1:colcon.colcon_core.environment:create_file_with_runtime_dependencies(/home/usuario/Documentos/GitHub/IR2117/tb3_ws/install/robot_trajectory/share/colcon-core/packages/robot_trajectory)
[0.537s] DEBUG:colcon.colcon_core.event_handler.log_command:Invoked command in '/home/usuario/Documentos/GitHub/IR2117/tb3_ws/build/olympic_interfaces' returned '0': CMAKE_PREFIX_PATH=${CMAKE_PREFIX_PATH}:/opt/ros/foxy /usr/bin/cmake --build /home/usuario/Documentos/GitHub/IR2117/tb3_ws/build/olympic_interfaces -- -j6 -l6
[0.565s] DEBUG:colcon.colcon_core.event_handler.log_command:Invoking command in '/home/usuario/Documentos/GitHub/IR2117/tb3_ws/build/olympic_interfaces': CMAKE_PREFIX_PATH=${CMAKE_PREFIX_PATH}:/opt/ros/foxy /usr/bin/cmake --install /home/usuario/Documentos/GitHub/IR2117/tb3_ws/build/olympic_interfaces
[0.695s] Level 1:colcon.colcon_core.environment:create_environment_scripts_only(olympic_interfaces)
[0.698s] Level 1:colcon.colcon_core.environment:checking '/home/usuario/Documentos/GitHub/IR2117/tb3_ws/install/olympic_interfaces' for CMake module files
[0.699s] DEBUG:colcon.colcon_core.event_handler.log_command:Invoked command in '/home/usuario/Documentos/GitHub/IR2117/tb3_ws/build/olympic_interfaces' returned '0': CMAKE_PREFIX_PATH=${CMAKE_PREFIX_PATH}:/opt/ros/foxy /usr/bin/cmake --install /home/usuario/Documentos/GitHub/IR2117/tb3_ws/build/olympic_interfaces
[0.699s] Level 1:colcon.colcon_core.environment:checking '/home/usuario/Documentos/GitHub/IR2117/tb3_ws/install/olympic_interfaces' for CMake config files
[0.699s] Level 1:colcon.colcon_core.shell:create_environment_hook('olympic_interfaces', 'cmake_prefix_path')
[0.701s] INFO:colcon.colcon_core.shell:Creating environment hook '/home/usuario/Documentos/GitHub/IR2117/tb3_ws/install/olympic_interfaces/share/olympic_interfaces/hook/cmake_prefix_path.ps1'
[0.702s] INFO:colcon.colcon_core.shell:Creating environment descriptor '/home/usuario/Documentos/GitHub/IR2117/tb3_ws/install/olympic_interfaces/share/olympic_interfaces/hook/cmake_prefix_path.dsv'
[0.702s] INFO:colcon.colcon_core.shell:Creating environment hook '/home/usuario/Documentos/GitHub/IR2117/tb3_ws/install/olympic_interfaces/share/olympic_interfaces/hook/cmake_prefix_path.sh'
[0.703s] Level 1:colcon.colcon_core.environment:checking '/home/usuario/Documentos/GitHub/IR2117/tb3_ws/install/olympic_interfaces/lib'
[0.703s] Level 1:colcon.colcon_core.shell:create_environment_hook('olympic_interfaces', 'ld_library_path_lib')
[0.705s] INFO:colcon.colcon_core.shell:Creating environment hook '/home/usuario/Documentos/GitHub/IR2117/tb3_ws/install/olympic_interfaces/share/olympic_interfaces/hook/ld_library_path_lib.ps1'
[0.706s] INFO:colcon.colcon_core.shell:Creating environment descriptor '/home/usuario/Documentos/GitHub/IR2117/tb3_ws/install/olympic_interfaces/share/olympic_interfaces/hook/ld_library_path_lib.dsv'
[0.706s] INFO:colcon.colcon_core.shell:Creating environment hook '/home/usuario/Documentos/GitHub/IR2117/tb3_ws/install/olympic_interfaces/share/olympic_interfaces/hook/ld_library_path_lib.sh'
[0.707s] Level 1:colcon.colcon_core.environment:checking '/home/usuario/Documentos/GitHub/IR2117/tb3_ws/install/olympic_interfaces/bin'
[0.707s] Level 1:colcon.colcon_core.environment:checking '/home/usuario/Documentos/GitHub/IR2117/tb3_ws/install/olympic_interfaces/lib/pkgconfig/olympic_interfaces.pc'
[0.707s] Level 1:colcon.colcon_core.environment:checking '/home/usuario/Documentos/GitHub/IR2117/tb3_ws/install/olympic_interfaces/lib/python3.8/site-packages'
[0.707s] Level 1:colcon.colcon_core.shell:create_environment_hook('olympic_interfaces', 'pythonpath')
[0.710s] INFO:colcon.colcon_core.shell:Creating environment hook '/home/usuario/Documentos/GitHub/IR2117/tb3_ws/install/olympic_interfaces/share/olympic_interfaces/hook/pythonpath.ps1'
[0.710s] INFO:colcon.colcon_core.shell:Creating environment descriptor '/home/usuario/Documentos/GitHub/IR2117/tb3_ws/install/olympic_interfaces/share/olympic_interfaces/hook/pythonpath.dsv'
[0.710s] INFO:colcon.colcon_core.shell:Creating environment hook '/home/usuario/Documentos/GitHub/IR2117/tb3_ws/install/olympic_interfaces/share/olympic_interfaces/hook/pythonpath.sh'
[0.711s] Level 1:colcon.colcon_core.environment:checking '/home/usuario/Documentos/GitHub/IR2117/tb3_ws/install/olympic_interfaces/bin'
[0.713s] INFO:colcon.colcon_core.shell:Creating package script '/home/usuario/Documentos/GitHub/IR2117/tb3_ws/install/olympic_interfaces/share/olympic_interfaces/package.ps1'
[0.714s] INFO:colcon.colcon_core.shell:Creating package descriptor '/home/usuario/Documentos/GitHub/IR2117/tb3_ws/install/olympic_interfaces/share/olympic_interfaces/package.dsv'
[0.714s] INFO:colcon.colcon_core.shell:Creating package script '/home/usuario/Documentos/GitHub/IR2117/tb3_ws/install/olympic_interfaces/share/olympic_interfaces/package.sh'
[0.715s] INFO:colcon.colcon_core.shell:Creating package script '/home/usuario/Documentos/GitHub/IR2117/tb3_ws/install/olympic_interfaces/share/olympic_interfaces/package.bash'
[0.716s] INFO:colcon.colcon_core.shell:Creating package script '/home/usuario/Documentos/GitHub/IR2117/tb3_ws/install/olympic_interfaces/share/olympic_interfaces/package.zsh'
[0.716s] Level 1:colcon.colcon_core.environment:create_file_with_runtime_dependencies(/home/usuario/Documentos/GitHub/IR2117/tb3_ws/install/olympic_interfaces/share/colcon-core/packages/olympic_interfaces)
[0.748s] Level 1:colcon.colcon_core.environment:create_environment_scripts_only(olympic_interfaces)
[0.751s] Level 1:colcon.colcon_core.environment:checking '/home/usuario/Documentos/GitHub/IR2117/tb3_ws/install/olympic_interfaces' for CMake module files
[0.752s] Level 1:colcon.colcon_core.environment:checking '/home/usuario/Documentos/GitHub/IR2117/tb3_ws/install/olympic_interfaces' for CMake config files
[0.752s] Level 1:colcon.colcon_core.shell:create_environment_hook('olympic_interfaces', 'cmake_prefix_path')
[0.754s] INFO:colcon.colcon_core.shell:Creating environment hook '/home/usuario/Documentos/GitHub/IR2117/tb3_ws/install/olympic_interfaces/share/olympic_interfaces/hook/cmake_prefix_path.ps1'
[0.756s] INFO:colcon.colcon_core.shell:Creating environment descriptor '/home/usuario/Documentos/GitHub/IR2117/tb3_ws/install/olympic_interfaces/share/olympic_interfaces/hook/cmake_prefix_path.dsv'
[0.756s] INFO:colcon.colcon_core.shell:Creating environment hook '/home/usuario/Documentos/GitHub/IR2117/tb3_ws/install/olympic_interfaces/share/olympic_interfaces/hook/cmake_prefix_path.sh'
[0.757s] Level 1:colcon.colcon_core.environment:checking '/home/usuario/Documentos/GitHub/IR2117/tb3_ws/install/olympic_interfaces/lib'
[0.757s] Level 1:colcon.colcon_core.shell:create_environment_hook('olympic_interfaces', 'ld_library_path_lib')
[0.759s] INFO:colcon.colcon_core.shell:Creating environment hook '/home/usuario/Documentos/GitHub/IR2117/tb3_ws/install/olympic_interfaces/share/olympic_interfaces/hook/ld_library_path_lib.ps1'
[0.760s] INFO:colcon.colcon_core.shell:Creating environment descriptor '/home/usuario/Documentos/GitHub/IR2117/tb3_ws/install/olympic_interfaces/share/olympic_interfaces/hook/ld_library_path_lib.dsv'
[0.761s] INFO:colcon.colcon_core.shell:Creating environment hook '/home/usuario/Documentos/GitHub/IR2117/tb3_ws/install/olympic_interfaces/share/olympic_interfaces/hook/ld_library_path_lib.sh'
[0.761s] Level 1:colcon.colcon_core.environment:checking '/home/usuario/Documentos/GitHub/IR2117/tb3_ws/install/olympic_interfaces/bin'
[0.761s] Level 1:colcon.colcon_core.environment:checking '/home/usuario/Documentos/GitHub/IR2117/tb3_ws/install/olympic_interfaces/lib/pkgconfig/olympic_interfaces.pc'
[0.761s] Level 1:colcon.colcon_core.environment:checking '/home/usuario/Documentos/GitHub/IR2117/tb3_ws/install/olympic_interfaces/lib/python3.8/site-packages'
[0.761s] Level 1:colcon.colcon_core.shell:create_environment_hook('olympic_interfaces', 'pythonpath')
[0.764s] INFO:colcon.colcon_core.shell:Creating environment hook '/home/usuario/Documentos/GitHub/IR2117/tb3_ws/install/olympic_interfaces/share/olympic_interfaces/hook/pythonpath.ps1'
[0.764s] INFO:colcon.colcon_core.shell:Creating environment descriptor '/home/usuario/Documentos/GitHub/IR2117/tb3_ws/install/olympic_interfaces/share/olympic_interfaces/hook/pythonpath.dsv'
[0.765s] INFO:colcon.colcon_core.shell:Creating environment hook '/home/usuario/Documentos/GitHub/IR2117/tb3_ws/install/olympic_interfaces/share/olympic_interfaces/hook/pythonpath.sh'
[0.765s] Level 1:colcon.colcon_core.environment:checking '/home/usuario/Documentos/GitHub/IR2117/tb3_ws/install/olympic_interfaces/bin'
[0.768s] INFO:colcon.colcon_core.shell:Creating package script '/home/usuario/Documentos/GitHub/IR2117/tb3_ws/install/olympic_interfaces/share/olympic_interfaces/package.ps1'
[0.769s] INFO:colcon.colcon_core.shell:Creating package descriptor '/home/usuario/Documentos/GitHub/IR2117/tb3_ws/install/olympic_interfaces/share/olympic_interfaces/package.dsv'
[0.769s] INFO:colcon.colcon_core.shell:Creating package script '/home/usuario/Documentos/GitHub/IR2117/tb3_ws/install/olympic_interfaces/share/olympic_interfaces/package.sh'
[0.770s] INFO:colcon.colcon_core.shell:Creating package script '/home/usuario/Documentos/GitHub/IR2117/tb3_ws/install/olympic_interfaces/share/olympic_interfaces/package.bash'
[0.770s] INFO:colcon.colcon_core.shell:Creating package script '/home/usuario/Documentos/GitHub/IR2117/tb3_ws/install/olympic_interfaces/share/olympic_interfaces/package.zsh'
[0.770s] Level 1:colcon.colcon_core.environment:create_file_with_runtime_dependencies(/home/usuario/Documentos/GitHub/IR2117/tb3_ws/install/olympic_interfaces/share/colcon-core/packages/olympic_interfaces)
[1.034s] DEBUG:colcon.colcon_core.event_handler.log_command:Invoked command in '/home/usuario/Documentos/GitHub/IR2117/tb3_ws/build/obstacles' returned '0': CMAKE_PREFIX_PATH=${CMAKE_PREFIX_PATH}:/opt/ros/foxy /usr/bin/cmake /home/usuario/Documentos/GitHub/IR2117/tb3_ws/src/obstacles -DCMAKE_INSTALL_PREFIX=/home/usuario/Documentos/GitHub/IR2117/tb3_ws/install/obstacles
[1.036s] DEBUG:colcon.colcon_core.event_handler.log_command:Invoking command in '/home/usuario/Documentos/GitHub/IR2117/tb3_ws/build/obstacles': CMAKE_PREFIX_PATH=${CMAKE_PREFIX_PATH}:/opt/ros/foxy /usr/bin/cmake --build /home/usuario/Documentos/GitHub/IR2117/tb3_ws/build/obstacles -- -j6 -l6
[5.630s] DEBUG:colcon.colcon_core.event_handler.log_command:Invoked command in '/home/usuario/Documentos/GitHub/IR2117/tb3_ws/build/obstacles' returned '0': CMAKE_PREFIX_PATH=${CMAKE_PREFIX_PATH}:/opt/ros/foxy /usr/bin/cmake --build /home/usuario/Documentos/GitHub/IR2117/tb3_ws/build/obstacles -- -j6 -l6
[5.651s] DEBUG:colcon.colcon_core.event_handler.log_command:Invoking command in '/home/usuario/Documentos/GitHub/IR2117/tb3_ws/build/obstacles': CMAKE_PREFIX_PATH=${CMAKE_PREFIX_PATH}:/opt/ros/foxy /usr/bin/cmake --install /home/usuario/Documentos/GitHub/IR2117/tb3_ws/build/obstacles
[5.680s] Level 1:colcon.colcon_core.environment:create_environment_scripts_only(obstacles)
[5.683s] Level 1:colcon.colcon_core.environment:checking '/home/usuario/Documentos/GitHub/IR2117/tb3_ws/install/obstacles' for CMake module files
[5.684s] DEBUG:colcon.colcon_core.event_handler.log_command:Invoked command in '/home/usuario/Documentos/GitHub/IR2117/tb3_ws/build/obstacles' returned '0': CMAKE_PREFIX_PATH=${CMAKE_PREFIX_PATH}:/opt/ros/foxy /usr/bin/cmake --install /home/usuario/Documentos/GitHub/IR2117/tb3_ws/build/obstacles
[5.684s] Level 1:colcon.colcon_core.environment:checking '/home/usuario/Documentos/GitHub/IR2117/tb3_ws/install/obstacles' for CMake config files
[5.684s] Level 1:colcon.colcon_core.shell:create_environment_hook('obstacles', 'cmake_prefix_path')
[5.687s] INFO:colcon.colcon_core.shell:Creating environment hook '/home/usuario/Documentos/GitHub/IR2117/tb3_ws/install/obstacles/share/obstacles/hook/cmake_prefix_path.ps1'
[5.687s] INFO:colcon.colcon_core.shell:Creating environment descriptor '/home/usuario/Documentos/GitHub/IR2117/tb3_ws/install/obstacles/share/obstacles/hook/cmake_prefix_path.dsv'
[5.688s] INFO:colcon.colcon_core.shell:Creating environment hook '/home/usuario/Documentos/GitHub/IR2117/tb3_ws/install/obstacles/share/obstacles/hook/cmake_prefix_path.sh'
[5.688s] Level 1:colcon.colcon_core.environment:checking '/home/usuario/Documentos/GitHub/IR2117/tb3_ws/install/obstacles/lib'
[5.688s] Level 1:colcon.colcon_core.environment:checking '/home/usuario/Documentos/GitHub/IR2117/tb3_ws/install/obstacles/bin'
[5.688s] Level 1:colcon.colcon_core.environment:checking '/home/usuario/Documentos/GitHub/IR2117/tb3_ws/install/obstacles/lib/pkgconfig/obstacles.pc'
[5.688s] Level 1:colcon.colcon_core.environment:checking '/home/usuario/Documentos/GitHub/IR2117/tb3_ws/install/obstacles/lib/python3.8/site-packages'
[5.688s] Level 1:colcon.colcon_core.environment:checking '/home/usuario/Documentos/GitHub/IR2117/tb3_ws/install/obstacles/bin'
[5.691s] INFO:colcon.colcon_core.shell:Creating package script '/home/usuario/Documentos/GitHub/IR2117/tb3_ws/install/obstacles/share/obstacles/package.ps1'
[5.691s] INFO:colcon.colcon_core.shell:Creating package descriptor '/home/usuario/Documentos/GitHub/IR2117/tb3_ws/install/obstacles/share/obstacles/package.dsv'
[5.692s] INFO:colcon.colcon_core.shell:Creating package script '/home/usuario/Documentos/GitHub/IR2117/tb3_ws/install/obstacles/share/obstacles/package.sh'
[5.692s] INFO:colcon.colcon_core.shell:Creating package script '/home/usuario/Documentos/GitHub/IR2117/tb3_ws/install/obstacles/share/obstacles/package.bash'
[5.692s] INFO:colcon.colcon_core.shell:Creating package script '/home/usuario/Documentos/GitHub/IR2117/tb3_ws/install/obstacles/share/obstacles/package.zsh'
[5.693s] Level 1:colcon.colcon_core.environment:create_file_with_runtime_dependencies(/home/usuario/Documentos/GitHub/IR2117/tb3_ws/install/obstacles/share/colcon-core/packages/obstacles)
[5.712s] Level 1:colcon.colcon_core.environment:create_environment_scripts_only(obstacles)
[5.716s] Level 1:colcon.colcon_core.environment:checking '/home/usuario/Documentos/GitHub/IR2117/tb3_ws/install/obstacles' for CMake module files
[5.716s] Level 1:colcon.colcon_core.environment:checking '/home/usuario/Documentos/GitHub/IR2117/tb3_ws/install/obstacles' for CMake config files
[5.716s] Level 1:colcon.colcon_core.shell:create_environment_hook('obstacles', 'cmake_prefix_path')
[5.719s] INFO:colcon.colcon_core.shell:Creating environment hook '/home/usuario/Documentos/GitHub/IR2117/tb3_ws/install/obstacles/share/obstacles/hook/cmake_prefix_path.ps1'
[5.719s] INFO:colcon.colcon_core.shell:Creating environment descriptor '/home/usuario/Documentos/GitHub/IR2117/tb3_ws/install/obstacles/share/obstacles/hook/cmake_prefix_path.dsv'
[5.720s] INFO:colcon.colcon_core.shell:Creating environment hook '/home/usuario/Documentos/GitHub/IR2117/tb3_ws/install/obstacles/share/obstacles/hook/cmake_prefix_path.sh'
[5.720s] Level 1:colcon.colcon_core.environment:checking '/home/usuario/Documentos/GitHub/IR2117/tb3_ws/install/obstacles/lib'
[5.720s] Level 1:colcon.colcon_core.environment:checking '/home/usuario/Documentos/GitHub/IR2117/tb3_ws/install/obstacles/bin'
[5.720s] Level 1:colcon.colcon_core.environment:checking '/home/usuario/Documentos/GitHub/IR2117/tb3_ws/install/obstacles/lib/pkgconfig/obstacles.pc'
[5.721s] Level 1:colcon.colcon_core.environment:checking '/home/usuario/Documentos/GitHub/IR2117/tb3_ws/install/obstacles/lib/python3.8/site-packages'
[5.721s] Level 1:colcon.colcon_core.environment:checking '/home/usuario/Documentos/GitHub/IR2117/tb3_ws/install/obstacles/bin'
[5.723s] INFO:colcon.colcon_core.shell:Creating package script '/home/usuario/Documentos/GitHub/IR2117/tb3_ws/install/obstacles/share/obstacles/package.ps1'
[5.724s] INFO:colcon.colcon_core.shell:Creating package descriptor '/home/usuario/Documentos/GitHub/IR2117/tb3_ws/install/obstacles/share/obstacles/package.dsv'
[5.724s] INFO:colcon.colcon_core.shell:Creating package script '/home/usuario/Documentos/GitHub/IR2117/tb3_ws/install/obstacles/share/obstacles/package.sh'
[5.725s] INFO:colcon.colcon_core.shell:Creating package script '/home/usuario/Documentos/GitHub/IR2117/tb3_ws/install/obstacles/share/obstacles/package.bash'
[5.725s] INFO:colcon.colcon_core.shell:Creating package script '/home/usuario/Documentos/GitHub/IR2117/tb3_ws/install/obstacles/share/obstacles/package.zsh'
[5.725s] Level 1:colcon.colcon_core.environment:create_file_with_runtime_dependencies(/home/usuario/Documentos/GitHub/IR2117/tb3_ws/install/obstacles/share/colcon-core/packages/obstacles)
[5.726s] DEBUG:colcon.colcon_parallel_executor.executor.parallel:closing loop
[5.726s] DEBUG:colcon.colcon_parallel_executor.executor.parallel:loop closed
[5.726s] DEBUG:colcon.colcon_parallel_executor.executor.parallel:run_until_complete finished with '0'
[5.727s] DEBUG:colcon.colcon_core.event_reactor:joining thread
[5.732s] INFO:colcon.colcon_core.plugin_system:Skipping extension 'colcon_notification.desktop_notification.terminal_notifier': Not used on non-Darwin systems
[5.732s] INFO:colcon.colcon_core.plugin_system:Skipping extension 'colcon_notification.desktop_notification.win32': Not used on non-Windows systems
[5.732s] INFO:colcon.colcon_notification.desktop_notification:Sending desktop notification using 'notify2'
[5.746s] DEBUG:colcon.colcon_core.event_reactor:joined thread
[5.748s] INFO:colcon.colcon_core.shell:Creating prefix script '/home/usuario/Documentos/GitHub/IR2117/tb3_ws/install/local_setup.ps1'
[5.749s] INFO:colcon.colcon_core.shell:Creating prefix util module '/home/usuario/Documentos/GitHub/IR2117/tb3_ws/install/_local_setup_util_ps1.py'
[5.750s] INFO:colcon.colcon_core.shell:Creating prefix chain script '/home/usuario/Documentos/GitHub/IR2117/tb3_ws/install/setup.ps1'
[5.753s] INFO:colcon.colcon_core.shell:Creating prefix script '/home/usuario/Documentos/GitHub/IR2117/tb3_ws/install/local_setup.sh'
[5.753s] INFO:colcon.colcon_core.shell:Creating prefix util module '/home/usuario/Documentos/GitHub/IR2117/tb3_ws/install/_local_setup_util_sh.py'
[5.754s] INFO:colcon.colcon_core.shell:Creating prefix chain script '/home/usuario/Documentos/GitHub/IR2117/tb3_ws/install/setup.sh'
[5.756s] INFO:colcon.colcon_core.shell:Creating prefix script '/home/usuario/Documentos/GitHub/IR2117/tb3_ws/install/local_setup.bash'
[5.757s] INFO:colcon.colcon_core.shell:Creating prefix chain script '/home/usuario/Documentos/GitHub/IR2117/tb3_ws/install/setup.bash'
[5.758s] INFO:colcon.colcon_core.shell:Creating prefix script '/home/usuario/Documentos/GitHub/IR2117/tb3_ws/install/local_setup.zsh'
[5.759s] INFO:colcon.colcon_core.shell:Creating prefix chain script '/home/usuario/Documentos/GitHub/IR2117/tb3_ws/install/setup.zsh'
