[0.025s] Invoking command in '/home/usuario/Documentos/GitHub/IR2117/ros2_ws/src/build/examples_sum': CMAKE_PREFIX_PATH=/opt/ros/foxy /usr/bin/cmake --build /home/usuario/Documentos/GitHub/IR2117/ros2_ws/src/build/examples_sum -- -j6 -l6
[0.061s] [ 50%] [32mBuilding CXX object CMakeFiles/sum.dir/sum.cpp.o[0m
[4.098s] [100%] [32m[1mLinking CXX executable sum[0m
[4.526s] [100%] Built target sum
[4.537s] Invoked command in '/home/usuario/Documentos/GitHub/IR2117/ros2_ws/src/build/examples_sum' returned '0': CMAKE_PREFIX_PATH=/opt/ros/foxy /usr/bin/cmake --build /home/usuario/Documentos/GitHub/IR2117/ros2_ws/src/build/examples_sum -- -j6 -l6
[4.563s] Invoking command in '/home/usuario/Documentos/GitHub/IR2117/ros2_ws/src/build/examples_sum': CMAKE_PREFIX_PATH=/opt/ros/foxy /usr/bin/cmake --install /home/usuario/Documentos/GitHub/IR2117/ros2_ws/src/build/examples_sum
[4.576s] -- Install configuration: ""
[4.576s] -- Installing: /home/usuario/Documentos/GitHub/IR2117/ros2_ws/src/install/examples_sum/lib/examples_sum/sum
[4.604s] -- Set runtime path of "/home/usuario/Documentos/GitHub/IR2117/ros2_ws/src/install/examples_sum/lib/examples_sum/sum" to ""
[4.604s] -- Installing: /home/usuario/Documentos/GitHub/IR2117/ros2_ws/src/install/examples_sum/share/ament_index/resource_index/package_run_dependencies/examples_sum
[4.604s] -- Installing: /home/usuario/Documentos/GitHub/IR2117/ros2_ws/src/install/examples_sum/share/ament_index/resource_index/parent_prefix_path/examples_sum
[4.605s] -- Installing: /home/usuario/Documentos/GitHub/IR2117/ros2_ws/src/install/examples_sum/share/examples_sum/environment/ament_prefix_path.sh
[4.605s] -- Installing: /home/usuario/Documentos/GitHub/IR2117/ros2_ws/src/install/examples_sum/share/examples_sum/environment/ament_prefix_path.dsv
[4.605s] -- Installing: /home/usuario/Documentos/GitHub/IR2117/ros2_ws/src/install/examples_sum/share/examples_sum/environment/path.sh
[4.605s] -- Installing: /home/usuario/Documentos/GitHub/IR2117/ros2_ws/src/install/examples_sum/share/examples_sum/environment/path.dsv
[4.606s] -- Installing: /home/usuario/Documentos/GitHub/IR2117/ros2_ws/src/install/examples_sum/share/examples_sum/local_setup.bash
[4.606s] -- Installing: /home/usuario/Documentos/GitHub/IR2117/ros2_ws/src/install/examples_sum/share/examples_sum/local_setup.sh
[4.606s] -- Installing: /home/usuario/Documentos/GitHub/IR2117/ros2_ws/src/install/examples_sum/share/examples_sum/local_setup.zsh
[4.607s] -- Installing: /home/usuario/Documentos/GitHub/IR2117/ros2_ws/src/install/examples_sum/share/examples_sum/local_setup.dsv
[4.607s] -- Installing: /home/usuario/Documentos/GitHub/IR2117/ros2_ws/src/install/examples_sum/share/examples_sum/package.dsv
[4.607s] -- Installing: /home/usuario/Documentos/GitHub/IR2117/ros2_ws/src/install/examples_sum/share/ament_index/resource_index/packages/examples_sum
[4.608s] -- Installing: /home/usuario/Documentos/GitHub/IR2117/ros2_ws/src/install/examples_sum/share/examples_sum/cmake/examples_sumConfig.cmake
[4.608s] -- Installing: /home/usuario/Documentos/GitHub/IR2117/ros2_ws/src/install/examples_sum/share/examples_sum/cmake/examples_sumConfig-version.cmake
[4.608s] -- Installing: /home/usuario/Documentos/GitHub/IR2117/ros2_ws/src/install/examples_sum/share/examples_sum/package.xml
[4.613s] Invoked command in '/home/usuario/Documentos/GitHub/IR2117/ros2_ws/src/build/examples_sum' returned '0': CMAKE_PREFIX_PATH=/opt/ros/foxy /usr/bin/cmake --install /home/usuario/Documentos/GitHub/IR2117/ros2_ws/src/build/examples_sum
